
Date: Fri Jun 24 11:51:00 2022

Setting up job queue from myjobs/jobs_2_diamatches.yaml
Updating job queue dependencies
Processing jobs in serial mode (only one MPI process)
Inserted new job in queue: job(1): find diagram shifts (alt) for diagram/ggtthoneloop.yaml
Updating job queue dependencies
Loading uncrossed integral families from file ./config/integralfamilies.yaml
Initialize integral family 'pentagon2'
Loaded integral family pentagon2
Loaded 1 (uncrossed) integral families
Done loading uncrossed integral families
Using integral family pentagon2 (id reset to 1)
Loading crossings from file ./sectormappings/crossings.yaml
Crossing equivalence: '' -> ''
using crossing x12 (invs: {s24==2*mt^2-s34+s25-s13,s51==s25,s25==s51,s13==2*mt^2-s24+s51-s34}, mom: {p2==p1,p1==p2})
using crossing x12x34 (invs: {s24==s13,s51==s25,s25==s51,s13==s24}, mom: {p2==p1,p4==p3,p1==p2,p3==p4})
using crossing x34 (invs: {s24==2*mt^2-s24+s51-s34,s13==2*mt^2-s34+s25-s13}, mom: {p4==p3,p3==p4})
Crossing equivalence: 'x34' -> 'x34'
Crossing equivalence: 'x12x34' -> 'x12x34'
Crossing equivalence: 'x12' -> 'x12'
Crossing equivalence: '' -> ''
Loaded crossings for kinematics ''
Loaded crossings for 1 kinematics
Done loading crossings
  generated crossed integral family pentagon2x12 (id set to 2)
  generated crossed integral family pentagon2x12x34 (id set to 3)
  generated crossed integral family pentagon2x34 (id set to 4)
Done loading integral families
Updated job queue:
  [p] job(1): find diagram shifts (alt) for diagram/ggtthoneloop.yaml  [dep: ]


Date: Fri Jun 24 11:51:01 2022

Run ID: 8ec89073

Starting job(1): find diagram shifts (alt) for diagram/ggtthoneloop.yaml
Completed Job(1) [Time: 0s, CPU: 0s]
Updating job queue dependencies
Completed jobs in jobqueue

Completed all jobs
Total run time: 1 s
Killing Fermat
