FORM 4.2.1 (Sep  2 2021, v4.2.1-33-g2a37fd2) 64-bits  Run: Tue Jun 21 11:55:54 2022
    #-
 Mat10o1o1 loaded
 Mat10o1o2 loaded
 Mat10o1o3 loaded
 Mat10o1o4 loaded
 Mat10o1o5 loaded
 Mat10o1o6 loaded
 Mat10o1o7 loaded
 Mat10o1o8 loaded
 Mat10o2o1 loaded
 Mat10o2o2 loaded
 Mat10o2o3 loaded
 Mat10o2o4 loaded
 Mat10o2o5 loaded
 Mat10o2o6 loaded
 Mat10o2o7 loaded
 Mat10o2o8 loaded
 Mat10o3o1 loaded
 Mat10o3o2 loaded
 Mat10o3o3 loaded
 Mat10o3o4 loaded
 Mat10o3o5 loaded
 Mat10o3o6 loaded
 Mat10o3o7 loaded
 Mat10o3o8 loaded
 Mat10o4o1 loaded
 Mat10o4o2 loaded
 Mat10o4o3 loaded
 Mat10o4o4 loaded
 Mat10o4o5 loaded
 Mat10o4o6 loaded
 Mat10o4o7 loaded
 Mat10o4o8 loaded
 Mat10o5o1 loaded
 Mat10o5o2 loaded
 Mat10o5o3 loaded
 Mat10o5o4 loaded
 Mat10o5o5 loaded
 Mat10o5o6 loaded
 Mat10o5o7 loaded
 Mat10o5o8 loaded
 Mat10o6o1 loaded
 Mat10o6o2 loaded
 Mat10o6o3 loaded
 Mat10o6o4 loaded
 Mat10o6o5 loaded
 Mat10o6o6 loaded
 Mat10o6o7 loaded
 Mat10o6o8 loaded
 Mat10o7o1 loaded
 Mat10o7o2 loaded
 Mat10o7o3 loaded
 Mat10o7o4 loaded
 Mat10o7o5 loaded
 Mat10o7o6 loaded
 Mat10o7o7 loaded
 Mat10o7o8 loaded
 Mat10o8o1 loaded
 Mat10o8o2 loaded
 Mat10o8o3 loaded
 Mat10o8o4 loaded
 Mat10o8o5 loaded
 Mat10o8o6 loaded
 Mat10o8o7 loaded
 Mat10o8o8 loaded
 Mat10o9o1 loaded
 Mat10o9o2 loaded
 Mat10o9o3 loaded
 Mat10o9o4 loaded
 Mat10o9o5 loaded
 Mat10o9o6 loaded
 Mat10o9o7 loaded
 Mat10o9o8 loaded
 Mat10o10o1 loaded
 Mat10o10o2 loaded
 Mat10o10o3 loaded
 Mat10o10o4 loaded
 Mat10o10o5 loaded
 Mat10o10o6 loaded
 Mat10o10o7 loaded
 Mat10o10o8 loaded
 Mat10o11o1 loaded
 Mat10o11o2 loaded
 Mat10o11o3 loaded
 Mat10o11o4 loaded
 Mat10o11o5 loaded
 Mat10o11o6 loaded
 Mat10o11o7 loaded
 Mat10o11o8 loaded
 Mat10o12o1 loaded
 Mat10o12o2 loaded
 Mat10o12o3 loaded
 Mat10o12o4 loaded
 Mat10o12o5 loaded
 Mat10o12o6 loaded
 Mat10o12o7 loaded
 Mat10o12o8 loaded
 Mat10o13o1 loaded
 Mat10o13o2 loaded
 Mat10o13o3 loaded
 Mat10o13o4 loaded
 Mat10o13o5 loaded
 Mat10o13o6 loaded
 Mat10o13o7 loaded
 Mat10o13o8 loaded
 Mat10o14o1 loaded
 Mat10o14o2 loaded
 Mat10o14o3 loaded
 Mat10o14o4 loaded
 Mat10o14o5 loaded
 Mat10o14o6 loaded
 Mat10o14o7 loaded
 Mat10o14o8 loaded
 Mat10o15o1 loaded
 Mat10o15o2 loaded
 Mat10o15o3 loaded
 Mat10o15o4 loaded
 Mat10o15o5 loaded
 Mat10o15o6 loaded
 Mat10o15o7 loaded
 Mat10o15o8 loaded
 Mat10o16o1 loaded
 Mat10o16o2 loaded
 Mat10o16o3 loaded
 Mat10o16o4 loaded
 Mat10o16o5 loaded
 Mat10o16o6 loaded
 Mat10o16o7 loaded
 Mat10o16o8 loaded
 Mat10o17o1 loaded
 Mat10o17o2 loaded
 Mat10o17o3 loaded
 Mat10o17o4 loaded
 Mat10o17o5 loaded
 Mat10o17o6 loaded
 Mat10o17o7 loaded
 Mat10o17o8 loaded
 Mat10o18o1 loaded
 Mat10o18o2 loaded
 Mat10o18o3 loaded
 Mat10o18o4 loaded
 Mat10o18o5 loaded
 Mat10o18o6 loaded
 Mat10o18o7 loaded
 Mat10o18o8 loaded
 Mat10o19o1 loaded
 Mat10o19o2 loaded
 Mat10o19o3 loaded
 Mat10o19o4 loaded
 Mat10o19o5 loaded
 Mat10o19o6 loaded
 Mat10o19o7 loaded
 Mat10o19o8 loaded
 Mat10o20o1 loaded
 Mat10o20o2 loaded
 Mat10o20o3 loaded
 Mat10o20o4 loaded
 Mat10o20o5 loaded
 Mat10o20o6 loaded
 Mat10o20o7 loaded
 Mat10o20o8 loaded
 Mat10o21o1 loaded
 Mat10o21o2 loaded
 Mat10o21o3 loaded
 Mat10o21o4 loaded
 Mat10o21o5 loaded
 Mat10o21o6 loaded
 Mat10o21o7 loaded
 Mat10o21o8 loaded
 Mat10o22o1 loaded
 Mat10o22o2 loaded
 Mat10o22o3 loaded
 Mat10o22o4 loaded
 Mat10o22o5 loaded
 Mat10o22o6 loaded
 Mat10o22o7 loaded
 Mat10o22o8 loaded
 Mat10o23o1 loaded
 Mat10o23o2 loaded
 Mat10o23o3 loaded
 Mat10o23o4 loaded
 Mat10o23o5 loaded
 Mat10o23o6 loaded
 Mat10o23o7 loaded
 Mat10o23o8 loaded
 Mat10o24o1 loaded
 Mat10o24o2 loaded
 Mat10o24o3 loaded
 Mat10o24o4 loaded
 Mat10o24o5 loaded
 Mat10o24o6 loaded
 Mat10o24o7 loaded
 Mat10o24o8 loaded
 Mat10o25o1 loaded
 Mat10o25o2 loaded
 Mat10o25o3 loaded
 Mat10o25o4 loaded
 Mat10o25o5 loaded
 Mat10o25o6 loaded
 Mat10o25o7 loaded
 Mat10o25o8 loaded
 Mat10o26o1 loaded
 Mat10o26o2 loaded
 Mat10o26o3 loaded
 Mat10o26o4 loaded
 Mat10o26o5 loaded
 Mat10o26o6 loaded
 Mat10o26o7 loaded
 Mat10o26o8 loaded
 Mat10o27o1 loaded
 Mat10o27o2 loaded
 Mat10o27o3 loaded
 Mat10o27o4 loaded
 Mat10o27o5 loaded
 Mat10o27o6 loaded
 Mat10o27o7 loaded
 Mat10o27o8 loaded
 Mat10o28o1 loaded
 Mat10o28o2 loaded
 Mat10o28o3 loaded
 Mat10o28o4 loaded
 Mat10o28o5 loaded
 Mat10o28o6 loaded
 Mat10o28o7 loaded
 Mat10o28o8 loaded
 Mat10o29o1 loaded
 Mat10o29o2 loaded
 Mat10o29o3 loaded
 Mat10o29o4 loaded
 Mat10o29o5 loaded
 Mat10o29o6 loaded
 Mat10o29o7 loaded
 Mat10o29o8 loaded
 Mat10o30o1 loaded
 Mat10o30o2 loaded
 Mat10o30o3 loaded
 Mat10o30o4 loaded
 Mat10o30o5 loaded
 Mat10o30o6 loaded
 Mat10o30o7 loaded
 Mat10o30o8 loaded
 Mat10o31o1 loaded
 Mat10o31o2 loaded
 Mat10o31o3 loaded
 Mat10o31o4 loaded
 Mat10o31o5 loaded
 Mat10o31o6 loaded
 Mat10o31o7 loaded
 Mat10o31o8 loaded
 Mat10o32o1 loaded
 Mat10o32o2 loaded
 Mat10o32o3 loaded
 Mat10o32o4 loaded
 Mat10o32o5 loaded
 Mat10o32o6 loaded
 Mat10o32o7 loaded
 Mat10o32o8 loaded
 Mat10o33o1 loaded
 Mat10o33o2 loaded
 Mat10o33o3 loaded
 Mat10o33o4 loaded
 Mat10o33o5 loaded
 Mat10o33o6 loaded
 Mat10o33o7 loaded
 Mat10o33o8 loaded
 Mat10o34o1 loaded
 Mat10o34o2 loaded
 Mat10o34o3 loaded
 Mat10o34o4 loaded
 Mat10o34o5 loaded
 Mat10o34o6 loaded
 Mat10o34o7 loaded
 Mat10o34o8 loaded
 Mat10o35o1 loaded
 Mat10o35o2 loaded
 Mat10o35o3 loaded
 Mat10o35o4 loaded
 Mat10o35o5 loaded
 Mat10o35o6 loaded
 Mat10o35o7 loaded
 Mat10o35o8 loaded
 Mat10o36o1 loaded
 Mat10o36o2 loaded
 Mat10o36o3 loaded
 Mat10o36o4 loaded
 Mat10o36o5 loaded
 Mat10o36o6 loaded
 Mat10o36o7 loaded
 Mat10o36o8 loaded
 Mat10o37o1 loaded
 Mat10o37o2 loaded
 Mat10o37o3 loaded
 Mat10o37o4 loaded
 Mat10o37o5 loaded
 Mat10o37o6 loaded
 Mat10o37o7 loaded
 Mat10o37o8 loaded
 Mat10o38o1 loaded
 Mat10o38o2 loaded
 Mat10o38o3 loaded
 Mat10o38o4 loaded
 Mat10o38o5 loaded
 Mat10o38o6 loaded
 Mat10o38o7 loaded
 Mat10o38o8 loaded
 Mat10o39o1 loaded
 Mat10o39o2 loaded
 Mat10o39o3 loaded
 Mat10o39o4 loaded
 Mat10o39o5 loaded
 Mat10o39o6 loaded
 Mat10o39o7 loaded
 Mat10o39o8 loaded
 Mat10o40o1 loaded
 Mat10o40o2 loaded
 Mat10o40o3 loaded
 Mat10o40o4 loaded
 Mat10o40o5 loaded
 Mat10o40o6 loaded
 Mat10o40o7 loaded
 Mat10o40o8 loaded
 Mat10o41o1 loaded
 Mat10o41o2 loaded
 Mat10o41o3 loaded
 Mat10o41o4 loaded
 Mat10o41o5 loaded
 Mat10o41o6 loaded
 Mat10o41o7 loaded
 Mat10o41o8 loaded
 Mat10o42o1 loaded
 Mat10o42o2 loaded
 Mat10o42o3 loaded
 Mat10o42o4 loaded
 Mat10o42o5 loaded
 Mat10o42o6 loaded
 Mat10o42o7 loaded
 Mat10o42o8 loaded
 Mat10o43o1 loaded
 Mat10o43o2 loaded
 Mat10o43o3 loaded
 Mat10o43o4 loaded
 Mat10o43o5 loaded
 Mat10o43o6 loaded
 Mat10o43o7 loaded
 Mat10o43o8 loaded
 Mat10o44o1 loaded
 Mat10o44o2 loaded
 Mat10o44o3 loaded
 Mat10o44o4 loaded
 Mat10o44o5 loaded
 Mat10o44o6 loaded
 Mat10o44o7 loaded
 Mat10o44o8 loaded
 Mat10o45o1 loaded
 Mat10o45o2 loaded
 Mat10o45o3 loaded
 Mat10o45o4 loaded
 Mat10o45o5 loaded
 Mat10o45o6 loaded
 Mat10o45o7 loaded
 Mat10o45o8 loaded
 Mat10o46o1 loaded
 Mat10o46o2 loaded
 Mat10o46o3 loaded
 Mat10o46o4 loaded
 Mat10o46o5 loaded
 Mat10o46o6 loaded
 Mat10o46o7 loaded
 Mat10o46o8 loaded
 Mat10o47o1 loaded
 Mat10o47o2 loaded
 Mat10o47o3 loaded
 Mat10o47o4 loaded
 Mat10o47o5 loaded
 Mat10o47o6 loaded
 Mat10o47o7 loaded
 Mat10o47o8 loaded
 Mat10o48o1 loaded
 Mat10o48o2 loaded
 Mat10o48o3 loaded
 Mat10o48o4 loaded
 Mat10o48o5 loaded
 Mat10o48o6 loaded
 Mat10o48o7 loaded
 Mat10o48o8 loaded
 Mat10o49o1 loaded
 Mat10o49o2 loaded
 Mat10o49o3 loaded
 Mat10o49o4 loaded
 Mat10o49o5 loaded
 Mat10o49o6 loaded
 Mat10o49o7 loaded
 Mat10o49o8 loaded
 Mat10o50o1 loaded
 Mat10o50o2 loaded
 Mat10o50o3 loaded
 Mat10o50o4 loaded
 Mat10o50o5 loaded
 Mat10o50o6 loaded
 Mat10o50o7 loaded
 Mat10o50o8 loaded
 Mat10o51o1 loaded
 Mat10o51o2 loaded
 Mat10o51o3 loaded
 Mat10o51o4 loaded
 Mat10o51o5 loaded
 Mat10o51o6 loaded
 Mat10o51o7 loaded
 Mat10o51o8 loaded
 Mat10o52o1 loaded
 Mat10o52o2 loaded
 Mat10o52o3 loaded
 Mat10o52o4 loaded
 Mat10o52o5 loaded
 Mat10o52o6 loaded
 Mat10o52o7 loaded
 Mat10o52o8 loaded
 Mat10o53o1 loaded
 Mat10o53o2 loaded
 Mat10o53o3 loaded
 Mat10o53o4 loaded
 Mat10o53o5 loaded
 Mat10o53o6 loaded
 Mat10o53o7 loaded
 Mat10o53o8 loaded
 Mat10o54o1 loaded
 Mat10o54o2 loaded
 Mat10o54o3 loaded
 Mat10o54o4 loaded
 Mat10o54o5 loaded
 Mat10o54o6 loaded
 Mat10o54o7 loaded
 Mat10o54o8 loaded
 Mat10o55o1 loaded
 Mat10o55o2 loaded
 Mat10o55o3 loaded
 Mat10o55o4 loaded
 Mat10o55o5 loaded
 Mat10o55o6 loaded
 Mat10o55o7 loaded
 Mat10o55o8 loaded
 Mat10o56o1 loaded
 Mat10o56o2 loaded
 Mat10o56o3 loaded
 Mat10o56o4 loaded
 Mat10o56o5 loaded
 Mat10o56o6 loaded
 Mat10o56o7 loaded
 Mat10o56o8 loaded
 Mat10o57o1 loaded
 Mat10o57o2 loaded
 Mat10o57o3 loaded
 Mat10o57o4 loaded
 Mat10o57o5 loaded
 Mat10o57o6 loaded
 Mat10o57o7 loaded
 Mat10o57o8 loaded
 Mat10o58o1 loaded
 Mat10o58o2 loaded
 Mat10o58o3 loaded
 Mat10o58o4 loaded
 Mat10o58o5 loaded
 Mat10o58o6 loaded
 Mat10o58o7 loaded
 Mat10o58o8 loaded
 Mat10o59o1 loaded
 Mat10o59o2 loaded
 Mat10o59o3 loaded
 Mat10o59o4 loaded
 Mat10o59o5 loaded
 Mat10o59o6 loaded
 Mat10o59o7 loaded
 Mat10o59o8 loaded
 Mat10o60o1 loaded
 Mat10o60o2 loaded
 Mat10o60o3 loaded
 Mat10o60o4 loaded
 Mat10o60o5 loaded
 Mat10o60o6 loaded
 Mat10o60o7 loaded
 Mat10o60o8 loaded
 Mat10o61o1 loaded
 Mat10o61o2 loaded
 Mat10o61o3 loaded
 Mat10o61o4 loaded
 Mat10o61o5 loaded
 Mat10o61o6 loaded
 Mat10o61o7 loaded
 Mat10o61o8 loaded
 Mat10o62o1 loaded
 Mat10o62o2 loaded
 Mat10o62o3 loaded
 Mat10o62o4 loaded
 Mat10o62o5 loaded
 Mat10o62o6 loaded
 Mat10o62o7 loaded
 Mat10o62o8 loaded
 Mat10o63o1 loaded
 Mat10o63o2 loaded
 Mat10o63o3 loaded
 Mat10o63o4 loaded
 Mat10o63o5 loaded
 Mat10o63o6 loaded
 Mat10o63o7 loaded
 Mat10o63o8 loaded
 Mat10o64o1 loaded
 Mat10o64o2 loaded
 Mat10o64o3 loaded
 Mat10o64o4 loaded
 Mat10o64o5 loaded
 Mat10o64o6 loaded
 Mat10o64o7 loaded
 Mat10o64o8 loaded
 Mat10o65o1 loaded
 Mat10o65o2 loaded
 Mat10o65o3 loaded
 Mat10o65o4 loaded
 Mat10o65o5 loaded
 Mat10o65o6 loaded
 Mat10o65o7 loaded
 Mat10o65o8 loaded
 Mat10o66o1 loaded
 Mat10o66o2 loaded
 Mat10o66o3 loaded
 Mat10o66o4 loaded
 Mat10o66o5 loaded
 Mat10o66o6 loaded
 Mat10o66o7 loaded
 Mat10o66o8 loaded
 Mat10o67o1 loaded
 Mat10o67o2 loaded
 Mat10o67o3 loaded
 Mat10o67o4 loaded
 Mat10o67o5 loaded
 Mat10o67o6 loaded
 Mat10o67o7 loaded
 Mat10o67o8 loaded
 Mat10o68o1 loaded
 Mat10o68o2 loaded
 Mat10o68o3 loaded
 Mat10o68o4 loaded
 Mat10o68o5 loaded
 Mat10o68o6 loaded
 Mat10o68o7 loaded
 Mat10o68o8 loaded
 Mat10o69o1 loaded
 Mat10o69o2 loaded
 Mat10o69o3 loaded
 Mat10o69o4 loaded
 Mat10o69o5 loaded
 Mat10o69o6 loaded
 Mat10o69o7 loaded
 Mat10o69o8 loaded
 Mat10o70o1 loaded
 Mat10o70o2 loaded
 Mat10o70o3 loaded
 Mat10o70o4 loaded
 Mat10o70o5 loaded
 Mat10o70o6 loaded
 Mat10o70o7 loaded
 Mat10o70o8 loaded
 Mat10o71o1 loaded
 Mat10o71o2 loaded
 Mat10o71o3 loaded
 Mat10o71o4 loaded
 Mat10o71o5 loaded
 Mat10o71o6 loaded
 Mat10o71o7 loaded
 Mat10o71o8 loaded
 Mat10o72o1 loaded
 Mat10o72o2 loaded
 Mat10o72o3 loaded
 Mat10o72o4 loaded
 Mat10o72o5 loaded
 Mat10o72o6 loaded
 Mat10o72o7 loaded
 Mat10o72o8 loaded
 Mat10o73o1 loaded
 Mat10o73o2 loaded
 Mat10o73o3 loaded
 Mat10o73o4 loaded
 Mat10o73o5 loaded
 Mat10o73o6 loaded
 Mat10o73o7 loaded
 Mat10o73o8 loaded
 Mat10o74o1 loaded
 Mat10o74o2 loaded
 Mat10o74o3 loaded
 Mat10o74o4 loaded
 Mat10o74o5 loaded
 Mat10o74o6 loaded
 Mat10o74o7 loaded
 Mat10o74o8 loaded
 Mat10o75o1 loaded
 Mat10o75o2 loaded
 Mat10o75o3 loaded
 Mat10o75o4 loaded
 Mat10o75o5 loaded
 Mat10o75o6 loaded
 Mat10o75o7 loaded
 Mat10o75o8 loaded
 Mat10o76o1 loaded
 Mat10o76o2 loaded
 Mat10o76o3 loaded
 Mat10o76o4 loaded
 Mat10o76o5 loaded
 Mat10o76o6 loaded
 Mat10o76o7 loaded
 Mat10o76o8 loaded
 Mat10o77o1 loaded
 Mat10o77o2 loaded
 Mat10o77o3 loaded
 Mat10o77o4 loaded
 Mat10o77o5 loaded
 Mat10o77o6 loaded
 Mat10o77o7 loaded
 Mat10o77o8 loaded
 Mat10o78o1 loaded
 Mat10o78o2 loaded
 Mat10o78o3 loaded
 Mat10o78o4 loaded
 Mat10o78o5 loaded
 Mat10o78o6 loaded
 Mat10o78o7 loaded
 Mat10o78o8 loaded
 Mat10o79o1 loaded
 Mat10o79o2 loaded
 Mat10o79o3 loaded
 Mat10o79o4 loaded
 Mat10o79o5 loaded
 Mat10o79o6 loaded
 Mat10o79o7 loaded
 Mat10o79o8 loaded
 Mat10o80o1 loaded
 Mat10o80o2 loaded
 Mat10o80o3 loaded
 Mat10o80o4 loaded
 Mat10o80o5 loaded
 Mat10o80o6 loaded
 Mat10o80o7 loaded
 Mat10o80o8 loaded
 Mat10o81o1 loaded
 Mat10o81o2 loaded
 Mat10o81o3 loaded
 Mat10o81o4 loaded
 Mat10o81o5 loaded
 Mat10o81o6 loaded
 Mat10o81o7 loaded
 Mat10o81o8 loaded
 Mat10o82o1 loaded
 Mat10o82o2 loaded
 Mat10o82o3 loaded
 Mat10o82o4 loaded
 Mat10o82o5 loaded
 Mat10o82o6 loaded
 Mat10o82o7 loaded
 Mat10o82o8 loaded
 Mat10o83o1 loaded
 Mat10o83o2 loaded
 Mat10o83o3 loaded
 Mat10o83o4 loaded
 Mat10o83o5 loaded
 Mat10o83o6 loaded
 Mat10o83o7 loaded
 Mat10o83o8 loaded
 Mat10o84o1 loaded
 Mat10o84o2 loaded
 Mat10o84o3 loaded
 Mat10o84o4 loaded
 Mat10o84o5 loaded
 Mat10o84o6 loaded
 Mat10o84o7 loaded
 Mat10o84o8 loaded
 Mat10o85o1 loaded
 Mat10o85o2 loaded
 Mat10o85o3 loaded
 Mat10o85o4 loaded
 Mat10o85o5 loaded
 Mat10o85o6 loaded
 Mat10o85o7 loaded
 Mat10o85o8 loaded
 Mat10o86o1 loaded
 Mat10o86o2 loaded
 Mat10o86o3 loaded
 Mat10o86o4 loaded
 Mat10o86o5 loaded
 Mat10o86o6 loaded
 Mat10o86o7 loaded
 Mat10o86o8 loaded
 Mat10o87o1 loaded
 Mat10o87o2 loaded
 Mat10o87o3 loaded
 Mat10o87o4 loaded
 Mat10o87o5 loaded
 Mat10o87o6 loaded
 Mat10o87o7 loaded
 Mat10o87o8 loaded
 Mat10o88o1 loaded
 Mat10o88o2 loaded
 Mat10o88o3 loaded
 Mat10o88o4 loaded
 Mat10o88o5 loaded
 Mat10o88o6 loaded
 Mat10o88o7 loaded
 Mat10o88o8 loaded
 Mat10o89o1 loaded
 Mat10o89o2 loaded
 Mat10o89o3 loaded
 Mat10o89o4 loaded
 Mat10o89o5 loaded
 Mat10o89o6 loaded
 Mat10o89o7 loaded
 Mat10o89o8 loaded
 Mat10o90o1 loaded
 Mat10o90o2 loaded
 Mat10o90o3 loaded
 Mat10o90o4 loaded
 Mat10o90o5 loaded
 Mat10o90o6 loaded
 Mat10o90o7 loaded
 Mat10o90o8 loaded
 Mat10o91o1 loaded
 Mat10o91o2 loaded
 Mat10o91o3 loaded
 Mat10o91o4 loaded
 Mat10o91o5 loaded
 Mat10o91o6 loaded
 Mat10o91o7 loaded
 Mat10o91o8 loaded
 Mat10o92o1 loaded
 Mat10o92o2 loaded
 Mat10o92o3 loaded
 Mat10o92o4 loaded
 Mat10o92o5 loaded
 Mat10o92o6 loaded
 Mat10o92o7 loaded
 Mat10o92o8 loaded
 Mat10o93o1 loaded
 Mat10o93o2 loaded
 Mat10o93o3 loaded
 Mat10o93o4 loaded
 Mat10o93o5 loaded
 Mat10o93o6 loaded
 Mat10o93o7 loaded
 Mat10o93o8 loaded
 Mat10o94o1 loaded
 Mat10o94o2 loaded
 Mat10o94o3 loaded
 Mat10o94o4 loaded
 Mat10o94o5 loaded
 Mat10o94o6 loaded
 Mat10o94o7 loaded
 Mat10o94o8 loaded
 Mat10o95o1 loaded
 Mat10o95o2 loaded
 Mat10o95o3 loaded
 Mat10o95o4 loaded
 Mat10o95o5 loaded
 Mat10o95o6 loaded
 Mat10o95o7 loaded
 Mat10o95o8 loaded
 Mat10o96o1 loaded
 Mat10o96o2 loaded
 Mat10o96o3 loaded
 Mat10o96o4 loaded
 Mat10o96o5 loaded
 Mat10o96o6 loaded
 Mat10o96o7 loaded
 Mat10o96o8 loaded
 Mat10o97o1 loaded
 Mat10o97o2 loaded
 Mat10o97o3 loaded
 Mat10o97o4 loaded
 Mat10o97o5 loaded
 Mat10o97o6 loaded
 Mat10o97o7 loaded
 Mat10o97o8 loaded
 Mat10o98o1 loaded
 Mat10o98o2 loaded
 Mat10o98o3 loaded
 Mat10o98o4 loaded
 Mat10o98o5 loaded
 Mat10o98o6 loaded
 Mat10o98o7 loaded
 Mat10o98o8 loaded
 Mat10o99o1 loaded
 Mat10o99o2 loaded
 Mat10o99o3 loaded
 Mat10o99o4 loaded
 Mat10o99o5 loaded
 Mat10o99o6 loaded
 Mat10o99o7 loaded
 Mat10o99o8 loaded
 Mat10o100o1 loaded
 Mat10o100o2 loaded
 Mat10o100o3 loaded
 Mat10o100o4 loaded
 Mat10o100o5 loaded
 Mat10o100o6 loaded
 Mat10o100o7 loaded
 Mat10o100o8 loaded
 Mat10o101o1 loaded
 Mat10o101o2 loaded
 Mat10o101o3 loaded
 Mat10o101o4 loaded
 Mat10o101o5 loaded
 Mat10o101o6 loaded
 Mat10o101o7 loaded
 Mat10o101o8 loaded
 Mat10o102o1 loaded
 Mat10o102o2 loaded
 Mat10o102o3 loaded
 Mat10o102o4 loaded
 Mat10o102o5 loaded
 Mat10o102o6 loaded
 Mat10o102o7 loaded
 Mat10o102o8 loaded
 Mat10o103o1 loaded
 Mat10o103o2 loaded
 Mat10o103o3 loaded
 Mat10o103o4 loaded
 Mat10o103o5 loaded
 Mat10o103o6 loaded
 Mat10o103o7 loaded
 Mat10o103o8 loaded
 Mat10o104o1 loaded
 Mat10o104o2 loaded
 Mat10o104o3 loaded
 Mat10o104o4 loaded
 Mat10o104o5 loaded
 Mat10o104o6 loaded
 Mat10o104o7 loaded
 Mat10o104o8 loaded
 Mat10o105o1 loaded
 Mat10o105o2 loaded
 Mat10o105o3 loaded
 Mat10o105o4 loaded
 Mat10o105o5 loaded
 Mat10o105o6 loaded
 Mat10o105o7 loaded
 Mat10o105o8 loaded
 Mat10o106o1 loaded
 Mat10o106o2 loaded
 Mat10o106o3 loaded
 Mat10o106o4 loaded
 Mat10o106o5 loaded
 Mat10o106o6 loaded
 Mat10o106o7 loaded
 Mat10o106o8 loaded
 Mat10o107o1 loaded
 Mat10o107o2 loaded
 Mat10o107o3 loaded
 Mat10o107o4 loaded
 Mat10o107o5 loaded
 Mat10o107o6 loaded
 Mat10o107o7 loaded
 Mat10o107o8 loaded
 Mat10o108o1 loaded
 Mat10o108o2 loaded
 Mat10o108o3 loaded
 Mat10o108o4 loaded
 Mat10o108o5 loaded
 Mat10o108o6 loaded
 Mat10o108o7 loaded
 Mat10o108o8 loaded
 Mat10o109o1 loaded
 Mat10o109o2 loaded
 Mat10o109o3 loaded
 Mat10o109o4 loaded
 Mat10o109o5 loaded
 Mat10o109o6 loaded
 Mat10o109o7 loaded
 Mat10o109o8 loaded
 Mat10o110o1 loaded
 Mat10o110o2 loaded
 Mat10o110o3 loaded
 Mat10o110o4 loaded
 Mat10o110o5 loaded
 Mat10o110o6 loaded
 Mat10o110o7 loaded
 Mat10o110o8 loaded
 Mat10o111o1 loaded
 Mat10o111o2 loaded
 Mat10o111o3 loaded
 Mat10o111o4 loaded
 Mat10o111o5 loaded
 Mat10o111o6 loaded
 Mat10o111o7 loaded
 Mat10o111o8 loaded
 Mat10o112o1 loaded
 Mat10o112o2 loaded
 Mat10o112o3 loaded
 Mat10o112o4 loaded
 Mat10o112o5 loaded
 Mat10o112o6 loaded
 Mat10o112o7 loaded
 Mat10o112o8 loaded
 Mat10o113o1 loaded
 Mat10o113o2 loaded
 Mat10o113o3 loaded
 Mat10o113o4 loaded
 Mat10o113o5 loaded
 Mat10o113o6 loaded
 Mat10o113o7 loaded
 Mat10o113o8 loaded
 Mat10o114o1 loaded
 Mat10o114o2 loaded
 Mat10o114o3 loaded
 Mat10o114o4 loaded
 Mat10o114o5 loaded
 Mat10o114o6 loaded
 Mat10o114o7 loaded
 Mat10o114o8 loaded
 Mat10o115o1 loaded
 Mat10o115o2 loaded
 Mat10o115o3 loaded
 Mat10o115o4 loaded
 Mat10o115o5 loaded
 Mat10o115o6 loaded
 Mat10o115o7 loaded
 Mat10o115o8 loaded
 Mat10o116o1 loaded
 Mat10o116o2 loaded
 Mat10o116o3 loaded
 Mat10o116o4 loaded
 Mat10o116o5 loaded
 Mat10o116o6 loaded
 Mat10o116o7 loaded
 Mat10o116o8 loaded
 Mat10o117o1 loaded
 Mat10o117o2 loaded
 Mat10o117o3 loaded
 Mat10o117o4 loaded
 Mat10o117o5 loaded
 Mat10o117o6 loaded
 Mat10o117o7 loaded
 Mat10o117o8 loaded
 Mat10o118o1 loaded
 Mat10o118o2 loaded
 Mat10o118o3 loaded
 Mat10o118o4 loaded
 Mat10o118o5 loaded
 Mat10o118o6 loaded
 Mat10o118o7 loaded
 Mat10o118o8 loaded
 Mat10o119o1 loaded
 Mat10o119o2 loaded
 Mat10o119o3 loaded
 Mat10o119o4 loaded
 Mat10o119o5 loaded
 Mat10o119o6 loaded
 Mat10o119o7 loaded
 Mat10o119o8 loaded
 Mat10o120o1 loaded
 Mat10o120o2 loaded
 Mat10o120o3 loaded
 Mat10o120o4 loaded
 Mat10o120o5 loaded
 Mat10o120o6 loaded
 Mat10o120o7 loaded
 Mat10o120o8 loaded
 Mat10o121o1 loaded
 Mat10o121o2 loaded
 Mat10o121o3 loaded
 Mat10o121o4 loaded
 Mat10o121o5 loaded
 Mat10o121o6 loaded
 Mat10o121o7 loaded
 Mat10o121o8 loaded
 Mat10o122o1 loaded
 Mat10o122o2 loaded
 Mat10o122o3 loaded
 Mat10o122o4 loaded
 Mat10o122o5 loaded
 Mat10o122o6 loaded
 Mat10o122o7 loaded
 Mat10o122o8 loaded
 Mat10o123o1 loaded
 Mat10o123o2 loaded
 Mat10o123o3 loaded
 Mat10o123o4 loaded
 Mat10o123o5 loaded
 Mat10o123o6 loaded
 Mat10o123o7 loaded
 Mat10o123o8 loaded
 Mat10o124o1 loaded
 Mat10o124o2 loaded
 Mat10o124o3 loaded
 Mat10o124o4 loaded
 Mat10o124o5 loaded
 Mat10o124o6 loaded
 Mat10o124o7 loaded
 Mat10o124o8 loaded
 Mat10o125o1 loaded
 Mat10o125o2 loaded
 Mat10o125o3 loaded
 Mat10o125o4 loaded
 Mat10o125o5 loaded
 Mat10o125o6 loaded
 Mat10o125o7 loaded
 Mat10o125o8 loaded
 Mat10o126o1 loaded
 Mat10o126o2 loaded
 Mat10o126o3 loaded
 Mat10o126o4 loaded
 Mat10o126o5 loaded
 Mat10o126o6 loaded
 Mat10o126o7 loaded
 Mat10o126o8 loaded
 Mat10o127o1 loaded
 Mat10o127o2 loaded
 Mat10o127o3 loaded
 Mat10o127o4 loaded
 Mat10o127o5 loaded
 Mat10o127o6 loaded
 Mat10o127o7 loaded
 Mat10o127o8 loaded
 Mat10o128o1 loaded
 Mat10o128o2 loaded
 Mat10o128o3 loaded
 Mat10o128o4 loaded
 Mat10o128o5 loaded
 Mat10o128o6 loaded
 Mat10o128o7 loaded
 Mat10o128o8 loaded
 Mat10o129o1 loaded
 Mat10o129o2 loaded
 Mat10o129o3 loaded
 Mat10o129o4 loaded
 Mat10o129o5 loaded
 Mat10o129o6 loaded
 Mat10o129o7 loaded
 Mat10o129o8 loaded
 Mat10o130o1 loaded
 Mat10o130o2 loaded
 Mat10o130o3 loaded
 Mat10o130o4 loaded
 Mat10o130o5 loaded
 Mat10o130o6 loaded
 Mat10o130o7 loaded
 Mat10o130o8 loaded
 Mat10o131o1 loaded
 Mat10o131o2 loaded
 Mat10o131o3 loaded
 Mat10o131o4 loaded
 Mat10o131o5 loaded
 Mat10o131o6 loaded
 Mat10o131o7 loaded
 Mat10o131o8 loaded
 Mat10o132o1 loaded
 Mat10o132o2 loaded
 Mat10o132o3 loaded
 Mat10o132o4 loaded
 Mat10o132o5 loaded
 Mat10o132o6 loaded
 Mat10o132o7 loaded
 Mat10o132o8 loaded
 Mat10o133o1 loaded
 Mat10o133o2 loaded
 Mat10o133o3 loaded
 Mat10o133o4 loaded
 Mat10o133o5 loaded
 Mat10o133o6 loaded
 Mat10o133o7 loaded
 Mat10o133o8 loaded
 Mat10o134o1 loaded
 Mat10o134o2 loaded
 Mat10o134o3 loaded
 Mat10o134o4 loaded
 Mat10o134o5 loaded
 Mat10o134o6 loaded
 Mat10o134o7 loaded
 Mat10o134o8 loaded
 Mat10o135o1 loaded
 Mat10o135o2 loaded
 Mat10o135o3 loaded
 Mat10o135o4 loaded
 Mat10o135o5 loaded
 Mat10o135o6 loaded
 Mat10o135o7 loaded
 Mat10o135o8 loaded
 Mat10o136o1 loaded
 Mat10o136o2 loaded
 Mat10o136o3 loaded
 Mat10o136o4 loaded
 Mat10o136o5 loaded
 Mat10o136o6 loaded
 Mat10o136o7 loaded
 Mat10o136o8 loaded
 Mat10o137o1 loaded
 Mat10o137o2 loaded
 Mat10o137o3 loaded
 Mat10o137o4 loaded
 Mat10o137o5 loaded
 Mat10o137o6 loaded
 Mat10o137o7 loaded
 Mat10o137o8 loaded
 Mat10o138o1 loaded
 Mat10o138o2 loaded
 Mat10o138o3 loaded
 Mat10o138o4 loaded
 Mat10o138o5 loaded
 Mat10o138o6 loaded
 Mat10o138o7 loaded
 Mat10o138o8 loaded
 Mat10o139o1 loaded
 Mat10o139o2 loaded
 Mat10o139o3 loaded
 Mat10o139o4 loaded
 Mat10o139o5 loaded
 Mat10o139o6 loaded
 Mat10o139o7 loaded
 Mat10o139o8 loaded
 Mat10o140o1 loaded
 Mat10o140o2 loaded
 Mat10o140o3 loaded
 Mat10o140o4 loaded
 Mat10o140o5 loaded
 Mat10o140o6 loaded
 Mat10o140o7 loaded
 Mat10o140o8 loaded
 am10o1o1 loaded
 am10o1o2 loaded
 am10o1o3 loaded
 am10o1o4 loaded
 am10o1o5 loaded
 am10o1o6 loaded
 am10o1o7 loaded
 am10o1o8 loaded
 am10o2o1 loaded
 am10o2o2 loaded
 am10o2o3 loaded
 am10o2o4 loaded
 am10o2o5 loaded
 am10o2o6 loaded
 am10o2o7 loaded
 am10o2o8 loaded
 am10o3o1 loaded
 am10o3o2 loaded
 am10o3o3 loaded
 am10o3o4 loaded
 am10o3o5 loaded
 am10o3o6 loaded
 am10o3o7 loaded
 am10o3o8 loaded
 am10o4o1 loaded
 am10o4o2 loaded
 am10o4o3 loaded
 am10o4o4 loaded
 am10o4o5 loaded
 am10o4o6 loaded
 am10o4o7 loaded
 am10o4o8 loaded
 am10o5o1 loaded
 am10o5o2 loaded
 am10o5o3 loaded
 am10o5o4 loaded
 am10o5o5 loaded
 am10o5o6 loaded
 am10o5o7 loaded
 am10o5o8 loaded
 am10o6o1 loaded
 am10o6o2 loaded
 am10o6o3 loaded
 am10o6o4 loaded
 am10o6o5 loaded
 am10o6o6 loaded
 am10o6o7 loaded
 am10o6o8 loaded
 am10o7o1 loaded
 am10o7o2 loaded
 am10o7o3 loaded
 am10o7o4 loaded
 am10o7o5 loaded
 am10o7o6 loaded
 am10o7o7 loaded
 am10o7o8 loaded
 am10o8o1 loaded
 am10o8o2 loaded
 am10o8o3 loaded
 am10o8o4 loaded
 am10o8o5 loaded
 am10o8o6 loaded
 am10o8o7 loaded
 am10o8o8 loaded
 am10o9o1 loaded
 am10o9o2 loaded
 am10o9o3 loaded
 am10o9o4 loaded
 am10o9o5 loaded
 am10o9o6 loaded
 am10o9o7 loaded
 am10o9o8 loaded
 am10o10o1 loaded
 am10o10o2 loaded
 am10o10o3 loaded
 am10o10o4 loaded
 am10o10o5 loaded
 am10o10o6 loaded
 am10o10o7 loaded
 am10o10o8 loaded
 am10o11o1 loaded
 am10o11o2 loaded
 am10o11o3 loaded
 am10o11o4 loaded
 am10o11o5 loaded
 am10o11o6 loaded
 am10o11o7 loaded
 am10o11o8 loaded
 am10o12o1 loaded
 am10o12o2 loaded
 am10o12o3 loaded
 am10o12o4 loaded
 am10o12o5 loaded
 am10o12o6 loaded
 am10o12o7 loaded
 am10o12o8 loaded
 am10o13o1 loaded
 am10o13o2 loaded
 am10o13o3 loaded
 am10o13o4 loaded
 am10o13o5 loaded
 am10o13o6 loaded
 am10o13o7 loaded
 am10o13o8 loaded
 am10o14o1 loaded
 am10o14o2 loaded
 am10o14o3 loaded
 am10o14o4 loaded
 am10o14o5 loaded
 am10o14o6 loaded
 am10o14o7 loaded
 am10o14o8 loaded
 am10o15o1 loaded
 am10o15o2 loaded
 am10o15o3 loaded
 am10o15o4 loaded
 am10o15o5 loaded
 am10o15o6 loaded
 am10o15o7 loaded
 am10o15o8 loaded
 am10o16o1 loaded
 am10o16o2 loaded
 am10o16o3 loaded
 am10o16o4 loaded
 am10o16o5 loaded
 am10o16o6 loaded
 am10o16o7 loaded
 am10o16o8 loaded
 am10o17o1 loaded
 am10o17o2 loaded
 am10o17o3 loaded
 am10o17o4 loaded
 am10o17o5 loaded
 am10o17o6 loaded
 am10o17o7 loaded
 am10o17o8 loaded
 am10o18o1 loaded
 am10o18o2 loaded
 am10o18o3 loaded
 am10o18o4 loaded
 am10o18o5 loaded
 am10o18o6 loaded
 am10o18o7 loaded
 am10o18o8 loaded
 am10o19o1 loaded
 am10o19o2 loaded
 am10o19o3 loaded
 am10o19o4 loaded
 am10o19o5 loaded
 am10o19o6 loaded
 am10o19o7 loaded
 am10o19o8 loaded
 am10o20o1 loaded
 am10o20o2 loaded
 am10o20o3 loaded
 am10o20o4 loaded
 am10o20o5 loaded
 am10o20o6 loaded
 am10o20o7 loaded
 am10o20o8 loaded
 am10o21o1 loaded
 am10o21o2 loaded
 am10o21o3 loaded
 am10o21o4 loaded
 am10o21o5 loaded
 am10o21o6 loaded
 am10o21o7 loaded
 am10o21o8 loaded
 am10o22o1 loaded
 am10o22o2 loaded
 am10o22o3 loaded
 am10o22o4 loaded
 am10o22o5 loaded
 am10o22o6 loaded
 am10o22o7 loaded
 am10o22o8 loaded
 am10o23o1 loaded
 am10o23o2 loaded
 am10o23o3 loaded
 am10o23o4 loaded
 am10o23o5 loaded
 am10o23o6 loaded
 am10o23o7 loaded
 am10o23o8 loaded
 am10o24o1 loaded
 am10o24o2 loaded
 am10o24o3 loaded
 am10o24o4 loaded
 am10o24o5 loaded
 am10o24o6 loaded
 am10o24o7 loaded
 am10o24o8 loaded
 am10o25o1 loaded
 am10o25o2 loaded
 am10o25o3 loaded
 am10o25o4 loaded
 am10o25o5 loaded
 am10o25o6 loaded
 am10o25o7 loaded
 am10o25o8 loaded
 am10o26o1 loaded
 am10o26o2 loaded
 am10o26o3 loaded
 am10o26o4 loaded
 am10o26o5 loaded
 am10o26o6 loaded
 am10o26o7 loaded
 am10o26o8 loaded
 am10o27o1 loaded
 am10o27o2 loaded
 am10o27o3 loaded
 am10o27o4 loaded
 am10o27o5 loaded
 am10o27o6 loaded
 am10o27o7 loaded
 am10o27o8 loaded
 am10o28o1 loaded
 am10o28o2 loaded
 am10o28o3 loaded
 am10o28o4 loaded
 am10o28o5 loaded
 am10o28o6 loaded
 am10o28o7 loaded
 am10o28o8 loaded
 am10o29o1 loaded
 am10o29o2 loaded
 am10o29o3 loaded
 am10o29o4 loaded
 am10o29o5 loaded
 am10o29o6 loaded
 am10o29o7 loaded
 am10o29o8 loaded
 am10o30o1 loaded
 am10o30o2 loaded
 am10o30o3 loaded
 am10o30o4 loaded
 am10o30o5 loaded
 am10o30o6 loaded
 am10o30o7 loaded
 am10o30o8 loaded
 am10o31o1 loaded
 am10o31o2 loaded
 am10o31o3 loaded
 am10o31o4 loaded
 am10o31o5 loaded
 am10o31o6 loaded
 am10o31o7 loaded
 am10o31o8 loaded
 am10o32o1 loaded
 am10o32o2 loaded
 am10o32o3 loaded
 am10o32o4 loaded
 am10o32o5 loaded
 am10o32o6 loaded
 am10o32o7 loaded
 am10o32o8 loaded
 am10o33o1 loaded
 am10o33o2 loaded
 am10o33o3 loaded
 am10o33o4 loaded
 am10o33o5 loaded
 am10o33o6 loaded
 am10o33o7 loaded
 am10o33o8 loaded
 am10o34o1 loaded
 am10o34o2 loaded
 am10o34o3 loaded
 am10o34o4 loaded
 am10o34o5 loaded
 am10o34o6 loaded
 am10o34o7 loaded
 am10o34o8 loaded
 am10o35o1 loaded
 am10o35o2 loaded
 am10o35o3 loaded
 am10o35o4 loaded
 am10o35o5 loaded
 am10o35o6 loaded
 am10o35o7 loaded
 am10o35o8 loaded
 am10o36o1 loaded
 am10o36o2 loaded
 am10o36o3 loaded
 am10o36o4 loaded
 am10o36o5 loaded
 am10o36o6 loaded
 am10o36o7 loaded
 am10o36o8 loaded
 am10o37o1 loaded
 am10o37o2 loaded
 am10o37o3 loaded
 am10o37o4 loaded
 am10o37o5 loaded
 am10o37o6 loaded
 am10o37o7 loaded
 am10o37o8 loaded
 am10o38o1 loaded
 am10o38o2 loaded
 am10o38o3 loaded
 am10o38o4 loaded
 am10o38o5 loaded
 am10o38o6 loaded
 am10o38o7 loaded
 am10o38o8 loaded
 am10o39o1 loaded
 am10o39o2 loaded
 am10o39o3 loaded
 am10o39o4 loaded
 am10o39o5 loaded
 am10o39o6 loaded
 am10o39o7 loaded
 am10o39o8 loaded
 am10o40o1 loaded
 am10o40o2 loaded
 am10o40o3 loaded
 am10o40o4 loaded
 am10o40o5 loaded
 am10o40o6 loaded
 am10o40o7 loaded
 am10o40o8 loaded
 am10o41o1 loaded
 am10o41o2 loaded
 am10o41o3 loaded
 am10o41o4 loaded
 am10o41o5 loaded
 am10o41o6 loaded
 am10o41o7 loaded
 am10o41o8 loaded
 am10o42o1 loaded
 am10o42o2 loaded
 am10o42o3 loaded
 am10o42o4 loaded
 am10o42o5 loaded
 am10o42o6 loaded
 am10o42o7 loaded
 am10o42o8 loaded
 am10o43o1 loaded
 am10o43o2 loaded
 am10o43o3 loaded
 am10o43o4 loaded
 am10o43o5 loaded
 am10o43o6 loaded
 am10o43o7 loaded
 am10o43o8 loaded
 am10o44o1 loaded
 am10o44o2 loaded
 am10o44o3 loaded
 am10o44o4 loaded
 am10o44o5 loaded
 am10o44o6 loaded
 am10o44o7 loaded
 am10o44o8 loaded
 am10o45o1 loaded
 am10o45o2 loaded
 am10o45o3 loaded
 am10o45o4 loaded
 am10o45o5 loaded
 am10o45o6 loaded
 am10o45o7 loaded
 am10o45o8 loaded
 am10o46o1 loaded
 am10o46o2 loaded
 am10o46o3 loaded
 am10o46o4 loaded
 am10o46o5 loaded
 am10o46o6 loaded
 am10o46o7 loaded
 am10o46o8 loaded
 am10o47o1 loaded
 am10o47o2 loaded
 am10o47o3 loaded
 am10o47o4 loaded
 am10o47o5 loaded
 am10o47o6 loaded
 am10o47o7 loaded
 am10o47o8 loaded
 am10o48o1 loaded
 am10o48o2 loaded
 am10o48o3 loaded
 am10o48o4 loaded
 am10o48o5 loaded
 am10o48o6 loaded
 am10o48o7 loaded
 am10o48o8 loaded
 am10o49o1 loaded
 am10o49o2 loaded
 am10o49o3 loaded
 am10o49o4 loaded
 am10o49o5 loaded
 am10o49o6 loaded
 am10o49o7 loaded
 am10o49o8 loaded
 am10o50o1 loaded
 am10o50o2 loaded
 am10o50o3 loaded
 am10o50o4 loaded
 am10o50o5 loaded
 am10o50o6 loaded
 am10o50o7 loaded
 am10o50o8 loaded
 am10o51o1 loaded
 am10o51o2 loaded
 am10o51o3 loaded
 am10o51o4 loaded
 am10o51o5 loaded
 am10o51o6 loaded
 am10o51o7 loaded
 am10o51o8 loaded
 am10o52o1 loaded
 am10o52o2 loaded
 am10o52o3 loaded
 am10o52o4 loaded
 am10o52o5 loaded
 am10o52o6 loaded
 am10o52o7 loaded
 am10o52o8 loaded
 am10o53o1 loaded
 am10o53o2 loaded
 am10o53o3 loaded
 am10o53o4 loaded
 am10o53o5 loaded
 am10o53o6 loaded
 am10o53o7 loaded
 am10o53o8 loaded
 am10o54o1 loaded
 am10o54o2 loaded
 am10o54o3 loaded
 am10o54o4 loaded
 am10o54o5 loaded
 am10o54o6 loaded
 am10o54o7 loaded
 am10o54o8 loaded
 am10o55o1 loaded
 am10o55o2 loaded
 am10o55o3 loaded
 am10o55o4 loaded
 am10o55o5 loaded
 am10o55o6 loaded
 am10o55o7 loaded
 am10o55o8 loaded
 am10o56o1 loaded
 am10o56o2 loaded
 am10o56o3 loaded
 am10o56o4 loaded
 am10o56o5 loaded
 am10o56o6 loaded
 am10o56o7 loaded
 am10o56o8 loaded
 am10o57o1 loaded
 am10o57o2 loaded
 am10o57o3 loaded
 am10o57o4 loaded
 am10o57o5 loaded
 am10o57o6 loaded
 am10o57o7 loaded
 am10o57o8 loaded
 am10o58o1 loaded
 am10o58o2 loaded
 am10o58o3 loaded
 am10o58o4 loaded
 am10o58o5 loaded
 am10o58o6 loaded
 am10o58o7 loaded
 am10o58o8 loaded
 am10o59o1 loaded
 am10o59o2 loaded
 am10o59o3 loaded
 am10o59o4 loaded
 am10o59o5 loaded
 am10o59o6 loaded
 am10o59o7 loaded
 am10o59o8 loaded
 am10o60o1 loaded
 am10o60o2 loaded
 am10o60o3 loaded
 am10o60o4 loaded
 am10o60o5 loaded
 am10o60o6 loaded
 am10o60o7 loaded
 am10o60o8 loaded
 am10o61o1 loaded
 am10o61o2 loaded
 am10o61o3 loaded
 am10o61o4 loaded
 am10o61o5 loaded
 am10o61o6 loaded
 am10o61o7 loaded
 am10o61o8 loaded
 am10o62o1 loaded
 am10o62o2 loaded
 am10o62o3 loaded
 am10o62o4 loaded
 am10o62o5 loaded
 am10o62o6 loaded
 am10o62o7 loaded
 am10o62o8 loaded
 am10o63o1 loaded
 am10o63o2 loaded
 am10o63o3 loaded
 am10o63o4 loaded
 am10o63o5 loaded
 am10o63o6 loaded
 am10o63o7 loaded
 am10o63o8 loaded
 am10o64o1 loaded
 am10o64o2 loaded
 am10o64o3 loaded
 am10o64o4 loaded
 am10o64o5 loaded
 am10o64o6 loaded
 am10o64o7 loaded
 am10o64o8 loaded
 am10o65o1 loaded
 am10o65o2 loaded
 am10o65o3 loaded
 am10o65o4 loaded
 am10o65o5 loaded
 am10o65o6 loaded
 am10o65o7 loaded
 am10o65o8 loaded
 am10o66o1 loaded
 am10o66o2 loaded
 am10o66o3 loaded
 am10o66o4 loaded
 am10o66o5 loaded
 am10o66o6 loaded
 am10o66o7 loaded
 am10o66o8 loaded
 am10o67o1 loaded
 am10o67o2 loaded
 am10o67o3 loaded
 am10o67o4 loaded
 am10o67o5 loaded
 am10o67o6 loaded
 am10o67o7 loaded
 am10o67o8 loaded
 am10o68o1 loaded
 am10o68o2 loaded
 am10o68o3 loaded
 am10o68o4 loaded
 am10o68o5 loaded
 am10o68o6 loaded
 am10o68o7 loaded
 am10o68o8 loaded
 am10o69o1 loaded
 am10o69o2 loaded
 am10o69o3 loaded
 am10o69o4 loaded
 am10o69o5 loaded
 am10o69o6 loaded
 am10o69o7 loaded
 am10o69o8 loaded
 am10o70o1 loaded
 am10o70o2 loaded
 am10o70o3 loaded
 am10o70o4 loaded
 am10o70o5 loaded
 am10o70o6 loaded
 am10o70o7 loaded
 am10o70o8 loaded
 am10o71o1 loaded
 am10o71o2 loaded
 am10o71o3 loaded
 am10o71o4 loaded
 am10o71o5 loaded
 am10o71o6 loaded
 am10o71o7 loaded
 am10o71o8 loaded
 am10o72o1 loaded
 am10o72o2 loaded
 am10o72o3 loaded
 am10o72o4 loaded
 am10o72o5 loaded
 am10o72o6 loaded
 am10o72o7 loaded
 am10o72o8 loaded
 am10o73o1 loaded
 am10o73o2 loaded
 am10o73o3 loaded
 am10o73o4 loaded
 am10o73o5 loaded
 am10o73o6 loaded
 am10o73o7 loaded
 am10o73o8 loaded
 am10o74o1 loaded
 am10o74o2 loaded
 am10o74o3 loaded
 am10o74o4 loaded
 am10o74o5 loaded
 am10o74o6 loaded
 am10o74o7 loaded
 am10o74o8 loaded
 am10o75o1 loaded
 am10o75o2 loaded
 am10o75o3 loaded
 am10o75o4 loaded
 am10o75o5 loaded
 am10o75o6 loaded
 am10o75o7 loaded
 am10o75o8 loaded
 am10o76o1 loaded
 am10o76o2 loaded
 am10o76o3 loaded
 am10o76o4 loaded
 am10o76o5 loaded
 am10o76o6 loaded
 am10o76o7 loaded
 am10o76o8 loaded
 am10o77o1 loaded
 am10o77o2 loaded
 am10o77o3 loaded
 am10o77o4 loaded
 am10o77o5 loaded
 am10o77o6 loaded
 am10o77o7 loaded
 am10o77o8 loaded
 am10o78o1 loaded
 am10o78o2 loaded
 am10o78o3 loaded
 am10o78o4 loaded
 am10o78o5 loaded
 am10o78o6 loaded
 am10o78o7 loaded
 am10o78o8 loaded
 am10o79o1 loaded
 am10o79o2 loaded
 am10o79o3 loaded
 am10o79o4 loaded
 am10o79o5 loaded
 am10o79o6 loaded
 am10o79o7 loaded
 am10o79o8 loaded
 am10o80o1 loaded
 am10o80o2 loaded
 am10o80o3 loaded
 am10o80o4 loaded
 am10o80o5 loaded
 am10o80o6 loaded
 am10o80o7 loaded
 am10o80o8 loaded
 am10o81o1 loaded
 am10o81o2 loaded
 am10o81o3 loaded
 am10o81o4 loaded
 am10o81o5 loaded
 am10o81o6 loaded
 am10o81o7 loaded
 am10o81o8 loaded
 am10o82o1 loaded
 am10o82o2 loaded
 am10o82o3 loaded
 am10o82o4 loaded
 am10o82o5 loaded
 am10o82o6 loaded
 am10o82o7 loaded
 am10o82o8 loaded
 am10o83o1 loaded
 am10o83o2 loaded
 am10o83o3 loaded
 am10o83o4 loaded
 am10o83o5 loaded
 am10o83o6 loaded
 am10o83o7 loaded
 am10o83o8 loaded
 am10o84o1 loaded
 am10o84o2 loaded
 am10o84o3 loaded
 am10o84o4 loaded
 am10o84o5 loaded
 am10o84o6 loaded
 am10o84o7 loaded
 am10o84o8 loaded
 am10o85o1 loaded
 am10o85o2 loaded
 am10o85o3 loaded
 am10o85o4 loaded
 am10o85o5 loaded
 am10o85o6 loaded
 am10o85o7 loaded
 am10o85o8 loaded
 am10o86o1 loaded
 am10o86o2 loaded
 am10o86o3 loaded
 am10o86o4 loaded
 am10o86o5 loaded
 am10o86o6 loaded
 am10o86o7 loaded
 am10o86o8 loaded
 am10o87o1 loaded
 am10o87o2 loaded
 am10o87o3 loaded
 am10o87o4 loaded
 am10o87o5 loaded
 am10o87o6 loaded
 am10o87o7 loaded
 am10o87o8 loaded
 am10o88o1 loaded
 am10o88o2 loaded
 am10o88o3 loaded
 am10o88o4 loaded
 am10o88o5 loaded
 am10o88o6 loaded
 am10o88o7 loaded
 am10o88o8 loaded
 am10o89o1 loaded
 am10o89o2 loaded
 am10o89o3 loaded
 am10o89o4 loaded
 am10o89o5 loaded
 am10o89o6 loaded
 am10o89o7 loaded
 am10o89o8 loaded
 am10o90o1 loaded
 am10o90o2 loaded
 am10o90o3 loaded
 am10o90o4 loaded
 am10o90o5 loaded
 am10o90o6 loaded
 am10o90o7 loaded
 am10o90o8 loaded
 am10o91o1 loaded
 am10o91o2 loaded
 am10o91o3 loaded
 am10o91o4 loaded
 am10o91o5 loaded
 am10o91o6 loaded
 am10o91o7 loaded
 am10o91o8 loaded
 am10o92o1 loaded
 am10o92o2 loaded
 am10o92o3 loaded
 am10o92o4 loaded
 am10o92o5 loaded
 am10o92o6 loaded
 am10o92o7 loaded
 am10o92o8 loaded
 am10o93o1 loaded
 am10o93o2 loaded
 am10o93o3 loaded
 am10o93o4 loaded
 am10o93o5 loaded
 am10o93o6 loaded
 am10o93o7 loaded
 am10o93o8 loaded
 am10o94o1 loaded
 am10o94o2 loaded
 am10o94o3 loaded
 am10o94o4 loaded
 am10o94o5 loaded
 am10o94o6 loaded
 am10o94o7 loaded
 am10o94o8 loaded
 am10o95o1 loaded
 am10o95o2 loaded
 am10o95o3 loaded
 am10o95o4 loaded
 am10o95o5 loaded
 am10o95o6 loaded
 am10o95o7 loaded
 am10o95o8 loaded
 am10o96o1 loaded
 am10o96o2 loaded
 am10o96o3 loaded
 am10o96o4 loaded
 am10o96o5 loaded
 am10o96o6 loaded
 am10o96o7 loaded
 am10o96o8 loaded
 am10o97o1 loaded
 am10o97o2 loaded
 am10o97o3 loaded
 am10o97o4 loaded
 am10o97o5 loaded
 am10o97o6 loaded
 am10o97o7 loaded
 am10o97o8 loaded
 am10o98o1 loaded
 am10o98o2 loaded
 am10o98o3 loaded
 am10o98o4 loaded
 am10o98o5 loaded
 am10o98o6 loaded
 am10o98o7 loaded
 am10o98o8 loaded
 am10o99o1 loaded
 am10o99o2 loaded
 am10o99o3 loaded
 am10o99o4 loaded
 am10o99o5 loaded
 am10o99o6 loaded
 am10o99o7 loaded
 am10o99o8 loaded
 am10o100o1 loaded
 am10o100o2 loaded
 am10o100o3 loaded
 am10o100o4 loaded
 am10o100o5 loaded
 am10o100o6 loaded
 am10o100o7 loaded
 am10o100o8 loaded
 am10o101o1 loaded
 am10o101o2 loaded
 am10o101o3 loaded
 am10o101o4 loaded
 am10o101o5 loaded
 am10o101o6 loaded
 am10o101o7 loaded
 am10o101o8 loaded
 am10o102o1 loaded
 am10o102o2 loaded
 am10o102o3 loaded
 am10o102o4 loaded
 am10o102o5 loaded
 am10o102o6 loaded
 am10o102o7 loaded
 am10o102o8 loaded
 am10o103o1 loaded
 am10o103o2 loaded
 am10o103o3 loaded
 am10o103o4 loaded
 am10o103o5 loaded
 am10o103o6 loaded
 am10o103o7 loaded
 am10o103o8 loaded
 am10o104o1 loaded
 am10o104o2 loaded
 am10o104o3 loaded
 am10o104o4 loaded
 am10o104o5 loaded
 am10o104o6 loaded
 am10o104o7 loaded
 am10o104o8 loaded
 am10o105o1 loaded
 am10o105o2 loaded
 am10o105o3 loaded
 am10o105o4 loaded
 am10o105o5 loaded
 am10o105o6 loaded
 am10o105o7 loaded
 am10o105o8 loaded
 am10o106o1 loaded
 am10o106o2 loaded
 am10o106o3 loaded
 am10o106o4 loaded
 am10o106o5 loaded
 am10o106o6 loaded
 am10o106o7 loaded
 am10o106o8 loaded
 am10o107o1 loaded
 am10o107o2 loaded
 am10o107o3 loaded
 am10o107o4 loaded
 am10o107o5 loaded
 am10o107o6 loaded
 am10o107o7 loaded
 am10o107o8 loaded
 am10o108o1 loaded
 am10o108o2 loaded
 am10o108o3 loaded
 am10o108o4 loaded
 am10o108o5 loaded
 am10o108o6 loaded
 am10o108o7 loaded
 am10o108o8 loaded
 am10o109o1 loaded
 am10o109o2 loaded
 am10o109o3 loaded
 am10o109o4 loaded
 am10o109o5 loaded
 am10o109o6 loaded
 am10o109o7 loaded
 am10o109o8 loaded
 am10o110o1 loaded
 am10o110o2 loaded
 am10o110o3 loaded
 am10o110o4 loaded
 am10o110o5 loaded
 am10o110o6 loaded
 am10o110o7 loaded
 am10o110o8 loaded
 am10o111o1 loaded
 am10o111o2 loaded
 am10o111o3 loaded
 am10o111o4 loaded
 am10o111o5 loaded
 am10o111o6 loaded
 am10o111o7 loaded
 am10o111o8 loaded
 am10o112o1 loaded
 am10o112o2 loaded
 am10o112o3 loaded
 am10o112o4 loaded
 am10o112o5 loaded
 am10o112o6 loaded
 am10o112o7 loaded
 am10o112o8 loaded
 am10o113o1 loaded
 am10o113o2 loaded
 am10o113o3 loaded
 am10o113o4 loaded
 am10o113o5 loaded
 am10o113o6 loaded
 am10o113o7 loaded
 am10o113o8 loaded
 am10o114o1 loaded
 am10o114o2 loaded
 am10o114o3 loaded
 am10o114o4 loaded
 am10o114o5 loaded
 am10o114o6 loaded
 am10o114o7 loaded
 am10o114o8 loaded
 am10o115o1 loaded
 am10o115o2 loaded
 am10o115o3 loaded
 am10o115o4 loaded
 am10o115o5 loaded
 am10o115o6 loaded
 am10o115o7 loaded
 am10o115o8 loaded
 am10o116o1 loaded
 am10o116o2 loaded
 am10o116o3 loaded
 am10o116o4 loaded
 am10o116o5 loaded
 am10o116o6 loaded
 am10o116o7 loaded
 am10o116o8 loaded
 am10o117o1 loaded
 am10o117o2 loaded
 am10o117o3 loaded
 am10o117o4 loaded
 am10o117o5 loaded
 am10o117o6 loaded
 am10o117o7 loaded
 am10o117o8 loaded
 am10o118o1 loaded
 am10o118o2 loaded
 am10o118o3 loaded
 am10o118o4 loaded
 am10o118o5 loaded
 am10o118o6 loaded
 am10o118o7 loaded
 am10o118o8 loaded
 am10o119o1 loaded
 am10o119o2 loaded
 am10o119o3 loaded
 am10o119o4 loaded
 am10o119o5 loaded
 am10o119o6 loaded
 am10o119o7 loaded
 am10o119o8 loaded
 am10o120o1 loaded
 am10o120o2 loaded
 am10o120o3 loaded
 am10o120o4 loaded
 am10o120o5 loaded
 am10o120o6 loaded
 am10o120o7 loaded
 am10o120o8 loaded
 am10o121o1 loaded
 am10o121o2 loaded
 am10o121o3 loaded
 am10o121o4 loaded
 am10o121o5 loaded
 am10o121o6 loaded
 am10o121o7 loaded
 am10o121o8 loaded
 am10o122o1 loaded
 am10o122o2 loaded
 am10o122o3 loaded
 am10o122o4 loaded
 am10o122o5 loaded
 am10o122o6 loaded
 am10o122o7 loaded
 am10o122o8 loaded
 am10o123o1 loaded
 am10o123o2 loaded
 am10o123o3 loaded
 am10o123o4 loaded
 am10o123o5 loaded
 am10o123o6 loaded
 am10o123o7 loaded
 am10o123o8 loaded
 am10o124o1 loaded
 am10o124o2 loaded
 am10o124o3 loaded
 am10o124o4 loaded
 am10o124o5 loaded
 am10o124o6 loaded
 am10o124o7 loaded
 am10o124o8 loaded
 am10o125o1 loaded
 am10o125o2 loaded
 am10o125o3 loaded
 am10o125o4 loaded
 am10o125o5 loaded
 am10o125o6 loaded
 am10o125o7 loaded
 am10o125o8 loaded
 am10o126o1 loaded
 am10o126o2 loaded
 am10o126o3 loaded
 am10o126o4 loaded
 am10o126o5 loaded
 am10o126o6 loaded
 am10o126o7 loaded
 am10o126o8 loaded
 am10o127o1 loaded
 am10o127o2 loaded
 am10o127o3 loaded
 am10o127o4 loaded
 am10o127o5 loaded
 am10o127o6 loaded
 am10o127o7 loaded
 am10o127o8 loaded
 am10o128o1 loaded
 am10o128o2 loaded
 am10o128o3 loaded
 am10o128o4 loaded
 am10o128o5 loaded
 am10o128o6 loaded
 am10o128o7 loaded
 am10o128o8 loaded
 am10o129o1 loaded
 am10o129o2 loaded
 am10o129o3 loaded
 am10o129o4 loaded
 am10o129o5 loaded
 am10o129o6 loaded
 am10o129o7 loaded
 am10o129o8 loaded
 am10o130o1 loaded
 am10o130o2 loaded
 am10o130o3 loaded
 am10o130o4 loaded
 am10o130o5 loaded
 am10o130o6 loaded
 am10o130o7 loaded
 am10o130o8 loaded
 am10o131o1 loaded
 am10o131o2 loaded
 am10o131o3 loaded
 am10o131o4 loaded
 am10o131o5 loaded
 am10o131o6 loaded
 am10o131o7 loaded
 am10o131o8 loaded
 am10o132o1 loaded
 am10o132o2 loaded
 am10o132o3 loaded
 am10o132o4 loaded
 am10o132o5 loaded
 am10o132o6 loaded
 am10o132o7 loaded
 am10o132o8 loaded
 am10o133o1 loaded
 am10o133o2 loaded
 am10o133o3 loaded
 am10o133o4 loaded
 am10o133o5 loaded
 am10o133o6 loaded
 am10o133o7 loaded
 am10o133o8 loaded
 am10o134o1 loaded
 am10o134o2 loaded
 am10o134o3 loaded
 am10o134o4 loaded
 am10o134o5 loaded
 am10o134o6 loaded
 am10o134o7 loaded
 am10o134o8 loaded
 am10o135o1 loaded
 am10o135o2 loaded
 am10o135o3 loaded
 am10o135o4 loaded
 am10o135o5 loaded
 am10o135o6 loaded
 am10o135o7 loaded
 am10o135o8 loaded
 am10o136o1 loaded
 am10o136o2 loaded
 am10o136o3 loaded
 am10o136o4 loaded
 am10o136o5 loaded
 am10o136o6 loaded
 am10o136o7 loaded
 am10o136o8 loaded
 am10o137o1 loaded
 am10o137o2 loaded
 am10o137o3 loaded
 am10o137o4 loaded
 am10o137o5 loaded
 am10o137o6 loaded
 am10o137o7 loaded
 am10o137o8 loaded
 am10o138o1 loaded
 am10o138o2 loaded
 am10o138o3 loaded
 am10o138o4 loaded
 am10o138o5 loaded
 am10o138o6 loaded
 am10o138o7 loaded
 am10o138o8 loaded
 am10o139o1 loaded
 am10o139o2 loaded
 am10o139o3 loaded
 am10o139o4 loaded
 am10o139o5 loaded
 am10o139o6 loaded
 am10o139o7 loaded
 am10o139o8 loaded
 am10o140o1 loaded
 am10o140o2 loaded
 am10o140o3 loaded
 am10o140o4 loaded
 am10o140o5 loaded
 am10o140o6 loaded
 am10o140o7 loaded
 am10o140o8 loaded
