FORM 4.2.1 (Sep  2 2021, v4.2.1-33-g2a37fd2) 64-bits  Run: Thu Jun  9 15:05:05 2022
    #-

   test =
       - 64*prop(p1.p1 + 2*p1.p2 + p2.p2)^2*prop(p1.p1 + 2*p1.p2 - 2*p1.p4 + 
      p2.p2 - 2*p2.p4 + p4.p4)*Sector(pentagon1x12x345,4,29)*p1.p4*p2.p4*
      p3.q^2*i_*gs^6*Y^2*Nc*basis2*Basis2
      ;


   test =
       - 64*prop(p1.p1 + 2*p1.p2 + p2.p2)^2*prop(p4.p4 + 2*p4.p3 + p3.p3)*
      Sector(pentagon1,4,29)*p1.p1*p1.p2*p4.p3^2*i_*cross1x12x345*gs^6*Y^2*Nc*
      basis2*Basis2
       - 64*prop(p1.p1 + 2*p1.p2 + p2.p2)^2*prop(p4.p4 + 2*p4.p3 + p3.p3)*
      Sector(pentagon1,4,29)*p1.p1*p2.p2*p4.p3^2*i_*cross1x12x345*gs^6*Y^2*Nc*
      basis2*Basis2
       + 64*prop(p1.p1 + 2*p1.p2 + p2.p2)^2*prop(p4.p4 + 2*p4.p3 + p3.p3)*
      Sector(pentagon1,4,29)*p1.p1*p2.p4*p4.p3^2*i_*cross1x12x345*gs^6*Y^2*Nc*
      basis2*Basis2
       + 64*prop(p1.p1 + 2*p1.p2 + p2.p2)^2*prop(p4.p4 + 2*p4.p3 + p3.p3)*
      Sector(pentagon1,4,29)*p1.p1*p2.p3*p4.p3^2*i_*cross1x12x345*gs^6*Y^2*Nc*
      basis2*Basis2
       + 64*prop(p1.p1 + 2*p1.p2 + p2.p2)^2*prop(p4.p4 + 2*p4.p3 + p3.p3)*
      Sector(pentagon1,4,29)*p1.p2*p1.p4*p4.p3^2*i_*cross1x12x345*gs^6*Y^2*Nc*
      basis2*Basis2
       + 64*prop(p1.p1 + 2*p1.p2 + p2.p2)^2*prop(p4.p4 + 2*p4.p3 + p3.p3)*
      Sector(pentagon1,4,29)*p1.p2*p1.p3*p4.p3^2*i_*cross1x12x345*gs^6*Y^2*Nc*
      basis2*Basis2
       - 64*prop(p1.p1 + 2*p1.p2 + p2.p2)^2*prop(p4.p4 + 2*p4.p3 + p3.p3)*
      Sector(pentagon1,4,29)*p1.p2*p2.p2*p4.p3^2*i_*cross1x12x345*gs^6*Y^2*Nc*
      basis2*Basis2
       + 64*prop(p1.p1 + 2*p1.p2 + p2.p2)^2*prop(p4.p4 + 2*p4.p3 + p3.p3)*
      Sector(pentagon1,4,29)*p1.p2*p2.p4*p4.p3^2*i_*cross1x12x345*gs^6*Y^2*Nc*
      basis2*Basis2
       + 64*prop(p1.p1 + 2*p1.p2 + p2.p2)^2*prop(p4.p4 + 2*p4.p3 + p3.p3)*
      Sector(pentagon1,4,29)*p1.p2*p2.p3*p4.p3^2*i_*cross1x12x345*gs^6*Y^2*Nc*
      basis2*Basis2
       - 64*prop(p1.p1 + 2*p1.p2 + p2.p2)^2*prop(p4.p4 + 2*p4.p3 + p3.p3)*
      Sector(pentagon1,4,29)*p1.p2^2*p4.p3^2*i_*cross1x12x345*gs^6*Y^2*Nc*
      basis2*Basis2
       + 64*prop(p1.p1 + 2*p1.p2 + p2.p2)^2*prop(p4.p4 + 2*p4.p3 + p3.p3)*
      Sector(pentagon1,4,29)*p1.p4*p2.p2*p4.p3^2*i_*cross1x12x345*gs^6*Y^2*Nc*
      basis2*Basis2
       - 64*prop(p1.p1 + 2*p1.p2 + p2.p2)^2*prop(p4.p4 + 2*p4.p3 + p3.p3)*
      Sector(pentagon1,4,29)*p1.p4*p2.p4*p4.p3^2*i_*cross1x12x345*gs^6*Y^2*Nc*
      basis2*Basis2
       - 64*prop(p1.p1 + 2*p1.p2 + p2.p2)^2*prop(p4.p4 + 2*p4.p3 + p3.p3)*
      Sector(pentagon1,4,29)*p1.p4*p2.p3*p4.p3^2*i_*cross1x12x345*gs^6*Y^2*Nc*
      basis2*Basis2
       + 64*prop(p1.p1 + 2*p1.p2 + p2.p2)^2*prop(p4.p4 + 2*p4.p3 + p3.p3)*
      Sector(pentagon1,4,29)*p1.p3*p2.p2*p4.p3^2*i_*cross1x12x345*gs^6*Y^2*Nc*
      basis2*Basis2
       - 64*prop(p1.p1 + 2*p1.p2 + p2.p2)^2*prop(p4.p4 + 2*p4.p3 + p3.p3)*
      Sector(pentagon1,4,29)*p1.p3*p2.p4*p4.p3^2*i_*cross1x12x345*gs^6*Y^2*Nc*
      basis2*Basis2
       - 64*prop(p1.p1 + 2*p1.p2 + p2.p2)^2*prop(p4.p4 + 2*p4.p3 + p3.p3)*
      Sector(pentagon1,4,29)*p1.p3*p2.p3*p4.p3^2*i_*cross1x12x345*gs^6*Y^2*Nc*
      basis2*Basis2
      ;

  0.00 sec out of 0.01 sec
