FORM 4.2.1 (Sep  2 2021, v4.2.1-33-g2a37fd2) 64-bits  Run: Wed Jun  8 10:20:17 2022
    #-

   loop0diagram1 =

       + prop( - p1 - p2,0)*prop(p3 + q,0)*gs^2*Y*Basis2 * (
          + UB(iie1,p1,0,up)*U(iie2,p3,0,top)*VB(iie4,p4,0,top)*V(iie3,p2,0,up
         )*g(iie1,iie3,up,ll2)*g(iie4,iie2,top,ll2,p3)*i_
          + UB(iie1,p1,0,up)*U(iie2,p3,0,top)*VB(iie4,p4,0,top)*V(iie3,p2,0,up
         )*g(iie1,iie3,up,ll2)*g(iie4,iie2,top,ll2,q)*i_
          );

   loop1diagram20 =

       + prop(k1,0)*prop( - p1 + k1,0)*prop( - p2 - k1,0)*prop(p3 + q,0)*prop(
      p1 - p4 - k1,0)*gs^4*Y*basis2 * (
          + UB(ie2,p3,0,top)*U(ie1,p1,0,up)*VB(ie3,p2,0,up)*V(ie4,p4,0,top)*g(
         ie2,ie4,top,p3,l7,p1,l5)*g(ie3,ie1,up,l7,k1,l5)*Nc^-1
          - UB(ie2,p3,0,top)*U(ie1,p1,0,up)*VB(ie3,p2,0,up)*V(ie4,p4,0,top)*g(
         ie2,ie4,top,p3,l7,p4,l5)*g(ie3,ie1,up,l7,k1,l5)*Nc^-1
          - UB(ie2,p3,0,top)*U(ie1,p1,0,up)*VB(ie3,p2,0,up)*V(ie4,p4,0,top)*g(
         ie2,ie4,top,p3,l7,k1,l5)*g(ie3,ie1,up,l7,k1,l5)*Nc^-1
          + UB(ie2,p3,0,top)*U(ie1,p1,0,up)*VB(ie3,p2,0,up)*V(ie4,p4,0,top)*g(
         ie2,ie4,top,q,l7,p1,l5)*g(ie3,ie1,up,l7,k1,l5)*Nc^-1
          - UB(ie2,p3,0,top)*U(ie1,p1,0,up)*VB(ie3,p2,0,up)*V(ie4,p4,0,top)*g(
         ie2,ie4,top,q,l7,p4,l5)*g(ie3,ie1,up,l7,k1,l5)*Nc^-1
          - UB(ie2,p3,0,top)*U(ie1,p1,0,up)*VB(ie3,p2,0,up)*V(ie4,p4,0,top)*g(
         ie2,ie4,top,q,l7,k1,l5)*g(ie3,ie1,up,l7,k1,l5)*Nc^-1
          )

       + prop(k1,0)*prop( - p1 + k1,0)*prop( - p2 - k1,0)*prop(p3 + q,0)*prop(
      p1 - p4 - k1,0)*gs^4*Y*basis1 * (
          - 1/4*UB(ie2,p3,0,top)*U(ie1,p1,0,up)*VB(ie3,p2,0,up)*V(ie4,p4,0,top
         )*g(ie2,ie4,top,p3,l7,p1,l5)*g(ie3,ie1,up,l7,k1,l5)
          + 1/4*UB(ie2,p3,0,top)*U(ie1,p1,0,up)*VB(ie3,p2,0,up)*V(ie4,p4,0,top
         )*g(ie2,ie4,top,p3,l7,p1,l5)*g(ie3,ie1,up,l7,k1,l5)*Nc^-2
          + 1/4*UB(ie2,p3,0,top)*U(ie1,p1,0,up)*VB(ie3,p2,0,up)*V(ie4,p4,0,top
         )*g(ie2,ie4,top,p3,l7,p4,l5)*g(ie3,ie1,up,l7,k1,l5)
          - 1/4*UB(ie2,p3,0,top)*U(ie1,p1,0,up)*VB(ie3,p2,0,up)*V(ie4,p4,0,top
         )*g(ie2,ie4,top,p3,l7,p4,l5)*g(ie3,ie1,up,l7,k1,l5)*Nc^-2
          + 1/4*UB(ie2,p3,0,top)*U(ie1,p1,0,up)*VB(ie3,p2,0,up)*V(ie4,p4,0,top
         )*g(ie2,ie4,top,p3,l7,k1,l5)*g(ie3,ie1,up,l7,k1,l5)
          - 1/4*UB(ie2,p3,0,top)*U(ie1,p1,0,up)*VB(ie3,p2,0,up)*V(ie4,p4,0,top
         )*g(ie2,ie4,top,p3,l7,k1,l5)*g(ie3,ie1,up,l7,k1,l5)*Nc^-2
          - 1/4*UB(ie2,p3,0,top)*U(ie1,p1,0,up)*VB(ie3,p2,0,up)*V(ie4,p4,0,top
         )*g(ie2,ie4,top,q,l7,p1,l5)*g(ie3,ie1,up,l7,k1,l5)
          + 1/4*UB(ie2,p3,0,top)*U(ie1,p1,0,up)*VB(ie3,p2,0,up)*V(ie4,p4,0,top
         )*g(ie2,ie4,top,q,l7,p1,l5)*g(ie3,ie1,up,l7,k1,l5)*Nc^-2
          + 1/4*UB(ie2,p3,0,top)*U(ie1,p1,0,up)*VB(ie3,p2,0,up)*V(ie4,p4,0,top
         )*g(ie2,ie4,top,q,l7,p4,l5)*g(ie3,ie1,up,l7,k1,l5)
          - 1/4*UB(ie2,p3,0,top)*U(ie1,p1,0,up)*VB(ie3,p2,0,up)*V(ie4,p4,0,top
         )*g(ie2,ie4,top,q,l7,p4,l5)*g(ie3,ie1,up,l7,k1,l5)*Nc^-2
          + 1/4*UB(ie2,p3,0,top)*U(ie1,p1,0,up)*VB(ie3,p2,0,up)*V(ie4,p4,0,top
         )*g(ie2,ie4,top,q,l7,k1,l5)*g(ie3,ie1,up,l7,k1,l5)
          - 1/4*UB(ie2,p3,0,top)*U(ie1,p1,0,up)*VB(ie3,p2,0,up)*V(ie4,p4,0,top
         )*g(ie2,ie4,top,q,l7,k1,l5)*g(ie3,ie1,up,l7,k1,l5)*Nc^-2
          );

   Mat10o27o1 =

       + prop(-k1,0)*prop( - p1 - p2,0)*prop(p1 + p2,0)*prop(p1 - k1,0)*prop(
       - p2 - k1,0)*prop(p3 + q,0)^2*gs^6*Y^2 * (
          + 40*p1.p1*p2.p2*p3.p3*p3.p4*i_*Nc^-1
          - 40*p1.p1*p2.p2*p3.p3*p3.p4*i_*Nc
          - 16*p1.p1*p2.p2*p3.p3*p3.p4*i_*D*Nc^-1
          + 16*p1.p1*p2.p2*p3.p3*p3.p4*i_*D*Nc
          + 2*p1.p1*p2.p2*p3.p3*p3.p4*i_*D^2*Nc^-1
          - 2*p1.p1*p2.p2*p3.p3*p3.p4*i_*D^2*Nc
          + 80*p1.p1*p2.p2*p3.p3*q.p4*i_*Nc^-1
          - 80*p1.p1*p2.p2*p3.p3*q.p4*i_*Nc
          - 32*p1.p1*p2.p2*p3.p3*q.p4*i_*D*Nc^-1
          + 32*p1.p1*p2.p2*p3.p3*q.p4*i_*D*Nc
          + 4*p1.p1*p2.p2*p3.p3*q.p4*i_*D^2*Nc^-1
          - 4*p1.p1*p2.p2*p3.p3*q.p4*i_*D^2*Nc
          + 80*p1.p1*p2.p2*p3.q*q.p4*i_*Nc^-1
          - 80*p1.p1*p2.p2*p3.q*q.p4*i_*Nc
          - 32*p1.p1*p2.p2*p3.q*q.p4*i_*D*Nc^-1
          + 32*p1.p1*p2.p2*p3.q*q.p4*i_*D*Nc
          + 4*p1.p1*p2.p2*p3.q*q.p4*i_*D^2*Nc^-1
          - 4*p1.p1*p2.p2*p3.q*q.p4*i_*D^2*Nc
          - 40*p1.p1*p2.p2*p3.p4*q.q*i_*Nc^-1
          + 40*p1.p1*p2.p2*p3.p4*q.q*i_*Nc
          + 16*p1.p1*p2.p2*p3.p4*q.q*i_*D*Nc^-1
          - 16*p1.p1*p2.p2*p3.p4*q.q*i_*D*Nc
          - 2*p1.p1*p2.p2*p3.p4*q.q*i_*D^2*Nc^-1
          + 2*p1.p1*p2.p2*p3.p4*q.q*i_*D^2*Nc
          - 16*p1.p1*p2.p3*p2.p4*p3.p3*i_*Nc^-1
          + 16*p1.p1*p2.p3*p2.p4*p3.p3*i_*Nc
          + 16*p1.p1*p2.p3*p2.p4*q.q*i_*Nc^-1
          - 16*p1.p1*p2.p3*p2.p4*q.q*i_*Nc
          - 8*p1.p1*p2.p3*p3.p3*p4.k1*i_*Nc^-1
          + 8*p1.p1*p2.p3*p3.p3*p4.k1*i_*Nc
          + 8*p1.p1*p2.p3*q.q*p4.k1*i_*Nc^-1
          - 8*p1.p1*p2.p3*q.q*p4.k1*i_*Nc
          - 32*p1.p1*p2.q*p2.p4*p3.p3*i_*Nc^-1
          + 32*p1.p1*p2.q*p2.p4*p3.p3*i_*Nc
          - 32*p1.p1*p2.q*p2.p4*p3.q*i_*Nc^-1
          + 32*p1.p1*p2.q*p2.p4*p3.q*i_*Nc
          - 16*p1.p1*p2.q*p3.p3*p4.k1*i_*Nc^-1
          + 16*p1.p1*p2.q*p3.p3*p4.k1*i_*Nc
          - 16*p1.p1*p2.q*p3.q*p4.k1*i_*Nc^-1
          + 16*p1.p1*p2.q*p3.q*p4.k1*i_*Nc
          - 8*p1.p1*p2.p4*p3.p3*p3.k1*i_*Nc^-1
          + 8*p1.p1*p2.p4*p3.p3*p3.k1*i_*Nc
          - 16*p1.p1*p2.p4*p3.p3*q.k1*i_*Nc^-1
          + 16*p1.p1*p2.p4*p3.p3*q.k1*i_*Nc
          - 16*p1.p1*p2.p4*p3.q*q.k1*i_*Nc^-1
          + 16*p1.p1*p2.p4*p3.q*q.k1*i_*Nc
          + 8*p1.p1*p2.p4*p3.k1*q.q*i_*Nc^-1
          - 8*p1.p1*p2.p4*p3.k1*q.q*i_*Nc
          + 40*p1.p1*p2.k1*p3.p3*p3.p4*i_*Nc^-1
          - 40*p1.p1*p2.k1*p3.p3*p3.p4*i_*Nc
          - 16*p1.p1*p2.k1*p3.p3*p3.p4*i_*D*Nc^-1
          + 16*p1.p1*p2.k1*p3.p3*p3.p4*i_*D*Nc
          + 2*p1.p1*p2.k1*p3.p3*p3.p4*i_*D^2*Nc^-1
          - 2*p1.p1*p2.k1*p3.p3*p3.p4*i_*D^2*Nc
          + 80*p1.p1*p2.k1*p3.p3*q.p4*i_*Nc^-1
          - 80*p1.p1*p2.k1*p3.p3*q.p4*i_*Nc
          - 32*p1.p1*p2.k1*p3.p3*q.p4*i_*D*Nc^-1
          + 32*p1.p1*p2.k1*p3.p3*q.p4*i_*D*Nc
          + 4*p1.p1*p2.k1*p3.p3*q.p4*i_*D^2*Nc^-1
          - 4*p1.p1*p2.k1*p3.p3*q.p4*i_*D^2*Nc
          + 80*p1.p1*p2.k1*p3.q*q.p4*i_*Nc^-1
          - 80*p1.p1*p2.k1*p3.q*q.p4*i_*Nc
          - 32*p1.p1*p2.k1*p3.q*q.p4*i_*D*Nc^-1
          + 32*p1.p1*p2.k1*p3.q*q.p4*i_*D*Nc
          + 4*p1.p1*p2.k1*p3.q*q.p4*i_*D^2*Nc^-1
          - 4*p1.p1*p2.k1*p3.q*q.p4*i_*D^2*Nc
          - 40*p1.p1*p2.k1*p3.p4*q.q*i_*Nc^-1
          + 40*p1.p1*p2.k1*p3.p4*q.q*i_*Nc
          + 16*p1.p1*p2.k1*p3.p4*q.q*i_*D*Nc^-1
          - 16*p1.p1*p2.k1*p3.p4*q.q*i_*D*Nc
          - 2*p1.p1*p2.k1*p3.p4*q.q*i_*D^2*Nc^-1
          + 2*p1.p1*p2.k1*p3.p4*q.q*i_*D^2*Nc
          + 16*p1.p2*p1.p3*p2.p4*p3.p3*i_*Nc^-1
          - 16*p1.p2*p1.p3*p2.p4*p3.p3*i_*Nc
          - 16*p1.p2*p1.p3*p2.p4*q.q*i_*Nc^-1
          + 16*p1.p2*p1.p3*p2.p4*q.q*i_*Nc
          + 8*p1.p2*p1.p3*p3.p3*p4.k1*i_*Nc^-1
          - 8*p1.p2*p1.p3*p3.p3*p4.k1*i_*Nc
          - 8*p1.p2*p1.p3*q.q*p4.k1*i_*Nc^-1
          + 8*p1.p2*p1.p3*q.q*p4.k1*i_*Nc
          + 32*p1.p2*p1.q*p2.p4*p3.p3*i_*Nc^-1
          - 32*p1.p2*p1.q*p2.p4*p3.p3*i_*Nc
          + 32*p1.p2*p1.q*p2.p4*p3.q*i_*Nc^-1
          - 32*p1.p2*p1.q*p2.p4*p3.q*i_*Nc
          + 16*p1.p2*p1.q*p3.p3*p4.k1*i_*Nc^-1
          - 16*p1.p2*p1.q*p3.p3*p4.k1*i_*Nc
          + 16*p1.p2*p1.q*p3.q*p4.k1*i_*Nc^-1
          - 16*p1.p2*p1.q*p3.q*p4.k1*i_*Nc
          + 16*p1.p2*p1.p4*p2.p3*p3.p3*i_*Nc^-1
          - 16*p1.p2*p1.p4*p2.p3*p3.p3*i_*Nc
          - 16*p1.p2*p1.p4*p2.p3*q.q*i_*Nc^-1
          + 16*p1.p2*p1.p4*p2.p3*q.q*i_*Nc
          + 32*p1.p2*p1.p4*p2.q*p3.p3*i_*Nc^-1
          - 32*p1.p2*p1.p4*p2.q*p3.p3*i_*Nc
          + 32*p1.p2*p1.p4*p2.q*p3.q*i_*Nc^-1
          - 32*p1.p2*p1.p4*p2.q*p3.q*i_*Nc
          + 8*p1.p2*p1.p4*p3.p3*p3.k1*i_*Nc^-1
          - 8*p1.p2*p1.p4*p3.p3*p3.k1*i_*Nc
          + 16*p1.p2*p1.p4*p3.p3*q.k1*i_*Nc^-1
          - 16*p1.p2*p1.p4*p3.p3*q.k1*i_*Nc
          + 16*p1.p2*p1.p4*p3.q*q.k1*i_*Nc^-1
          - 16*p1.p2*p1.p4*p3.q*q.k1*i_*Nc
          - 8*p1.p2*p1.p4*p3.k1*q.q*i_*Nc^-1
          + 8*p1.p2*p1.p4*p3.k1*q.q*i_*Nc
          - 32*p1.p2*p1.k1*p3.p3*p3.p4*i_*Nc^-1
          + 32*p1.p2*p1.k1*p3.p3*p3.p4*i_*Nc
          + 8*p1.p2*p1.k1*p3.p3*p3.p4*i_*D*Nc^-1
          - 8*p1.p2*p1.k1*p3.p3*p3.p4*i_*D*Nc
          - 64*p1.p2*p1.k1*p3.p3*q.p4*i_*Nc^-1
          + 64*p1.p2*p1.k1*p3.p3*q.p4*i_*Nc
          + 16*p1.p2*p1.k1*p3.p3*q.p4*i_*D*Nc^-1
          - 16*p1.p2*p1.k1*p3.p3*q.p4*i_*D*Nc
          - 64*p1.p2*p1.k1*p3.q*q.p4*i_*Nc^-1
          + 64*p1.p2*p1.k1*p3.q*q.p4*i_*Nc
          + 16*p1.p2*p1.k1*p3.q*q.p4*i_*D*Nc^-1
          - 16*p1.p2*p1.k1*p3.q*q.p4*i_*D*Nc
          + 32*p1.p2*p1.k1*p3.p4*q.q*i_*Nc^-1
          - 32*p1.p2*p1.k1*p3.p4*q.q*i_*Nc
          - 8*p1.p2*p1.k1*p3.p4*q.q*i_*D*Nc^-1
          + 8*p1.p2*p1.k1*p3.p4*q.q*i_*D*Nc
          - 8*p1.p2*p2.p3*p3.p3*p4.k1*i_*Nc^-1
          + 8*p1.p2*p2.p3*p3.p3*p4.k1*i_*Nc
          + 8*p1.p2*p2.p3*q.q*p4.k1*i_*Nc^-1
          - 8*p1.p2*p2.p3*q.q*p4.k1*i_*Nc
          - 16*p1.p2*p2.q*p3.p3*p4.k1*i_*Nc^-1
          + 16*p1.p2*p2.q*p3.p3*p4.k1*i_*Nc
          - 16*p1.p2*p2.q*p3.q*p4.k1*i_*Nc^-1
          + 16*p1.p2*p2.q*p3.q*p4.k1*i_*Nc
          - 8*p1.p2*p2.p4*p3.p3*p3.k1*i_*Nc^-1
          + 8*p1.p2*p2.p4*p3.p3*p3.k1*i_*Nc
          - 16*p1.p2*p2.p4*p3.p3*q.k1*i_*Nc^-1
          + 16*p1.p2*p2.p4*p3.p3*q.k1*i_*Nc
          - 16*p1.p2*p2.p4*p3.q*q.k1*i_*Nc^-1
          + 16*p1.p2*p2.p4*p3.q*q.k1*i_*Nc
          + 8*p1.p2*p2.p4*p3.k1*q.q*i_*Nc^-1
          - 8*p1.p2*p2.p4*p3.k1*q.q*i_*Nc
          + 32*p1.p2*p2.k1*p3.p3*p3.p4*i_*Nc^-1
          - 32*p1.p2*p2.k1*p3.p3*p3.p4*i_*Nc
          - 8*p1.p2*p2.k1*p3.p3*p3.p4*i_*D*Nc^-1
          + 8*p1.p2*p2.k1*p3.p3*p3.p4*i_*D*Nc
          + 64*p1.p2*p2.k1*p3.p3*q.p4*i_*Nc^-1
          - 64*p1.p2*p2.k1*p3.p3*q.p4*i_*Nc
          - 16*p1.p2*p2.k1*p3.p3*q.p4*i_*D*Nc^-1
          + 16*p1.p2*p2.k1*p3.p3*q.p4*i_*D*Nc
          + 64*p1.p2*p2.k1*p3.q*q.p4*i_*Nc^-1
          - 64*p1.p2*p2.k1*p3.q*q.p4*i_*Nc
          - 16*p1.p2*p2.k1*p3.q*q.p4*i_*D*Nc^-1
          + 16*p1.p2*p2.k1*p3.q*q.p4*i_*D*Nc
          - 32*p1.p2*p2.k1*p3.p4*q.q*i_*Nc^-1
          + 32*p1.p2*p2.k1*p3.p4*q.q*i_*Nc
          + 8*p1.p2*p2.k1*p3.p4*q.q*i_*D*Nc^-1
          - 8*p1.p2*p2.k1*p3.p4*q.q*i_*D*Nc
          - 24*p1.p2*p3.p3*p3.p4*k1.k1*i_*Nc^-1
          + 24*p1.p2*p3.p3*p3.p4*k1.k1*i_*Nc
          + 16*p1.p2*p3.p3*p3.p4*k1.k1*i_*D*Nc^-1
          - 16*p1.p2*p3.p3*p3.p4*k1.k1*i_*D*Nc
          - 2*p1.p2*p3.p3*p3.p4*k1.k1*i_*D^2*Nc^-1
          + 2*p1.p2*p3.p3*p3.p4*k1.k1*i_*D^2*Nc
          + 16*p1.p2*p3.p3*p3.k1*p4.k1*i_*Nc^-1
          - 16*p1.p2*p3.p3*p3.k1*p4.k1*i_*Nc
          - 8*p1.p2*p3.p3*p3.k1*p4.k1*i_*D*Nc^-1
          + 8*p1.p2*p3.p3*p3.k1*p4.k1*i_*D*Nc
          - 48*p1.p2*p3.p3*q.p4*k1.k1*i_*Nc^-1
          + 48*p1.p2*p3.p3*q.p4*k1.k1*i_*Nc
          + 32*p1.p2*p3.p3*q.p4*k1.k1*i_*D*Nc^-1
          - 32*p1.p2*p3.p3*q.p4*k1.k1*i_*D*Nc
          - 4*p1.p2*p3.p3*q.p4*k1.k1*i_*D^2*Nc^-1
          + 4*p1.p2*p3.p3*q.p4*k1.k1*i_*D^2*Nc
          + 32*p1.p2*p3.p3*q.k1*p4.k1*i_*Nc^-1
          - 32*p1.p2*p3.p3*q.k1*p4.k1*i_*Nc
          - 16*p1.p2*p3.p3*q.k1*p4.k1*i_*D*Nc^-1
          + 16*p1.p2*p3.p3*q.k1*p4.k1*i_*D*Nc
          - 48*p1.p2*p3.q*q.p4*k1.k1*i_*Nc^-1
          + 48*p1.p2*p3.q*q.p4*k1.k1*i_*Nc
          + 32*p1.p2*p3.q*q.p4*k1.k1*i_*D*Nc^-1
          - 32*p1.p2*p3.q*q.p4*k1.k1*i_*D*Nc
          - 4*p1.p2*p3.q*q.p4*k1.k1*i_*D^2*Nc^-1
          + 4*p1.p2*p3.q*q.p4*k1.k1*i_*D^2*Nc
          + 32*p1.p2*p3.q*q.k1*p4.k1*i_*Nc^-1
          - 32*p1.p2*p3.q*q.k1*p4.k1*i_*Nc
          - 16*p1.p2*p3.q*q.k1*p4.k1*i_*D*Nc^-1
          + 16*p1.p2*p3.q*q.k1*p4.k1*i_*D*Nc
          + 24*p1.p2*p3.p4*q.q*k1.k1*i_*Nc^-1
          - 24*p1.p2*p3.p4*q.q*k1.k1*i_*Nc
          - 16*p1.p2*p3.p4*q.q*k1.k1*i_*D*Nc^-1
          + 16*p1.p2*p3.p4*q.q*k1.k1*i_*D*Nc
          + 2*p1.p2*p3.p4*q.q*k1.k1*i_*D^2*Nc^-1
          - 2*p1.p2*p3.p4*q.q*k1.k1*i_*D^2*Nc
          - 16*p1.p2*p3.k1*q.q*p4.k1*i_*Nc^-1
          + 16*p1.p2*p3.k1*q.q*p4.k1*i_*Nc
          + 8*p1.p2*p3.k1*q.q*p4.k1*i_*D*Nc^-1
          - 8*p1.p2*p3.k1*q.q*p4.k1*i_*D*Nc
          - 32*p1.p2^2*p3.p3*p3.p4*i_*Nc^-1
          + 32*p1.p2^2*p3.p3*p3.p4*i_*Nc
          + 8*p1.p2^2*p3.p3*p3.p4*i_*D*Nc^-1
          - 8*p1.p2^2*p3.p3*p3.p4*i_*D*Nc
          - 64*p1.p2^2*p3.p3*q.p4*i_*Nc^-1
          + 64*p1.p2^2*p3.p3*q.p4*i_*Nc
          + 16*p1.p2^2*p3.p3*q.p4*i_*D*Nc^-1
          - 16*p1.p2^2*p3.p3*q.p4*i_*D*Nc
          - 64*p1.p2^2*p3.q*q.p4*i_*Nc^-1
          + 64*p1.p2^2*p3.q*q.p4*i_*Nc
          + 16*p1.p2^2*p3.q*q.p4*i_*D*Nc^-1
          - 16*p1.p2^2*p3.q*q.p4*i_*D*Nc
          + 32*p1.p2^2*p3.p4*q.q*i_*Nc^-1
          - 32*p1.p2^2*p3.p4*q.q*i_*Nc
          - 8*p1.p2^2*p3.p4*q.q*i_*D*Nc^-1
          + 8*p1.p2^2*p3.p4*q.q*i_*D*Nc
          - 16*p1.p3*p1.p4*p2.p2*p3.p3*i_*Nc^-1
          + 16*p1.p3*p1.p4*p2.p2*p3.p3*i_*Nc
          + 16*p1.p3*p1.p4*p2.p2*q.q*i_*Nc^-1
          - 16*p1.p3*p1.p4*p2.p2*q.q*i_*Nc
          - 16*p1.p3*p1.p4*p2.k1*p3.p3*i_*Nc^-1
          + 16*p1.p3*p1.p4*p2.k1*p3.p3*i_*Nc
          + 16*p1.p3*p1.p4*p2.k1*q.q*i_*Nc^-1
          - 16*p1.p3*p1.p4*p2.k1*q.q*i_*Nc
          + 8*p1.p3*p1.k1*p2.p4*p3.p3*i_*Nc^-1
          - 8*p1.p3*p1.k1*p2.p4*p3.p3*i_*Nc
          - 8*p1.p3*p1.k1*p2.p4*q.q*i_*Nc^-1
          + 8*p1.p3*p1.k1*p2.p4*q.q*i_*Nc
          + 8*p1.p3*p2.p2*p3.p3*p4.k1*i_*Nc^-1
          - 8*p1.p3*p2.p2*p3.p3*p4.k1*i_*Nc
          - 8*p1.p3*p2.p2*q.q*p4.k1*i_*Nc^-1
          + 8*p1.p3*p2.p2*q.q*p4.k1*i_*Nc
          - 8*p1.p3*p2.p4*p2.k1*p3.p3*i_*Nc^-1
          + 8*p1.p3*p2.p4*p2.k1*p3.p3*i_*Nc
          + 8*p1.p3*p2.p4*p2.k1*q.q*i_*Nc^-1
          - 8*p1.p3*p2.p4*p2.k1*q.q*i_*Nc
          + 8*p1.p3*p2.p4*p3.p3*k1.k1*i_*Nc^-1
          - 8*p1.p3*p2.p4*p3.p3*k1.k1*i_*Nc
          - 4*p1.p3*p2.p4*p3.p3*k1.k1*i_*D*Nc^-1
          + 4*p1.p3*p2.p4*p3.p3*k1.k1*i_*D*Nc
          - 8*p1.p3*p2.p4*q.q*k1.k1*i_*Nc^-1
          + 8*p1.p3*p2.p4*q.q*k1.k1*i_*Nc
          + 4*p1.p3*p2.p4*q.q*k1.k1*i_*D*Nc^-1
          - 4*p1.p3*p2.p4*q.q*k1.k1*i_*D*Nc
          - 8*p1.p3*p2.k1*p3.p3*p4.k1*i_*Nc^-1
          + 8*p1.p3*p2.k1*p3.p3*p4.k1*i_*Nc
          + 4*p1.p3*p2.k1*p3.p3*p4.k1*i_*D*Nc^-1
          - 4*p1.p3*p2.k1*p3.p3*p4.k1*i_*D*Nc
          + 8*p1.p3*p2.k1*q.q*p4.k1*i_*Nc^-1
          - 8*p1.p3*p2.k1*q.q*p4.k1*i_*Nc
          - 4*p1.p3*p2.k1*q.q*p4.k1*i_*D*Nc^-1
          + 4*p1.p3*p2.k1*q.q*p4.k1*i_*D*Nc
          - 32*p1.q*p1.p4*p2.p2*p3.p3*i_*Nc^-1
          + 32*p1.q*p1.p4*p2.p2*p3.p3*i_*Nc
          - 32*p1.q*p1.p4*p2.p2*p3.q*i_*Nc^-1
          + 32*p1.q*p1.p4*p2.p2*p3.q*i_*Nc
          - 32*p1.q*p1.p4*p2.k1*p3.p3*i_*Nc^-1
          + 32*p1.q*p1.p4*p2.k1*p3.p3*i_*Nc
          - 32*p1.q*p1.p4*p2.k1*p3.q*i_*Nc^-1
          + 32*p1.q*p1.p4*p2.k1*p3.q*i_*Nc
          + 16*p1.q*p1.k1*p2.p4*p3.p3*i_*Nc^-1
          - 16*p1.q*p1.k1*p2.p4*p3.p3*i_*Nc
          + 16*p1.q*p1.k1*p2.p4*p3.q*i_*Nc^-1
          - 16*p1.q*p1.k1*p2.p4*p3.q*i_*Nc
          + 16*p1.q*p2.p2*p3.p3*p4.k1*i_*Nc^-1
          - 16*p1.q*p2.p2*p3.p3*p4.k1*i_*Nc
          + 16*p1.q*p2.p2*p3.q*p4.k1*i_*Nc^-1
          - 16*p1.q*p2.p2*p3.q*p4.k1*i_*Nc
          - 16*p1.q*p2.p4*p2.k1*p3.p3*i_*Nc^-1
          + 16*p1.q*p2.p4*p2.k1*p3.p3*i_*Nc
          - 16*p1.q*p2.p4*p2.k1*p3.q*i_*Nc^-1
          + 16*p1.q*p2.p4*p2.k1*p3.q*i_*Nc
          + 16*p1.q*p2.p4*p3.p3*k1.k1*i_*Nc^-1
          - 16*p1.q*p2.p4*p3.p3*k1.k1*i_*Nc
          - 8*p1.q*p2.p4*p3.p3*k1.k1*i_*D*Nc^-1
          + 8*p1.q*p2.p4*p3.p3*k1.k1*i_*D*Nc
          + 16*p1.q*p2.p4*p3.q*k1.k1*i_*Nc^-1
          - 16*p1.q*p2.p4*p3.q*k1.k1*i_*Nc
          - 8*p1.q*p2.p4*p3.q*k1.k1*i_*D*Nc^-1
          + 8*p1.q*p2.p4*p3.q*k1.k1*i_*D*Nc
          - 16*p1.q*p2.k1*p3.p3*p4.k1*i_*Nc^-1
          + 16*p1.q*p2.k1*p3.p3*p4.k1*i_*Nc
          + 8*p1.q*p2.k1*p3.p3*p4.k1*i_*D*Nc^-1
          - 8*p1.q*p2.k1*p3.p3*p4.k1*i_*D*Nc
          - 16*p1.q*p2.k1*p3.q*p4.k1*i_*Nc^-1
          + 16*p1.q*p2.k1*p3.q*p4.k1*i_*Nc
          + 8*p1.q*p2.k1*p3.q*p4.k1*i_*D*Nc^-1
          - 8*p1.q*p2.k1*p3.q*p4.k1*i_*D*Nc
          + 8*p1.p4*p1.k1*p2.p3*p3.p3*i_*Nc^-1
          - 8*p1.p4*p1.k1*p2.p3*p3.p3*i_*Nc
          - 8*p1.p4*p1.k1*p2.p3*q.q*i_*Nc^-1
          + 8*p1.p4*p1.k1*p2.p3*q.q*i_*Nc
          + 16*p1.p4*p1.k1*p2.q*p3.p3*i_*Nc^-1
          - 16*p1.p4*p1.k1*p2.q*p3.p3*i_*Nc
          + 16*p1.p4*p1.k1*p2.q*p3.q*i_*Nc^-1
          - 16*p1.p4*p1.k1*p2.q*p3.q*i_*Nc
          + 8*p1.p4*p2.p2*p3.p3*p3.k1*i_*Nc^-1
          - 8*p1.p4*p2.p2*p3.p3*p3.k1*i_*Nc
          + 16*p1.p4*p2.p2*p3.p3*q.k1*i_*Nc^-1
          - 16*p1.p4*p2.p2*p3.p3*q.k1*i_*Nc
          + 16*p1.p4*p2.p2*p3.q*q.k1*i_*Nc^-1
          - 16*p1.p4*p2.p2*p3.q*q.k1*i_*Nc
          - 8*p1.p4*p2.p2*p3.k1*q.q*i_*Nc^-1
          + 8*p1.p4*p2.p2*p3.k1*q.q*i_*Nc
          - 8*p1.p4*p2.p3*p2.k1*p3.p3*i_*Nc^-1
          + 8*p1.p4*p2.p3*p2.k1*p3.p3*i_*Nc
          + 8*p1.p4*p2.p3*p2.k1*q.q*i_*Nc^-1
          - 8*p1.p4*p2.p3*p2.k1*q.q*i_*Nc
          + 8*p1.p4*p2.p3*p3.p3*k1.k1*i_*Nc^-1
          - 8*p1.p4*p2.p3*p3.p3*k1.k1*i_*Nc
          - 4*p1.p4*p2.p3*p3.p3*k1.k1*i_*D*Nc^-1
          + 4*p1.p4*p2.p3*p3.p3*k1.k1*i_*D*Nc
          - 8*p1.p4*p2.p3*q.q*k1.k1*i_*Nc^-1
          + 8*p1.p4*p2.p3*q.q*k1.k1*i_*Nc
          + 4*p1.p4*p2.p3*q.q*k1.k1*i_*D*Nc^-1
          - 4*p1.p4*p2.p3*q.q*k1.k1*i_*D*Nc
          - 16*p1.p4*p2.q*p2.k1*p3.p3*i_*Nc^-1
          + 16*p1.p4*p2.q*p2.k1*p3.p3*i_*Nc
          - 16*p1.p4*p2.q*p2.k1*p3.q*i_*Nc^-1
          + 16*p1.p4*p2.q*p2.k1*p3.q*i_*Nc
          + 16*p1.p4*p2.q*p3.p3*k1.k1*i_*Nc^-1
          - 16*p1.p4*p2.q*p3.p3*k1.k1*i_*Nc
          - 8*p1.p4*p2.q*p3.p3*k1.k1*i_*D*Nc^-1
          + 8*p1.p4*p2.q*p3.p3*k1.k1*i_*D*Nc
          + 16*p1.p4*p2.q*p3.q*k1.k1*i_*Nc^-1
          - 16*p1.p4*p2.q*p3.q*k1.k1*i_*Nc
          - 8*p1.p4*p2.q*p3.q*k1.k1*i_*D*Nc^-1
          + 8*p1.p4*p2.q*p3.q*k1.k1*i_*D*Nc
          - 8*p1.p4*p2.k1*p3.p3*p3.k1*i_*Nc^-1
          + 8*p1.p4*p2.k1*p3.p3*p3.k1*i_*Nc
          + 4*p1.p4*p2.k1*p3.p3*p3.k1*i_*D*Nc^-1
          - 4*p1.p4*p2.k1*p3.p3*p3.k1*i_*D*Nc
          - 16*p1.p4*p2.k1*p3.p3*q.k1*i_*Nc^-1
          + 16*p1.p4*p2.k1*p3.p3*q.k1*i_*Nc
          + 8*p1.p4*p2.k1*p3.p3*q.k1*i_*D*Nc^-1
          - 8*p1.p4*p2.k1*p3.p3*q.k1*i_*D*Nc
          - 16*p1.p4*p2.k1*p3.q*q.k1*i_*Nc^-1
          + 16*p1.p4*p2.k1*p3.q*q.k1*i_*Nc
          + 8*p1.p4*p2.k1*p3.q*q.k1*i_*D*Nc^-1
          - 8*p1.p4*p2.k1*p3.q*q.k1*i_*D*Nc
          + 8*p1.p4*p2.k1*p3.k1*q.q*i_*Nc^-1
          - 8*p1.p4*p2.k1*p3.k1*q.q*i_*Nc
          - 4*p1.p4*p2.k1*p3.k1*q.q*i_*D*Nc^-1
          + 4*p1.p4*p2.k1*p3.k1*q.q*i_*D*Nc
          - 40*p1.k1*p2.p2*p3.p3*p3.p4*i_*Nc^-1
          + 40*p1.k1*p2.p2*p3.p3*p3.p4*i_*Nc
          + 16*p1.k1*p2.p2*p3.p3*p3.p4*i_*D*Nc^-1
          - 16*p1.k1*p2.p2*p3.p3*p3.p4*i_*D*Nc
          - 2*p1.k1*p2.p2*p3.p3*p3.p4*i_*D^2*Nc^-1
          + 2*p1.k1*p2.p2*p3.p3*p3.p4*i_*D^2*Nc
          - 80*p1.k1*p2.p2*p3.p3*q.p4*i_*Nc^-1
          + 80*p1.k1*p2.p2*p3.p3*q.p4*i_*Nc
          + 32*p1.k1*p2.p2*p3.p3*q.p4*i_*D*Nc^-1
          - 32*p1.k1*p2.p2*p3.p3*q.p4*i_*D*Nc
          - 4*p1.k1*p2.p2*p3.p3*q.p4*i_*D^2*Nc^-1
          + 4*p1.k1*p2.p2*p3.p3*q.p4*i_*D^2*Nc
          - 80*p1.k1*p2.p2*p3.q*q.p4*i_*Nc^-1
          + 80*p1.k1*p2.p2*p3.q*q.p4*i_*Nc
          + 32*p1.k1*p2.p2*p3.q*q.p4*i_*D*Nc^-1
          - 32*p1.k1*p2.p2*p3.q*q.p4*i_*D*Nc
          - 4*p1.k1*p2.p2*p3.q*q.p4*i_*D^2*Nc^-1
          + 4*p1.k1*p2.p2*p3.q*q.p4*i_*D^2*Nc
          + 40*p1.k1*p2.p2*p3.p4*q.q*i_*Nc^-1
          - 40*p1.k1*p2.p2*p3.p4*q.q*i_*Nc
          - 16*p1.k1*p2.p2*p3.p4*q.q*i_*D*Nc^-1
          + 16*p1.k1*p2.p2*p3.p4*q.q*i_*D*Nc
          + 2*p1.k1*p2.p2*p3.p4*q.q*i_*D^2*Nc^-1
          - 2*p1.k1*p2.p2*p3.p4*q.q*i_*D^2*Nc
          + 16*p1.k1*p2.p3*p2.p4*p3.p3*i_*Nc^-1
          - 16*p1.k1*p2.p3*p2.p4*p3.p3*i_*Nc
          - 16*p1.k1*p2.p3*p2.p4*q.q*i_*Nc^-1
          + 16*p1.k1*p2.p3*p2.p4*q.q*i_*Nc
          - 8*p1.k1*p2.p3*p3.p3*p4.k1*i_*Nc^-1
          + 8*p1.k1*p2.p3*p3.p3*p4.k1*i_*Nc
          + 4*p1.k1*p2.p3*p3.p3*p4.k1*i_*D*Nc^-1
          - 4*p1.k1*p2.p3*p3.p3*p4.k1*i_*D*Nc
          + 8*p1.k1*p2.p3*q.q*p4.k1*i_*Nc^-1
          - 8*p1.k1*p2.p3*q.q*p4.k1*i_*Nc
          - 4*p1.k1*p2.p3*q.q*p4.k1*i_*D*Nc^-1
          + 4*p1.k1*p2.p3*q.q*p4.k1*i_*D*Nc
          + 32*p1.k1*p2.q*p2.p4*p3.p3*i_*Nc^-1
          - 32*p1.k1*p2.q*p2.p4*p3.p3*i_*Nc
          + 32*p1.k1*p2.q*p2.p4*p3.q*i_*Nc^-1
          - 32*p1.k1*p2.q*p2.p4*p3.q*i_*Nc
          - 16*p1.k1*p2.q*p3.p3*p4.k1*i_*Nc^-1
          + 16*p1.k1*p2.q*p3.p3*p4.k1*i_*Nc
          + 8*p1.k1*p2.q*p3.p3*p4.k1*i_*D*Nc^-1
          - 8*p1.k1*p2.q*p3.p3*p4.k1*i_*D*Nc
          - 16*p1.k1*p2.q*p3.q*p4.k1*i_*Nc^-1
          + 16*p1.k1*p2.q*p3.q*p4.k1*i_*Nc
          + 8*p1.k1*p2.q*p3.q*p4.k1*i_*D*Nc^-1
          - 8*p1.k1*p2.q*p3.q*p4.k1*i_*D*Nc
          - 8*p1.k1*p2.p4*p3.p3*p3.k1*i_*Nc^-1
          + 8*p1.k1*p2.p4*p3.p3*p3.k1*i_*Nc
          + 4*p1.k1*p2.p4*p3.p3*p3.k1*i_*D*Nc^-1
          - 4*p1.k1*p2.p4*p3.p3*p3.k1*i_*D*Nc
          - 16*p1.k1*p2.p4*p3.p3*q.k1*i_*Nc^-1
          + 16*p1.k1*p2.p4*p3.p3*q.k1*i_*Nc
          + 8*p1.k1*p2.p4*p3.p3*q.k1*i_*D*Nc^-1
          - 8*p1.k1*p2.p4*p3.p3*q.k1*i_*D*Nc
          - 16*p1.k1*p2.p4*p3.q*q.k1*i_*Nc^-1
          + 16*p1.k1*p2.p4*p3.q*q.k1*i_*Nc
          + 8*p1.k1*p2.p4*p3.q*q.k1*i_*D*Nc^-1
          - 8*p1.k1*p2.p4*p3.q*q.k1*i_*D*Nc
          + 8*p1.k1*p2.p4*p3.k1*q.q*i_*Nc^-1
          - 8*p1.k1*p2.p4*p3.k1*q.q*i_*Nc
          - 4*p1.k1*p2.p4*p3.k1*q.q*i_*D*Nc^-1
          + 4*p1.k1*p2.p4*p3.k1*q.q*i_*D*Nc
          + 16*p1.k1*p2.k1*p3.p3*p3.p4*i_*Nc^-1
          - 16*p1.k1*p2.k1*p3.p3*p3.p4*i_*Nc
          - 8*p1.k1*p2.k1*p3.p3*p3.p4*i_*D*Nc^-1
          + 8*p1.k1*p2.k1*p3.p3*p3.p4*i_*D*Nc
          + 32*p1.k1*p2.k1*p3.p3*q.p4*i_*Nc^-1
          - 32*p1.k1*p2.k1*p3.p3*q.p4*i_*Nc
          - 16*p1.k1*p2.k1*p3.p3*q.p4*i_*D*Nc^-1
          + 16*p1.k1*p2.k1*p3.p3*q.p4*i_*D*Nc
          + 32*p1.k1*p2.k1*p3.q*q.p4*i_*Nc^-1
          - 32*p1.k1*p2.k1*p3.q*q.p4*i_*Nc
          - 16*p1.k1*p2.k1*p3.q*q.p4*i_*D*Nc^-1
          + 16*p1.k1*p2.k1*p3.q*q.p4*i_*D*Nc
          - 16*p1.k1*p2.k1*p3.p4*q.q*i_*Nc^-1
          + 16*p1.k1*p2.k1*p3.p4*q.q*i_*Nc
          + 8*p1.k1*p2.k1*p3.p4*q.q*i_*D*Nc^-1
          - 8*p1.k1*p2.k1*p3.p4*q.q*i_*D*Nc
          );

  2.96 sec out of 2.97 sec
