FORM 4.2.1 (Sep  2 2021, v4.2.1-33-g2a37fd2) 64-bits  Run: Tue Jun 21 15:43:40 2022
    #-

   dif1 = 0;


   dif2 = 0;


   dif3 = 0;


   dif4 = 0;


   dif5 = 0;


   dif6 = 0;


   dif7 = 0;


   dif8 = 0;


   dif9 = 0;


   dif10 = 0;


   dif11 = 0;


   dif12 = 0;


   dif13 = 0;


   dif14 = 0;


   dif15 = 0;


   dif16 = 0;


   dif17 = 0;


   dif18 = 0;


   dif19 = 0;


   dif20 = 0;


   dif21 = 0;


   dif22 = 0;


   dif23 = 0;


   dif24 = 0;


   dif25 = 0;


   dif26 = 0;


   dif27 = 0;


   dif28 = 0;


   dif29 = 0;


   dif30 = 0;


   dif31 = 0;


   dif32 = 0;


   dif33 = 0;


   dif34 = 0;


   dif35 = 0;


   dif36 = 0;


   dif37 = 0;


   dif38 = 0;


   dif39 = 0;


   dif40 = 0;


   dif41 = 0;


   dif42 = 0;


   dif43 = 0;


   dif44 = 0;


   dif45 = 0;


   dif46 = 0;


   dif47 = 0;


   dif48 = 0;


   dif49 = 0;


   dif50 = 0;


   dif51 = 0;


   dif52 = 0;


   dif53 = 0;


   dif54 = 0;


   dif55 = 0;


   dif56 = 0;


   dif57 = 0;


   dif58 = 0;


   dif59 = 0;


   dif60 = 0;


   dif61 = 0;


   dif62 = 0;


   dif63 = 0;


   dif64 = 0;


   dif65 = 0;


   dif66 = 0;


   dif67 = 0;


   dif68 = 0;


   dif69 = 0;


   dif70 = 0;


   dif71 = 0;


   dif72 = 0;


   dif73 = 0;


   dif74 = 0;


   dif75 = 0;


   dif76 = 0;


   dif77 = 0;


   dif78 = 0;


   dif79 = 0;


   dif80 = 0;


   dif81 = 0;


   dif82 = 0;


   dif83 = 0;


   dif84 = 0;


   dif85 = 0;


   dif86 = 0;


   dif87 = 0;


   dif88 = 0;


   dif89 = 0;


   dif90 = 0;


   dif91 = 0;


   dif92 = 0;


   dif93 = 0;


   dif94 = 0;


   dif95 = 0;


   dif96 = 0;


   dif97 = 0;


   dif98 = 0;


   dif99 = 0;


   dif100 = 0;


   dif101 = 0;


   dif102 = 0;


   dif103 = 0;


   dif104 = 0;


   dif105 = 0;


   dif106 = 0;


   dif107 = 0;


   dif108 = 0;


   dif109 = 0;


   dif110 = 0;


   dif111 = 0;


   dif112 = 0;


   dif113 = 0;


   dif114 = 0;


   dif115 = 0;


   dif116 = 0;


   dif117 = 0;


   dif118 = 0;


   dif119 = 0;


   dif120 = 0;


   ex1 = 0;

   ex2 = 0;

   ex3 = 0;

   ex4 = 0;

   ex5 = 0;

   ex6 = 0;

   ex7 = 0;

   ex8 = 0;

   ex9 = 0;

   ex10 = 0;

   ex11 = 0;

   ex12 = 0;

   ex13 = 0;

   ex14 = 0;

   ex15 = 0;

   ex16 = 0;

   ex17 = 0;

   ex18 = 0;

   ex19 = 0;

   ex20 = 0;

   ex21 = 0;

   ex22 = 0;

   ex23 = 0;

   ex24 = 0;

   ex25 = 0;

   ex26 = 0;

   ex27 = 0;

   ex28 = 0;

   ex29 = 0;

   ex30 = 0;

   ex31 = 0;

   ex32 = 0;

   ex33 = 0;

   ex34 = 0;

   ex35 = 0;

   ex36 = 0;

   ex37 = 0;

   ex38 = 0;

   ex39 = 0;

   ex40 = 0;

   ex41 = 0;

   ex42 =
       - 5/6*pentagon1(0,0,1,0,1);

   ex43 =
       - 10*pentagon1(0,1,0,1,0);

   ex44 =
      1/8*pentagon1(0,1,0,0,1) - 1/8*pentagon1(0,1,0,1,0);

   ex45 =
      5/4*pentagon1(0,0,1,0,1) - 5/4*pentagon1(0,1,0,0,1);

   ex46 =
       - 25/2*pentagon1(0,1,0,1,0);

   ex47 =
       - 1/10*pentagon1(0,1,0,1,0);

   ex48 =
       - 29/6*pentagon1(0,0,1,0,1);

   ex49 =
       - 1/160*pentagon1(0,1,0,0,1) + 37/32*pentagon1(0,1,0,1,0);

   ex50 =
       - 87/8*pentagon1(0,0,1,0,1) - 5/8*pentagon1(0,1,0,0,1);

   ex51 =
      37/50*pentagon1(0,1,0,1,0);

   ex52 =
       - 363/50*pentagon1(0,1,0,1,0);

   ex53 =
       - 2*pentagon1(1,0,0,1,0);

   ex54 =
       - 5/8*pentagon1(1,0,0,1,0);

   ex55 =
       - pentagon1(0,0,1,0,1);

   ex56 =
      pentagon1(1,0,1,0,0);

   ex57 =
       - 5/4*pentagon1(0,0,1,0,1) + 5/4*pentagon1(1,0,1,0,0);

   ex58 =
      8/7*pentagon1(1,0,1,0,0);

   ex59 =
       - 3/2*pentagon1(1,0,0,1,0);

   ex60 =
      3/2*pentagon1(1,0,1,0,0);

   ex61 =
       - 5/6*pentagon1(1,0,0,1,0) + 5/6*pentagon1(1,0,1,0,0);

   ex62 = 0;

   ex63 =
      3/8*pentagon1(1,0,0,1,0);

   ex64 =
      6/7*pentagon1(1,0,1,0,0);

   ex65 =
      3*pentagon1(1,0,1,0,0);

   ex66 =
      2/3*pentagon1(1,0,0,1,0) + 4/3*pentagon1(1,0,1,0,0);

   ex67 =
       - 16/9*pentagon1(1,0,0,1,0) + 22/9*pentagon1(1,0,1,0,0);

   ex68 =
      18/7*pentagon1(1,0,1,0,0);

   ex69 =
       - 5/2*pentagon1(0,1,0,0,1);

   ex70 =
       - 1/2*pentagon1(0,1,0,0,1);

   ex71 =
       - 21/2*pentagon1(0,1,0,1,0);

   ex72 =
      21/2*pentagon1(1,0,0,1,0);

   ex73 =
       - 5/42*pentagon1(0,1,0,1,0) + 5/42*pentagon1(1,0,0,1,0);

   ex74 =
       - 11/40*pentagon1(0,1,0,0,1) + 43/40*pentagon1(0,1,0,1,0);

   ex75 =
       - 47/8*pentagon1(1,0,0,1,0);

   ex76 =
       - 22/5*pentagon1(0,1,0,0,1);

   ex77 =
      430/441*pentagon1(0,1,0,1,0) - 94/441*pentagon1(1,0,0,1,0);

   ex78 =
       - 273200/27783*pentagon1(0,1,0,1,0) + 12464/27783*pentagon1(1,0,0,1,0);

   ex79 =
       - 1/2*pentagon1(1,0,1,0,0);

   ex80 =
       - 5/2*pentagon1(1,0,1,0,0);

   ex81 =
       - 3/8*pentagon1(0,0,1,0,1) + 15/8*pentagon1(0,1,0,0,1);

   ex82 =
       - 3/14*pentagon1(1,0,1,0,0);

   ex83 =
       - 3/8*pentagon1(0,0,1,0,1) - 9/8*pentagon1(1,0,1,0,0);

   ex84 =
      3/10*pentagon1(0,1,0,0,1);

   ex85 =
       - 9/2*pentagon1(1,0,1,0,0);

   ex86 =
       - 19/2*pentagon1(1,0,1,0,0);

   ex87 =
       - 317/14*pentagon1(1,0,1,0,0);

   ex88 =
      41/50*pentagon1(0,1,0,1,0);

   ex89 =
      13/14*pentagon1(1,0,1,0,0);

   ex90 =
       - 101/18*pentagon1(1,0,0,1,0) - 31/18*pentagon1(1,0,1,0,0);

   ex91 =
      1025/882*pentagon1(0,1,0,1,0) - 101/882*pentagon1(1,0,0,1,0);

   ex92 =
       - 31/2*pentagon1(1,0,1,0,0);

   ex93 =
      29/240*pentagon1(0,1,0,0,1) - 617/48*pentagon1(0,1,0,1,0);

   ex94 =
      5/16*pentagon1(0,0,1,0,1) + 545/48*pentagon1(0,1,0,0,1);

   ex95 =
       - 116/15*pentagon1(0,1,0,1,0);

   ex96 =
       - 85/276*pentagon1(0,0,1,0,1) + 13/92*pentagon1(0,1,0,0,1) - 21/230*
      pentagon1(0,1,0,1,0) - 63/46*pentagon1(0,1,1,1,1);

   ex97 =
      74/9*pentagon1(1,0,0,1,0) - 55/18*pentagon1(1,0,1,0,0);

   ex98 =
       - 205/72*pentagon1(0,0,1,0,1) + 365/144*pentagon1(1,0,0,1,0) - 295/72*
      pentagon1(1,0,1,0,0) + 53/12*pentagon1(1,0,1,1,1);

   ex99 =
       - 694075/55566*pentagon1(0,1,0,1,0) + 9914/27783*pentagon1(1,0,0,1,0);

   ex100 =
      27/128*pentagon1(0,1,0,0,1) - 503/2688*pentagon1(0,1,0,1,0) + 755/2688*
      pentagon1(1,0,0,1,0) + 103/32*pentagon1(1,1,0,1,1);

   ex101 =
       - 98/3*pentagon1(1,0,1,0,0);

   ex102 =
       - 95/12*pentagon1(0,0,1,0,1) + 107/12*pentagon1(0,1,0,0,1) - 70/3*
      pentagon1(1,0,1,0,0) - 47/6*pentagon1(1,1,1,0,1);

   ex103 =
       - 463/4620*pentagon1(0,1,0,1,0) + 185/924*pentagon1(1,0,0,1,0) - 35/44*
      pentagon1(1,0,1,0,0) + 23/44*pentagon1(1,1,1,1,0);

   ex104 =
       - 3385/42*pentagon1(1,0,1,0,0);

   ex105 =
      1478383/2134440*pentagon1(0,1,0,1,0) - 12563/426888*pentagon1(1,0,0,1,0)
       - 1605/968*pentagon1(1,0,1,0,0) + 4227/4840*pentagon1(1,1,1,1,0);

   ex106 =
       - 52341525569/7395834600*pentagon1(0,1,0,1,0) + 180157979/295833384*
      pentagon1(1,0,0,1,0) - 128501/31944*pentagon1(1,0,1,0,0) + 57707/53240*
      pentagon1(1,1,1,1,0);

   ex107 =
       - 401/3*pentagon1(1,0,1,0,0);

   ex108 =
       - 6905/21*pentagon1(1,0,1,0,0);

   ex109 =
      3811/24*pentagon1(0,0,1,0,1) - 3289/40*pentagon1(0,1,0,0,1) + 290/3*
      pentagon1(1,0,1,0,0) + 2809/30*pentagon1(1,1,1,0,1);

   ex110 =
       - 400625/27783*pentagon1(0,1,0,1,0) + 4691/27783*pentagon1(1,0,0,1,0);

   ex111 =
      8187/10240*pentagon1(0,1,0,0,1) + 4401853/4515840*pentagon1(0,1,0,1,0)
       + 837631/903168*pentagon1(1,0,0,1,0) + 29427/2560*pentagon1(1,1,0,1,1);

   ex112 =
      2/7*pentagon1(1,0,1,0,0);

   ex113 =
       - 4691/81*pentagon1(1,0,0,1,0) + 401/81*pentagon1(1,0,1,0,0);

   ex114 =
       - 2423/72*pentagon1(0,0,1,0,1) + 27043/864*pentagon1(1,0,0,1,0) - 3169/
      216*pentagon1(1,0,1,0,0) + 1103/40*pentagon1(1,0,1,1,1);

   ex115 =
       - 2/3*pentagon1(0,0,1,0,1);

   ex116 =
      43/60*pentagon1(0,1,0,0,1) - 683/60*pentagon1(0,1,0,1,0);

   ex117 =
      11/16*pentagon1(0,0,1,0,1) - 75/16*pentagon1(0,1,0,0,1);

   ex118 =
       - 641/75*pentagon1(0,1,0,1,0);

   ex119 =
      6311/12696*pentagon1(0,0,1,0,1) - 9537/21160*pentagon1(0,1,0,0,1) + 
      24209/26450*pentagon1(0,1,0,1,0) + 12827/5290*pentagon1(0,1,1,1,1);

   ex120 =
       - 2107021/1752048*pentagon1(0,0,1,0,1) + 1392369/973360*pentagon1(0,1,0
      ,0,1) - 5924541/608350*pentagon1(0,1,0,1,0) - 293517/60835*pentagon1(0,1
      ,1,1,1);

   expr1 = 0;

   expr2 = 0;

   expr3 = 0;

   expr4 = 0;

   expr5 = 0;

   expr6 = 0;

   expr7 = 0;

   expr8 = 0;

   expr9 = 0;

   expr10 = 0;

   expr11 = 0;

   expr12 = 0;

   expr13 = 0;

   expr14 = 0;

   expr15 = 0;

   expr16 = 0;

   expr17 = 0;

   expr18 = 0;

   expr19 = 0;

   expr20 = 0;

   expr21 = 0;

   expr22 = 0;

   expr23 = 0;

   expr24 = 0;

   expr25 = 0;

   expr26 = 0;

   expr27 = 0;

   expr28 = 0;

   expr29 = 0;

   expr30 = 0;

   expr31 = 0;

   expr32 = 0;

   expr33 = 0;

   expr34 = 0;

   expr35 = 0;

   expr36 = 0;

   expr37 = 0;

   expr38 = 0;

   expr39 = 0;

   expr40 = 0;

   expr41 = 0;

   expr42 =
       - 5/6*pentagon1(0,0,1,0,1);

   expr43 =
       - 10*pentagon1(0,1,0,1,0);

   expr44 =
      1/8*pentagon1(0,1,0,0,1) - 1/8*pentagon1(0,1,0,1,0);

   expr45 =
      5/4*pentagon1(0,0,1,0,1) - 5/4*pentagon1(0,1,0,0,1);

   expr46 =
       - 25/2*pentagon1(0,1,0,1,0);

   expr47 =
       - 1/10*pentagon1(0,1,0,1,0);

   expr48 =
       - 29/6*pentagon1(0,0,1,0,1);

   expr49 =
       - 1/160*pentagon1(0,1,0,0,1) + 37/32*pentagon1(0,1,0,1,0);

   expr50 =
       - 87/8*pentagon1(0,0,1,0,1) - 5/8*pentagon1(0,1,0,0,1);

   expr51 =
      37/50*pentagon1(0,1,0,1,0);

   expr52 =
       - 363/50*pentagon1(0,1,0,1,0);

   expr53 =
       - 2*pentagon1(1,0,0,1,0);

   expr54 =
       - 5/8*pentagon1(1,0,0,1,0);

   expr55 =
       - pentagon1(0,0,1,0,1);

   expr56 =
      pentagon1(1,0,1,0,0);

   expr57 =
       - 5/4*pentagon1(0,0,1,0,1) + 5/4*pentagon1(1,0,1,0,0);

   expr58 =
      8/7*pentagon1(1,0,1,0,0);

   expr59 =
       - 3/2*pentagon1(1,0,0,1,0);

   expr60 =
      3/2*pentagon1(1,0,1,0,0);

   expr61 =
       - 5/6*pentagon1(1,0,0,1,0) + 5/6*pentagon1(1,0,1,0,0);

   expr62 = 0;

   expr63 =
      3/8*pentagon1(1,0,0,1,0);

   expr64 =
      6/7*pentagon1(1,0,1,0,0);

   expr65 =
      3*pentagon1(1,0,1,0,0);

   expr66 =
      2/3*pentagon1(1,0,0,1,0) + 4/3*pentagon1(1,0,1,0,0);

   expr67 =
       - 16/9*pentagon1(1,0,0,1,0) + 22/9*pentagon1(1,0,1,0,0);

   expr68 =
      18/7*pentagon1(1,0,1,0,0);

   expr69 =
       - 5/2*pentagon1(0,1,0,0,1);

   expr70 =
       - 1/2*pentagon1(0,1,0,0,1);

   expr71 =
       - 21/2*pentagon1(0,1,0,1,0);

   expr72 =
      21/2*pentagon1(1,0,0,1,0);

   expr73 =
       - 5/42*pentagon1(0,1,0,1,0) + 5/42*pentagon1(1,0,0,1,0);

   expr74 =
       - 11/40*pentagon1(0,1,0,0,1) + 43/40*pentagon1(0,1,0,1,0);

   expr75 =
       - 47/8*pentagon1(1,0,0,1,0);

   expr76 =
       - 22/5*pentagon1(0,1,0,0,1);

   expr77 =
      430/441*pentagon1(0,1,0,1,0) - 94/441*pentagon1(1,0,0,1,0);

   expr78 =
       - 273200/27783*pentagon1(0,1,0,1,0) + 12464/27783*pentagon1(1,0,0,1,0);

   expr79 =
       - 1/2*pentagon1(1,0,1,0,0);

   expr80 =
       - 5/2*pentagon1(1,0,1,0,0);

   expr81 =
       - 3/8*pentagon1(0,0,1,0,1) + 15/8*pentagon1(0,1,0,0,1);

   expr82 =
       - 3/14*pentagon1(1,0,1,0,0);

   expr83 =
       - 3/8*pentagon1(0,0,1,0,1) - 9/8*pentagon1(1,0,1,0,0);

   expr84 =
      3/10*pentagon1(0,1,0,0,1);

   expr85 =
       - 9/2*pentagon1(1,0,1,0,0);

   expr86 =
       - 19/2*pentagon1(1,0,1,0,0);

   expr87 =
       - 317/14*pentagon1(1,0,1,0,0);

   expr88 =
      41/50*pentagon1(0,1,0,1,0);

   expr89 =
      13/14*pentagon1(1,0,1,0,0);

   expr90 =
       - 101/18*pentagon1(1,0,0,1,0) - 31/18*pentagon1(1,0,1,0,0);

   expr91 =
      1025/882*pentagon1(0,1,0,1,0) - 101/882*pentagon1(1,0,0,1,0);

   expr92 =
       - 31/2*pentagon1(1,0,1,0,0);

   expr93 =
      29/240*pentagon1(0,1,0,0,1) - 617/48*pentagon1(0,1,0,1,0);

   expr94 =
      5/16*pentagon1(0,0,1,0,1) + 545/48*pentagon1(0,1,0,0,1);

   expr95 =
       - 116/15*pentagon1(0,1,0,1,0);

   expr96 =
       - 85/276*pentagon1(0,0,1,0,1) + 13/92*pentagon1(0,1,0,0,1) - 21/230*
      pentagon1(0,1,0,1,0) - 63/46*pentagon1(0,1,1,1,1);

   expr97 =
      74/9*pentagon1(1,0,0,1,0) - 55/18*pentagon1(1,0,1,0,0);

   expr98 =
       - 205/72*pentagon1(0,0,1,0,1) + 365/144*pentagon1(1,0,0,1,0) - 295/72*
      pentagon1(1,0,1,0,0) + 53/12*pentagon1(1,0,1,1,1);

   expr99 =
       - 694075/55566*pentagon1(0,1,0,1,0) + 9914/27783*pentagon1(1,0,0,1,0);

   expr100 =
      27/128*pentagon1(0,1,0,0,1) - 503/2688*pentagon1(0,1,0,1,0) + 755/2688*
      pentagon1(1,0,0,1,0) + 103/32*pentagon1(1,1,0,1,1);

   expr101 =
       - 98/3*pentagon1(1,0,1,0,0);

   expr102 =
       - 95/12*pentagon1(0,0,1,0,1) + 107/12*pentagon1(0,1,0,0,1) - 70/3*
      pentagon1(1,0,1,0,0) - 47/6*pentagon1(1,1,1,0,1);

   expr103 =
       - 463/4620*pentagon1(0,1,0,1,0) + 185/924*pentagon1(1,0,0,1,0) - 35/44*
      pentagon1(1,0,1,0,0) + 23/44*pentagon1(1,1,1,1,0);

   expr104 =
       - 3385/42*pentagon1(1,0,1,0,0);

   expr105 =
      1478383/2134440*pentagon1(0,1,0,1,0) - 12563/426888*pentagon1(1,0,0,1,0)
       - 1605/968*pentagon1(1,0,1,0,0) + 4227/4840*pentagon1(1,1,1,1,0);

   expr106 =
       - 52341525569/7395834600*pentagon1(0,1,0,1,0) + 180157979/295833384*
      pentagon1(1,0,0,1,0) - 128501/31944*pentagon1(1,0,1,0,0) + 57707/53240*
      pentagon1(1,1,1,1,0);

   expr107 =
       - 401/3*pentagon1(1,0,1,0,0);

   expr108 =
       - 6905/21*pentagon1(1,0,1,0,0);

   expr109 =
      3811/24*pentagon1(0,0,1,0,1) - 3289/40*pentagon1(0,1,0,0,1) + 290/3*
      pentagon1(1,0,1,0,0) + 2809/30*pentagon1(1,1,1,0,1);

   expr110 =
       - 400625/27783*pentagon1(0,1,0,1,0) + 4691/27783*pentagon1(1,0,0,1,0);

   expr111 =
      8187/10240*pentagon1(0,1,0,0,1) + 4401853/4515840*pentagon1(0,1,0,1,0)
       + 837631/903168*pentagon1(1,0,0,1,0) + 29427/2560*pentagon1(1,1,0,1,1);

   expr112 =
      2/7*pentagon1(1,0,1,0,0);

   expr113 =
       - 4691/81*pentagon1(1,0,0,1,0) + 401/81*pentagon1(1,0,1,0,0);

   expr114 =
       - 2423/72*pentagon1(0,0,1,0,1) + 27043/864*pentagon1(1,0,0,1,0) - 3169/
      216*pentagon1(1,0,1,0,0) + 1103/40*pentagon1(1,0,1,1,1);

   expr115 =
       - 2/3*pentagon1(0,0,1,0,1);

   expr116 =
      43/60*pentagon1(0,1,0,0,1) - 683/60*pentagon1(0,1,0,1,0);

   expr117 =
      11/16*pentagon1(0,0,1,0,1) - 75/16*pentagon1(0,1,0,0,1);

   expr118 =
       - 641/75*pentagon1(0,1,0,1,0);

   expr119 =
      6311/12696*pentagon1(0,0,1,0,1) - 9537/21160*pentagon1(0,1,0,0,1) + 
      24209/26450*pentagon1(0,1,0,1,0) + 12827/5290*pentagon1(0,1,1,1,1);

   expr120 =
       - 2107021/1752048*pentagon1(0,0,1,0,1) + 1392369/973360*pentagon1(0,1,0
      ,0,1) - 5924541/608350*pentagon1(0,1,0,1,0) - 293517/60835*pentagon1(0,1
      ,1,1,1);

   dif1 = 0;

   dif2 = 0;

   dif3 = 0;

   dif4 = 0;

   dif5 = 0;

   dif6 = 0;

   dif7 = 0;

   dif8 = 0;

   dif9 = 0;

   dif10 = 0;

   dif11 = 0;

   dif12 = 0;

   dif13 = 0;

   dif14 = 0;

   dif15 = 0;

   dif16 = 0;

   dif17 = 0;

   dif18 = 0;

   dif19 = 0;

   dif20 = 0;

   dif21 = 0;

   dif22 = 0;

   dif23 = 0;

   dif24 = 0;

   dif25 = 0;

   dif26 = 0;

   dif27 = 0;

   dif28 = 0;

   dif29 = 0;

   dif30 = 0;

   dif31 = 0;

   dif32 = 0;

   dif33 = 0;

   dif34 = 0;

   dif35 = 0;

   dif36 = 0;

   dif37 = 0;

   dif38 = 0;

   dif39 = 0;

   dif40 = 0;

   dif41 = 0;

   dif42 = 0;

   dif43 = 0;

   dif44 = 0;

   dif45 = 0;

   dif46 = 0;

   dif47 = 0;

   dif48 = 0;

   dif49 = 0;

   dif50 = 0;

   dif51 = 0;

   dif52 = 0;

   dif53 = 0;

   dif54 = 0;

   dif55 = 0;

   dif56 = 0;

   dif57 = 0;

   dif58 = 0;

   dif59 = 0;

   dif60 = 0;

   dif61 = 0;

   dif62 = 0;

   dif63 = 0;

   dif64 = 0;

   dif65 = 0;

   dif66 = 0;

   dif67 = 0;

   dif68 = 0;

   dif69 = 0;

   dif70 = 0;

   dif71 = 0;

   dif72 = 0;

   dif73 = 0;

   dif74 = 0;

   dif75 = 0;

   dif76 = 0;

   dif77 = 0;

   dif78 = 0;

   dif79 = 0;

   dif80 = 0;

   dif81 = 0;

   dif82 = 0;

   dif83 = 0;

   dif84 = 0;

   dif85 = 0;

   dif86 = 0;

   dif87 = 0;

   dif88 = 0;

   dif89 = 0;

   dif90 = 0;

   dif91 = 0;

   dif92 = 0;

   dif93 = 0;

   dif94 = 0;

   dif95 = 0;

   dif96 = 0;

   dif97 = 0;

   dif98 = 0;

   dif99 = 0;

   dif100 = 0;

   dif101 = 0;

   dif102 = 0;

   dif103 = 0;

   dif104 = 0;

   dif105 = 0;

   dif106 = 0;

   dif107 = 0;

   dif108 = 0;

   dif109 = 0;

   dif110 = 0;

   dif111 = 0;

   dif112 = 0;

   dif113 = 0;

   dif114 = 0;

   dif115 = 0;

   dif116 = 0;

   dif117 = 0;

   dif118 = 0;

   dif119 = 0;

   dif120 = 0;

  0.09 sec out of 0.10 sec
