
Date: Thu Jun 23 13:03:23 2022

Setting up job queue from myjobs/jobs_2_diamatches.yaml
Updating job queue dependencies
Processing jobs in serial mode (only one MPI process)
Inserted new job in queue: job(1): find diagram shifts (alt) for diagram/qqtthoneloop.yaml
Updating job queue dependencies
Loading uncrossed integral families from file ./config/integralfamilies.yaml
Initialize integral family 'pentagon1'
Loaded integral family pentagon1
Initialize integral family 'pentagon2'
Loaded integral family pentagon2
Loaded 2 (uncrossed) integral families
Done loading uncrossed integral families
Using integral family pentagon1 (id reset to 1)
Loading crossings from file ./sectormappings/crossings.yaml
Crossing equivalence: '' -> ''
using crossing x12 (invs: {s31==-s12+s45-s31+mt^2,s24==s53-s12+mt^2-s24}, mom: {p1==p2,p2==p1})
using crossing x12x34 (invs: {s53==s45,s45==s53,s31==s24,s24==s31}, mom: {p1==p2,p3==p4,p2==p1,p4==p3})
using crossing x34 (invs: {s53==s45,s45==s53,s31==s53-s12+mt^2-s24,s24==-s12+s45-s31+mt^2}, mom: {p3==p4,p4==p3})
Crossing equivalence: 'x34' -> 'x34'
Crossing equivalence: 'x12x34' -> 'x12x34'
Crossing equivalence: 'x12' -> 'x12'
Crossing equivalence: '' -> ''
Loaded crossings for kinematics ''
Loaded crossings for 1 kinematics
Done loading crossings
  generated crossed integral family pentagon1x12 (id set to 2)
  generated crossed integral family pentagon1x12x34 (id set to 3)
  generated crossed integral family pentagon1x34 (id set to 4)
Using integral family pentagon2 (id reset to 5)
  generated crossed integral family pentagon2x12 (id set to 6)
  generated crossed integral family pentagon2x12x34 (id set to 7)
  generated crossed integral family pentagon2x34 (id set to 8)
Done loading integral families
Updated job queue:
  [p] job(1): find diagram shifts (alt) for diagram/qqtthoneloop.yaml  [dep: ]


Date: Thu Jun 23 13:03:23 2022

Run ID: 8e4b5add

Starting job(1): find diagram shifts (alt) for diagram/qqtthoneloop.yaml
Completed Job(1) [Time: 0s, CPU: 0s]
Updating job queue dependencies
Completed jobs in jobqueue

Completed all jobs
Total run time: 0 s
