
Date: Mon May 16 16:24:37 2022

Setting up job queue from ./myjobs/jobs_2_diamatches.yaml
Updating job queue dependencies
Processing jobs in serial mode (only one MPI process)
Inserted new job in queue: job(1): find diagram shifts (alt) for diagram/qqtthtwoloop.qgraf.yaml
Updating job queue dependencies
Loading uncrossed integral families from file ./config/integralfamilies.yaml
Initialize integral family 'pentagonbox1'
Loaded integral family pentagonbox1
Initialize integral family 'hexagonbox1'
Loaded integral family hexagonbox1
Loaded 2 (uncrossed) integral families
Done loading uncrossed integral families
Using integral family pentagonbox1 (id reset to 1)
Loading crossings from file ./sectormappings/crossings.yaml
Crossing equivalence: '' -> ''
using crossing x12 (invs: {s51==-s12+s34-s51,s23==-s12-s23+s45}, mom: {p2==p1,p1==p2})
using crossing x12x34 (invs: {s51==-s12+s34-s51,s23==-s51+s23-s45,s45==s12-s34-s45}, mom: {p3==p4,p2==p1,p4==p3,p1==p2})
using crossing x12x345 (invs: {s34==s45,s51==s23,s23==-s51+s23-s45,s45==s12-s34-s45}, mom: {p3==p4,p2==p1,p4==-p3+p2-p4+p1,p1==p2})
using crossing x12x35 (invs: {s34==s45,s51==s23,s23==s51,s45==s34}, mom: {p3==-p3+p2-p4+p1,p2==p1,p1==p2})
using crossing x12x354 (invs: {s34==s12-s34-s45,s51==-s34+s51-s23,s23==s51,s45==s34}, mom: {p3==-p3+p2-p4+p1,p2==p1,p4==p3,p1==p2})
using crossing x12x45 (invs: {s34==s12-s34-s45,s51==-s34+s51-s23,s23==-s12-s23+s45}, mom: {p2==p1,p4==-p3+p2-p4+p1,p1==p2})
using crossing x123 (invs: {s12==s23,s34==-s51+s23-s45,s51==-s12+s34-s51,s23==-s12-s23+s45}, mom: {p3==-p1,p2==-p3,p1==p2})
using crossing x123x45 (invs: {s12==s23,s34==s51,s51==-s34+s51-s23,s23==-s12-s23+s45}, mom: {p3==-p1,p2==-p3,p4==-p3+p2-p4+p1,p1==p2})
using crossing x1234 (invs: {s12==s23,s34==-s51+s23-s45,s51==-s12+s34-s51,s23==s34,s45==s51}, mom: {p3==p4,p2==-p3,p4==-p1,p1==p2})
using crossing x12345 (invs: {s12==s23,s34==s45,s51==s12,s23==s34,s45==s51}, mom: {p3==p4,p2==-p3,p4==-p3+p2-p4+p1,p1==p2})
using crossing x1235 (invs: {s12==s23,s34==s45,s51==s12,s23==s12-s34-s45,s45==-s51+s23-s45}, mom: {p3==-p3+p2-p4+p1,p2==-p3,p1==p2})
using crossing x12354 (invs: {s12==s23,s34==s51,s51==-s34+s51-s23,s23==s12-s34-s45,s45==-s51+s23-s45}, mom: {p3==-p3+p2-p4+p1,p2==-p3,p4==-p1,p1==p2})
using crossing x124 (invs: {s12==-s34+s51-s23,s34==-s12-s23+s45,s51==-s12+s34-s51,s23==s34,s45==s51}, mom: {p2==-p4,p4==-p1,p1==p2})
using crossing x124x35 (invs: {s12==-s34+s51-s23,s34==s51,s51==s23,s23==s45,s45==-s12-s23+s45}, mom: {p3==-p3+p2-p4+p1,p2==-p4,p4==-p1,p1==p2})
using crossing x1243 (invs: {s12==-s34+s51-s23,s34==-s12-s23+s45,s51==-s12+s34-s51,s23==-s51+s23-s45,s45==s12-s34-s45}, mom: {p3==-p1,p2==-p4,p4==p3,p1==p2})
using crossing x12435 (invs: {s12==-s34+s51-s23,s34==s12-s34-s45,s51==s12,s23==s45,s45==-s12-s23+s45}, mom: {p3==-p3+p2-p4+p1,p2==-p4,p4==p3,p1==p2})
using crossing x1245 (invs: {s12==-s34+s51-s23,s34==s12-s34-s45,s51==s12,s23==s34,s45==s51}, mom: {p2==-p4,p4==-p3+p2-p4+p1,p1==p2})
using crossing x12453 (invs: {s12==-s34+s51-s23,s34==s51,s51==s23,s23==-s51+s23-s45,s45==s12-s34-s45}, mom: {p3==-p1,p2==-p4,p4==-p3+p2-p4+p1,p1==p2})
using crossing x125 (invs: {s12==-s12+s34-s51,s51==s12,s23==s12-s34-s45,s45==-s51+s23-s45}, mom: {p2==p3-p2+p4-p1,p1==p2})
using crossing x125x34 (invs: {s12==-s12+s34-s51,s51==s12,s23==s45,s45==-s12-s23+s45}, mom: {p3==p4,p2==p3-p2+p4-p1,p4==p3,p1==p2})
using crossing x1253 (invs: {s12==-s12+s34-s51,s34==-s51+s23-s45,s51==s23,s23==s51,s45==s34}, mom: {p3==-p1,p2==p3-p2+p4-p1,p1==p2})
using crossing x12534 (invs: {s12==-s12+s34-s51,s34==-s51+s23-s45,s51==s23,s23==s45,s45==-s12-s23+s45}, mom: {p3==p4,p2==p3-p2+p4-p1,p4==-p1,p1==p2})
using crossing x1254 (invs: {s12==-s12+s34-s51,s34==-s12-s23+s45,s51==-s34+s51-s23,s23==s12-s34-s45,s45==-s51+s23-s45}, mom: {p2==p3-p2+p4-p1,p4==-p1,p1==p2})
using crossing x12543 (invs: {s12==-s12+s34-s51,s34==-s12-s23+s45,s51==-s34+s51-s23,s23==s51,s45==s34}, mom: {p3==-p1,p2==p3-p2+p4-p1,p4==p3,p1==p2})
using crossing x13 (invs: {s12==s23,s34==-s51+s23-s45,s51==s12-s34-s45,s23==s12}, mom: {p3==-p1,p1==-p3})
using crossing x13x24 (invs: {s12==s34,s34==s12,s51==s12-s34-s45,s23==-s51+s23-s45,s45==-s12+s34-s51}, mom: {p3==-p1,p2==-p4,p4==-p2,p1==-p3})
using crossing x13x245 (invs: {s12==s34,s34==s51,s51==s23,s23==-s51+s23-s45,s45==-s12+s34-s51}, mom: {p3==-p1,p2==-p4,p4==-p3+p2-p4+p1,p1==-p3})
using crossing x13x25 (invs: {s12==s12-s34-s45,s34==-s51+s23-s45,s51==s23,s23==s51,s45==-s34+s51-s23}, mom: {p3==-p1,p2==p3-p2+p4-p1,p1==-p3})
using crossing x13x254 (invs: {s12==s12-s34-s45,s34==s12,s51==s34,s23==s51,s45==-s34+s51-s23}, mom: {p3==-p1,p2==p3-p2+p4-p1,p4==-p2,p1==-p3})
using crossing x13x45 (invs: {s12==s23,s34==s51,s51==s34,s23==s12}, mom: {p3==-p1,p4==-p3+p2-p4+p1,p1==-p3})
using crossing x132 (invs: {s12==-s12-s23+s45,s34==-s34+s51-s23,s51==s12-s34-s45,s23==s12}, mom: {p3==-p2,p2==p1,p1==-p3})
using crossing x132x45 (invs: {s12==-s12-s23+s45,s34==-s12+s34-s51,s51==s34,s23==s12}, mom: {p3==-p2,p2==p1,p4==-p3+p2-p4+p1,p1==-p3})
using crossing x1324 (invs: {s12==s34,s34==s12,s51==s12-s34-s45,s23==-s34+s51-s23,s45==s51}, mom: {p3==-p2,p2==-p4,p4==-p1,p1==-p3})
using crossing x13245 (invs: {s12==s34,s34==-s12+s34-s51,s51==-s12-s23+s45,s23==-s34+s51-s23,s45==s51}, mom: {p3==-p2,p2==-p4,p4==-p3+p2-p4+p1,p1==-p3})
using crossing x1325 (invs: {s12==s12-s34-s45,s34==-s34+s51-s23,s51==-s12-s23+s45,s23==-s12+s34-s51,s45==-s51+s23-s45}, mom: {p3==-p2,p2==p3-p2+p4-p1,p1==-p3})
using crossing x13254 (invs: {s12==s12-s34-s45,s34==s12,s51==s34,s23==-s12+s34-s51,s45==-s51+s23-s45}, mom: {p3==-p2,p2==p3-p2+p4-p1,p4==-p1,p1==-p3})
using crossing x134 (invs: {s12==s23,s34==-s51+s23-s45,s51==s12-s34-s45,s23==-s34+s51-s23,s45==s51}, mom: {p3==p4,p4==-p1,p1==-p3})
using crossing x134x25 (invs: {s12==s12-s34-s45,s34==-s51+s23-s45,s51==s23,s23==s45,s45==s12}, mom: {p3==p4,p2==p3-p2+p4-p1,p4==-p1,p1==-p3})
using crossing x1342 (invs: {s12==-s12-s23+s45,s34==-s34+s51-s23,s51==s12-s34-s45,s23==-s51+s23-s45,s45==-s12+s34-s51}, mom: {p3==p4,p2==p1,p4==-p2,p1==-p3})
using crossing x13425 (invs: {s12==s12-s34-s45,s34==-s34+s51-s23,s51==-s12-s23+s45,s23==s45,s45==s12}, mom: {p3==p4,p2==p3-p2+p4-p1,p4==-p2,p1==-p3})
using crossing x1345 (invs: {s12==s23,s34==s45,s51==-s12-s23+s45,s23==-s34+s51-s23,s45==s51}, mom: {p3==p4,p4==-p3+p2-p4+p1,p1==-p3})
using crossing x13452 (invs: {s12==-s12-s23+s45,s34==s45,s51==s23,s23==-s51+s23-s45,s45==-s12+s34-s51}, mom: {p3==p4,p2==p1,p4==-p3+p2-p4+p1,p1==-p3})
using crossing x135 (invs: {s12==s23,s34==s45,s51==-s12-s23+s45,s23==-s12+s34-s51,s45==-s51+s23-s45}, mom: {p3==-p3+p2-p4+p1,p1==-p3})
using crossing x135x24 (invs: {s12==s34,s34==-s12+s34-s51,s51==-s12-s23+s45,s23==s45,s45==s12}, mom: {p3==-p3+p2-p4+p1,p2==-p4,p4==-p2,p1==-p3})
using crossing x1352 (invs: {s12==-s12-s23+s45,s34==s45,s51==s23,s23==s51,s45==-s34+s51-s23}, mom: {p3==-p3+p2-p4+p1,p2==p1,p1==-p3})
using crossing x13524 (invs: {s12==s34,s34==s51,s51==s23,s23==s45,s45==s12}, mom: {p3==-p3+p2-p4+p1,p2==-p4,p4==-p1,p1==-p3})
using crossing x1354 (invs: {s12==s23,s34==s51,s51==s34,s23==-s12+s34-s51,s45==-s51+s23-s45}, mom: {p3==-p3+p2-p4+p1,p4==-p1,p1==-p3})
using crossing x13542 (invs: {s12==-s12-s23+s45,s34==-s12+s34-s51,s51==s34,s23==s51,s45==-s34+s51-s23}, mom: {p3==-p3+p2-p4+p1,p2==p1,p4==-p2,p1==-p3})
using crossing x14 (invs: {s12==-s34+s51-s23,s34==-s12-s23+s45,s51==s45,s45==s51}, mom: {p4==-p1,p1==-p4})
using crossing x14x23 (invs: {s12==s34,s34==s12,s51==s45,s45==s51}, mom: {p3==-p2,p2==-p3,p4==-p1,p1==-p4})
using crossing x14x235 (invs: {s12==s34,s34==s51,s51==-s34+s51-s23,s23==s12-s34-s45,s45==s12}, mom: {p3==-p3+p2-p4+p1,p2==-p3,p4==-p1,p1==-p4})
using crossing x14x25 (invs: {s12==s45,s34==-s12-s23+s45,s51==-s34+s51-s23,s23==s12-s34-s45,s45==s12}, mom: {p2==p3-p2+p4-p1,p4==-p1,p1==-p4})
using crossing x14x253 (invs: {s12==s45,s34==s12,s51==s34,s23==-s12+s34-s51,s45==-s12-s23+s45}, mom: {p3==-p2,p2==p3-p2+p4-p1,p4==-p1,p1==-p4})
using crossing x14x35 (invs: {s12==-s34+s51-s23,s34==s51,s51==s34,s23==-s12+s34-s51,s45==-s12-s23+s45}, mom: {p3==-p3+p2-p4+p1,p4==-p1,p1==-p4})
using crossing x142 (invs: {s12==-s51+s23-s45,s34==s23,s51==s45,s23==-s12-s23+s45,s45==-s12+s34-s51}, mom: {p2==p1,p4==-p2,p1==-p4})
using crossing x142x35 (invs: {s12==-s51+s23-s45,s34==-s12+s34-s51,s51==s34,s23==s51,s45==s23}, mom: {p3==-p3+p2-p4+p1,p2==p1,p4==-p2,p1==-p4})
using crossing x1423 (invs: {s12==s34,s34==s12,s51==s45,s23==-s12-s23+s45,s45==-s12+s34-s51}, mom: {p3==-p1,p2==-p3,p4==-p2,p1==-p4})
using crossing x14235 (invs: {s12==s34,s34==-s12+s34-s51,s51==-s51+s23-s45,s23==s12-s34-s45,s45==s12}, mom: {p3==-p3+p2-p4+p1,p2==-p3,p4==-p2,p1==-p4})
using crossing x1425 (invs: {s12==s45,s34==s23,s51==-s51+s23-s45,s23==s12-s34-s45,s45==s12}, mom: {p2==p3-p2+p4-p1,p4==-p2,p1==-p4})
using crossing x14253 (invs: {s12==s45,s34==s12,s51==s34,s23==s51,s45==s23}, mom: {p3==-p1,p2==p3-p2+p4-p1,p4==-p2,p1==-p4})
using crossing x143 (invs: {s12==-s34+s51-s23,s34==-s12-s23+s45,s51==s45,s23==s12,s45==s12-s34-s45}, mom: {p3==-p1,p4==p3,p1==-p4})
using crossing x143x25 (invs: {s12==s45,s34==-s12-s23+s45,s51==-s34+s51-s23,s23==s51,s45==s23}, mom: {p3==-p1,p2==p3-p2+p4-p1,p4==p3,p1==-p4})
using crossing x1432 (invs: {s12==-s51+s23-s45,s34==s23,s51==s45,s23==s12,s45==s12-s34-s45}, mom: {p3==-p2,p2==p1,p4==p3,p1==-p4})
using crossing x14325 (invs: {s12==s45,s34==s23,s51==-s51+s23-s45,s23==-s12+s34-s51,s45==-s12-s23+s45}, mom: {p3==-p2,p2==p3-p2+p4-p1,p4==p3,p1==-p4})
using crossing x1435 (invs: {s12==-s34+s51-s23,s34==s12-s34-s45,s51==-s51+s23-s45,s23==-s12+s34-s51,s45==-s12-s23+s45}, mom: {p3==-p3+p2-p4+p1,p4==p3,p1==-p4})
using crossing x14352 (invs: {s12==-s51+s23-s45,s34==s12-s34-s45,s51==-s34+s51-s23,s23==s51,s45==s23}, mom: {p3==-p3+p2-p4+p1,p2==p1,p4==p3,p1==-p4})
using crossing x145 (invs: {s12==-s34+s51-s23,s34==s12-s34-s45,s51==-s51+s23-s45,s45==s51}, mom: {p4==-p3+p2-p4+p1,p1==-p4})
using crossing x145x23 (invs: {s12==s34,s34==-s12+s34-s51,s51==-s51+s23-s45,s45==s51}, mom: {p3==-p2,p2==-p3,p4==-p3+p2-p4+p1,p1==-p4})
using crossing x1452 (invs: {s12==-s51+s23-s45,s34==s12-s34-s45,s51==-s34+s51-s23,s23==-s12-s23+s45,s45==-s12+s34-s51}, mom: {p2==p1,p4==-p3+p2-p4+p1,p1==-p4})
using crossing x14523 (invs: {s12==s34,s34==s51,s51==-s34+s51-s23,s23==-s12-s23+s45,s45==-s12+s34-s51}, mom: {p3==-p1,p2==-p3,p4==-p3+p2-p4+p1,p1==-p4})
using crossing x1453 (invs: {s12==-s34+s51-s23,s34==s51,s51==s34,s23==s12,s45==s12-s34-s45}, mom: {p3==-p1,p4==-p3+p2-p4+p1,p1==-p4})
using crossing x14532 (invs: {s12==-s51+s23-s45,s34==-s12+s34-s51,s51==s34,s23==s12,s45==s12-s34-s45}, mom: {p3==-p2,p2==p1,p4==-p3+p2-p4+p1,p1==-p4})
using crossing x15 (invs: {s12==-s12+s34-s51,s45==-s51+s23-s45}, mom: {p1==p3-p2+p4-p1})
using crossing x15x23 (invs: {s12==s12-s34-s45,s34==-s34+s51-s23,s45==-s51+s23-s45}, mom: {p3==-p2,p2==-p3,p1==p3-p2+p4-p1})
using crossing x15x234 (invs: {s12==s12-s34-s45,s34==-s34+s51-s23,s23==s34,s45==s12}, mom: {p3==p4,p2==-p3,p4==-p2,p1==p3-p2+p4-p1})
using crossing x15x24 (invs: {s12==s45,s34==s23,s23==s34,s45==s12}, mom: {p2==-p4,p4==-p2,p1==p3-p2+p4-p1})
using crossing x15x243 (invs: {s12==s45,s34==s23,s23==-s34+s51-s23,s45==-s12-s23+s45}, mom: {p3==-p2,p2==-p4,p4==p3,p1==p3-p2+p4-p1})
using crossing x15x34 (invs: {s12==-s12+s34-s51,s23==-s34+s51-s23,s45==-s12-s23+s45}, mom: {p3==p4,p4==p3,p1==p3-p2+p4-p1})
using crossing x152 (invs: {s12==s51,s51==-s12+s34-s51,s23==-s12-s23+s45,s45==-s34+s51-s23}, mom: {p2==p1,p1==p3-p2+p4-p1})
using crossing x152x34 (invs: {s12==s51,s51==-s12+s34-s51,s23==-s51+s23-s45,s45==s23}, mom: {p3==p4,p2==p1,p4==p3,p1==p3-p2+p4-p1})
using crossing x1523 (invs: {s12==s12-s34-s45,s34==-s51+s23-s45,s51==-s12+s34-s51,s23==-s12-s23+s45,s45==-s34+s51-s23}, mom: {p3==-p1,p2==-p3,p1==p3-p2+p4-p1})
using crossing x15234 (invs: {s12==s12-s34-s45,s34==-s51+s23-s45,s51==-s12+s34-s51,s23==s34,s45==s12}, mom: {p3==p4,p2==-p3,p4==-p1,p1==p3-p2+p4-p1})
using crossing x1524 (invs: {s12==s45,s34==-s12-s23+s45,s51==-s12+s34-s51,s23==s34,s45==s12}, mom: {p2==-p4,p4==-p1,p1==p3-p2+p4-p1})
using crossing x15243 (invs: {s12==s45,s34==-s12-s23+s45,s51==-s12+s34-s51,s23==-s51+s23-s45,s45==s23}, mom: {p3==-p1,p2==-p4,p4==p3,p1==p3-p2+p4-p1})
using crossing x153 (invs: {s12==-s12+s34-s51,s34==-s51+s23-s45,s51==s12-s34-s45,s23==s12,s45==s34}, mom: {p3==-p1,p1==p3-p2+p4-p1})
using crossing x153x24 (invs: {s12==s45,s34==s12,s51==s12-s34-s45,s23==-s51+s23-s45,s45==s23}, mom: {p3==-p1,p2==-p4,p4==-p2,p1==p3-p2+p4-p1})
using crossing x1532 (invs: {s12==s51,s34==-s34+s51-s23,s51==s12-s34-s45,s23==s12,s45==s34}, mom: {p3==-p2,p2==p1,p1==p3-p2+p4-p1})
using crossing x15324 (invs: {s12==s45,s34==s12,s51==s12-s34-s45,s23==-s34+s51-s23,s45==-s12-s23+s45}, mom: {p3==-p2,p2==-p4,p4==-p1,p1==p3-p2+p4-p1})
using crossing x1534 (invs: {s12==-s12+s34-s51,s34==-s51+s23-s45,s51==s12-s34-s45,s23==-s34+s51-s23,s45==-s12-s23+s45}, mom: {p3==p4,p4==-p1,p1==p3-p2+p4-p1})
using crossing x15342 (invs: {s12==s51,s34==-s34+s51-s23,s51==s12-s34-s45,s23==-s51+s23-s45,s45==s23}, mom: {p3==p4,p2==p1,p4==-p2,p1==p3-p2+p4-p1})
using crossing x154 (invs: {s12==-s12+s34-s51,s34==-s12-s23+s45,s51==s45,s45==-s51+s23-s45}, mom: {p4==-p1,p1==p3-p2+p4-p1})
using crossing x154x23 (invs: {s12==s12-s34-s45,s34==s12,s51==s45,s45==-s51+s23-s45}, mom: {p3==-p2,p2==-p3,p4==-p1,p1==p3-p2+p4-p1})
using crossing x1542 (invs: {s12==s51,s34==s23,s51==s45,s23==-s12-s23+s45,s45==-s34+s51-s23}, mom: {p2==p1,p4==-p2,p1==p3-p2+p4-p1})
using crossing x15423 (invs: {s12==s12-s34-s45,s34==s12,s51==s45,s23==-s12-s23+s45,s45==-s34+s51-s23}, mom: {p3==-p1,p2==-p3,p4==-p2,p1==p3-p2+p4-p1})
using crossing x1543 (invs: {s12==-s12+s34-s51,s34==-s12-s23+s45,s51==s45,s23==s12,s45==s34}, mom: {p3==-p1,p4==p3,p1==p3-p2+p4-p1})
using crossing x15432 (invs: {s12==s51,s34==s23,s51==s45,s23==s12,s45==s34}, mom: {p3==-p2,p2==p1,p4==p3,p1==p3-p2+p4-p1})
using crossing x23 (invs: {s12==-s12-s23+s45,s34==-s34+s51-s23}, mom: {p3==-p2,p2==-p3})
using crossing x23x45 (invs: {s12==-s12-s23+s45,s34==-s12+s34-s51,s51==-s51+s23-s45}, mom: {p3==-p2,p2==-p3,p4==-p3+p2-p4+p1})
using crossing x234 (invs: {s12==-s12-s23+s45,s34==-s34+s51-s23,s23==s34,s45==-s12+s34-s51}, mom: {p3==p4,p2==-p3,p4==-p2})
using crossing x2345 (invs: {s12==-s12-s23+s45,s34==s45,s51==s12,s23==s34,s45==-s12+s34-s51}, mom: {p3==p4,p2==-p3,p4==-p3+p2-p4+p1})
using crossing x235 (invs: {s12==-s12-s23+s45,s34==s45,s51==s12,s23==s12-s34-s45,s45==-s34+s51-s23}, mom: {p3==-p3+p2-p4+p1,p2==-p3})
using crossing x2354 (invs: {s12==-s12-s23+s45,s34==-s12+s34-s51,s51==-s51+s23-s45,s23==s12-s34-s45,s45==-s34+s51-s23}, mom: {p3==-p3+p2-p4+p1,p2==-p3,p4==-p2})
using crossing x24 (invs: {s12==-s51+s23-s45,s34==s23,s23==s34,s45==-s12+s34-s51}, mom: {p2==-p4,p4==-p2})
using crossing x24x35 (invs: {s12==-s51+s23-s45,s34==-s12+s34-s51,s51==-s12-s23+s45,s23==s45,s45==s23}, mom: {p3==-p3+p2-p4+p1,p2==-p4,p4==-p2})
using crossing x243 (invs: {s12==-s51+s23-s45,s34==s23,s23==-s34+s51-s23,s45==s12-s34-s45}, mom: {p3==-p2,p2==-p4,p4==p3})
using crossing x2435 (invs: {s12==-s51+s23-s45,s34==s12-s34-s45,s51==s12,s23==s45,s45==s23}, mom: {p3==-p3+p2-p4+p1,p2==-p4,p4==p3})
using crossing x245 (invs: {s12==-s51+s23-s45,s34==s12-s34-s45,s51==s12,s23==s34,s45==-s12+s34-s51}, mom: {p2==-p4,p4==-p3+p2-p4+p1})
using crossing x2453 (invs: {s12==-s51+s23-s45,s34==-s12+s34-s51,s51==-s12-s23+s45,s23==-s34+s51-s23,s45==s12-s34-s45}, mom: {p3==-p2,p2==-p4,p4==-p3+p2-p4+p1})
using crossing x25 (invs: {s12==s51,s51==s12,s23==s12-s34-s45,s45==-s34+s51-s23}, mom: {p2==p3-p2+p4-p1})
using crossing x25x34 (invs: {s12==s51,s51==s12,s23==s45,s45==s23}, mom: {p3==p4,p2==p3-p2+p4-p1,p4==p3})
using crossing x253 (invs: {s12==s51,s34==-s34+s51-s23,s51==-s12-s23+s45,s23==-s12+s34-s51,s45==s34}, mom: {p3==-p2,p2==p3-p2+p4-p1})
using crossing x2534 (invs: {s12==s51,s34==-s34+s51-s23,s51==-s12-s23+s45,s23==s45,s45==s23}, mom: {p3==p4,p2==p3-p2+p4-p1,p4==-p2})
using crossing x254 (invs: {s12==s51,s34==s23,s51==-s51+s23-s45,s23==s12-s34-s45,s45==-s34+s51-s23}, mom: {p2==p3-p2+p4-p1,p4==-p2})
using crossing x2543 (invs: {s12==s51,s34==s23,s51==-s51+s23-s45,s23==-s12+s34-s51,s45==s34}, mom: {p3==-p2,p2==p3-p2+p4-p1,p4==p3})
using crossing x34 (invs: {s23==-s34+s51-s23,s45==s12-s34-s45}, mom: {p3==p4,p4==p3})
using crossing x345 (invs: {s34==s45,s51==-s12-s23+s45,s23==-s34+s51-s23,s45==s12-s34-s45}, mom: {p3==p4,p4==-p3+p2-p4+p1})
using crossing x35 (invs: {s34==s45,s51==-s12-s23+s45,s23==-s12+s34-s51,s45==s34}, mom: {p3==-p3+p2-p4+p1})
using crossing x354 (invs: {s34==s12-s34-s45,s51==-s51+s23-s45,s23==-s12+s34-s51,s45==s34}, mom: {p3==-p3+p2-p4+p1,p4==p3})
using crossing x45 (invs: {s34==s12-s34-s45,s51==-s51+s23-s45}, mom: {p4==-p3+p2-p4+p1})
Crossing equivalence: 'x45' -> 'x45'
Crossing equivalence: 'x354' -> 'x354'
Crossing equivalence: 'x35' -> 'x35'
Crossing equivalence: 'x345' -> 'x345'
Crossing equivalence: 'x34' -> 'x34'
Crossing equivalence: 'x2543' -> 'x2543'
Crossing equivalence: 'x254' -> 'x254'
Crossing equivalence: 'x2534' -> 'x2534'
Crossing equivalence: 'x253' -> 'x253'
Crossing equivalence: 'x25x34' -> 'x25x34'
Crossing equivalence: 'x25' -> 'x25'
Crossing equivalence: 'x2453' -> 'x2453'
Crossing equivalence: 'x245' -> 'x245'
Crossing equivalence: 'x2435' -> 'x2435'
Crossing equivalence: 'x243' -> 'x243'
Crossing equivalence: 'x24x35' -> 'x24x35'
Crossing equivalence: 'x24' -> 'x24'
Crossing equivalence: 'x2354' -> 'x2354'
Crossing equivalence: 'x235' -> 'x235'
Crossing equivalence: 'x2345' -> 'x2345'
Crossing equivalence: 'x234' -> 'x234'
Crossing equivalence: 'x23x45' -> 'x23x45'
Crossing equivalence: 'x23' -> 'x23'
Crossing equivalence: 'x15432' -> 'x15432'
Crossing equivalence: 'x1543' -> 'x1543'
Crossing equivalence: 'x15423' -> 'x15423'
Crossing equivalence: 'x1542' -> 'x1542'
Crossing equivalence: 'x154x23' -> 'x154x23'
Crossing equivalence: 'x154' -> 'x154'
Crossing equivalence: 'x15342' -> 'x15342'
Crossing equivalence: 'x1534' -> 'x1534'
Crossing equivalence: 'x15324' -> 'x15324'
Crossing equivalence: 'x1532' -> 'x1532'
Crossing equivalence: 'x153x24' -> 'x153x24'
Crossing equivalence: 'x153' -> 'x153'
Crossing equivalence: 'x15243' -> 'x15243'
Crossing equivalence: 'x1524' -> 'x1524'
Crossing equivalence: 'x15234' -> 'x15234'
Crossing equivalence: 'x1523' -> 'x1523'
Crossing equivalence: 'x152x34' -> 'x152x34'
Crossing equivalence: 'x152' -> 'x152'
Crossing equivalence: 'x15x34' -> 'x15x34'
Crossing equivalence: 'x15x243' -> 'x15x243'
Crossing equivalence: 'x15x24' -> 'x15x24'
Crossing equivalence: 'x15x234' -> 'x15x234'
Crossing equivalence: 'x15x23' -> 'x15x23'
Crossing equivalence: 'x15' -> 'x15'
Crossing equivalence: 'x14532' -> 'x14532'
Crossing equivalence: 'x1453' -> 'x1453'
Crossing equivalence: 'x14523' -> 'x14523'
Crossing equivalence: 'x1452' -> 'x1452'
Crossing equivalence: 'x145x23' -> 'x145x23'
Crossing equivalence: 'x145' -> 'x145'
Crossing equivalence: 'x14352' -> 'x14352'
Crossing equivalence: 'x1435' -> 'x1435'
Crossing equivalence: 'x14325' -> 'x14325'
Crossing equivalence: 'x1432' -> 'x1432'
Crossing equivalence: 'x143x25' -> 'x143x25'
Crossing equivalence: 'x143' -> 'x143'
Crossing equivalence: 'x14253' -> 'x14253'
Crossing equivalence: 'x1425' -> 'x1425'
Crossing equivalence: 'x14235' -> 'x14235'
Crossing equivalence: 'x1423' -> 'x1423'
Crossing equivalence: 'x142x35' -> 'x142x35'
Crossing equivalence: 'x142' -> 'x142'
Crossing equivalence: 'x14x35' -> 'x14x35'
Crossing equivalence: 'x14x253' -> 'x14x253'
Crossing equivalence: 'x14x25' -> 'x14x25'
Crossing equivalence: 'x14x235' -> 'x14x235'
Crossing equivalence: 'x14x23' -> 'x14x23'
Crossing equivalence: 'x14' -> 'x14'
Crossing equivalence: 'x13542' -> 'x13542'
Crossing equivalence: 'x1354' -> 'x1354'
Crossing equivalence: 'x13524' -> 'x13524'
Crossing equivalence: 'x1352' -> 'x1352'
Crossing equivalence: 'x135x24' -> 'x135x24'
Crossing equivalence: 'x135' -> 'x135'
Crossing equivalence: 'x13452' -> 'x13452'
Crossing equivalence: 'x1345' -> 'x1345'
Crossing equivalence: 'x13425' -> 'x13425'
Crossing equivalence: 'x1342' -> 'x1342'
Crossing equivalence: 'x134x25' -> 'x134x25'
Crossing equivalence: 'x134' -> 'x134'
Crossing equivalence: 'x13254' -> 'x13254'
Crossing equivalence: 'x1325' -> 'x1325'
Crossing equivalence: 'x13245' -> 'x13245'
Crossing equivalence: 'x1324' -> 'x1324'
Crossing equivalence: 'x132x45' -> 'x132x45'
Crossing equivalence: 'x132' -> 'x132'
Crossing equivalence: 'x13x45' -> 'x13x45'
Crossing equivalence: 'x13x254' -> 'x13x254'
Crossing equivalence: 'x13x25' -> 'x13x25'
Crossing equivalence: 'x13x245' -> 'x13x245'
Crossing equivalence: 'x13x24' -> 'x13x24'
Crossing equivalence: 'x13' -> 'x13'
Crossing equivalence: 'x12543' -> 'x12543'
Crossing equivalence: 'x1254' -> 'x1254'
Crossing equivalence: 'x12534' -> 'x12534'
Crossing equivalence: 'x1253' -> 'x1253'
Crossing equivalence: 'x125x34' -> 'x125x34'
Crossing equivalence: 'x125' -> 'x125'
Crossing equivalence: 'x12453' -> 'x12453'
Crossing equivalence: 'x1245' -> 'x1245'
Crossing equivalence: 'x12435' -> 'x12435'
Crossing equivalence: 'x1243' -> 'x1243'
Crossing equivalence: 'x124x35' -> 'x124x35'
Crossing equivalence: 'x124' -> 'x124'
Crossing equivalence: 'x12354' -> 'x12354'
Crossing equivalence: 'x1235' -> 'x1235'
Crossing equivalence: 'x12345' -> 'x12345'
Crossing equivalence: 'x1234' -> 'x1234'
Crossing equivalence: 'x123x45' -> 'x123x45'
Crossing equivalence: 'x123' -> 'x123'
Crossing equivalence: 'x12x45' -> 'x12x45'
Crossing equivalence: 'x12x354' -> 'x12x354'
Crossing equivalence: 'x12x35' -> 'x12x35'
Crossing equivalence: 'x12x345' -> 'x12x345'
Crossing equivalence: 'x12x34' -> 'x12x34'
Crossing equivalence: 'x12' -> 'x12'
Crossing equivalence: '' -> ''
Loaded crossings for kinematics ''
Loaded crossings for 1 kinematics
Done loading crossings
  generated crossed integral family pentagonbox1x12 (id set to 2)
  generated crossed integral family pentagonbox1x12x34 (id set to 3)
  generated crossed integral family pentagonbox1x12x345 (id set to 4)
  generated crossed integral family pentagonbox1x12x35 (id set to 5)
  generated crossed integral family pentagonbox1x12x354 (id set to 6)
  generated crossed integral family pentagonbox1x12x45 (id set to 7)
  generated crossed integral family pentagonbox1x123 (id set to 8)
  generated crossed integral family pentagonbox1x123x45 (id set to 9)
  generated crossed integral family pentagonbox1x1234 (id set to 10)
  generated crossed integral family pentagonbox1x12345 (id set to 11)
  generated crossed integral family pentagonbox1x1235 (id set to 12)
  generated crossed integral family pentagonbox1x12354 (id set to 13)
  generated crossed integral family pentagonbox1x124 (id set to 14)
  generated crossed integral family pentagonbox1x124x35 (id set to 15)
  generated crossed integral family pentagonbox1x1243 (id set to 16)
  generated crossed integral family pentagonbox1x12435 (id set to 17)
  generated crossed integral family pentagonbox1x1245 (id set to 18)
  generated crossed integral family pentagonbox1x12453 (id set to 19)
  generated crossed integral family pentagonbox1x125 (id set to 20)
  generated crossed integral family pentagonbox1x125x34 (id set to 21)
  generated crossed integral family pentagonbox1x1253 (id set to 22)
  generated crossed integral family pentagonbox1x12534 (id set to 23)
  generated crossed integral family pentagonbox1x1254 (id set to 24)
  generated crossed integral family pentagonbox1x12543 (id set to 25)
  generated crossed integral family pentagonbox1x13 (id set to 26)
  generated crossed integral family pentagonbox1x13x24 (id set to 27)
  generated crossed integral family pentagonbox1x13x245 (id set to 28)
  generated crossed integral family pentagonbox1x13x25 (id set to 29)
  generated crossed integral family pentagonbox1x13x254 (id set to 30)
  generated crossed integral family pentagonbox1x13x45 (id set to 31)
  generated crossed integral family pentagonbox1x132 (id set to 32)
  generated crossed integral family pentagonbox1x132x45 (id set to 33)
  generated crossed integral family pentagonbox1x1324 (id set to 34)
  generated crossed integral family pentagonbox1x13245 (id set to 35)
  generated crossed integral family pentagonbox1x1325 (id set to 36)
  generated crossed integral family pentagonbox1x13254 (id set to 37)
  generated crossed integral family pentagonbox1x134 (id set to 38)
  generated crossed integral family pentagonbox1x134x25 (id set to 39)
  generated crossed integral family pentagonbox1x1342 (id set to 40)
  generated crossed integral family pentagonbox1x13425 (id set to 41)
  generated crossed integral family pentagonbox1x1345 (id set to 42)
  generated crossed integral family pentagonbox1x13452 (id set to 43)
  generated crossed integral family pentagonbox1x135 (id set to 44)
  generated crossed integral family pentagonbox1x135x24 (id set to 45)
  generated crossed integral family pentagonbox1x1352 (id set to 46)
  generated crossed integral family pentagonbox1x13524 (id set to 47)
  generated crossed integral family pentagonbox1x1354 (id set to 48)
  generated crossed integral family pentagonbox1x13542 (id set to 49)
  generated crossed integral family pentagonbox1x14 (id set to 50)
  generated crossed integral family pentagonbox1x14x23 (id set to 51)
  generated crossed integral family pentagonbox1x14x235 (id set to 52)
  generated crossed integral family pentagonbox1x14x25 (id set to 53)
  generated crossed integral family pentagonbox1x14x253 (id set to 54)
  generated crossed integral family pentagonbox1x14x35 (id set to 55)
  generated crossed integral family pentagonbox1x142 (id set to 56)
  generated crossed integral family pentagonbox1x142x35 (id set to 57)
  generated crossed integral family pentagonbox1x1423 (id set to 58)
  generated crossed integral family pentagonbox1x14235 (id set to 59)
  generated crossed integral family pentagonbox1x1425 (id set to 60)
  generated crossed integral family pentagonbox1x14253 (id set to 61)
  generated crossed integral family pentagonbox1x143 (id set to 62)
  generated crossed integral family pentagonbox1x143x25 (id set to 63)
  generated crossed integral family pentagonbox1x1432 (id set to 64)
  generated crossed integral family pentagonbox1x14325 (id set to 65)
  generated crossed integral family pentagonbox1x1435 (id set to 66)
  generated crossed integral family pentagonbox1x14352 (id set to 67)
  generated crossed integral family pentagonbox1x145 (id set to 68)
  generated crossed integral family pentagonbox1x145x23 (id set to 69)
  generated crossed integral family pentagonbox1x1452 (id set to 70)
  generated crossed integral family pentagonbox1x14523 (id set to 71)
  generated crossed integral family pentagonbox1x1453 (id set to 72)
  generated crossed integral family pentagonbox1x14532 (id set to 73)
  generated crossed integral family pentagonbox1x15 (id set to 74)
  generated crossed integral family pentagonbox1x15x23 (id set to 75)
  generated crossed integral family pentagonbox1x15x234 (id set to 76)
  generated crossed integral family pentagonbox1x15x24 (id set to 77)
  generated crossed integral family pentagonbox1x15x243 (id set to 78)
  generated crossed integral family pentagonbox1x15x34 (id set to 79)
  generated crossed integral family pentagonbox1x152 (id set to 80)
  generated crossed integral family pentagonbox1x152x34 (id set to 81)
  generated crossed integral family pentagonbox1x1523 (id set to 82)
  generated crossed integral family pentagonbox1x15234 (id set to 83)
  generated crossed integral family pentagonbox1x1524 (id set to 84)
  generated crossed integral family pentagonbox1x15243 (id set to 85)
  generated crossed integral family pentagonbox1x153 (id set to 86)
  generated crossed integral family pentagonbox1x153x24 (id set to 87)
  generated crossed integral family pentagonbox1x1532 (id set to 88)
  generated crossed integral family pentagonbox1x15324 (id set to 89)
  generated crossed integral family pentagonbox1x1534 (id set to 90)
  generated crossed integral family pentagonbox1x15342 (id set to 91)
  generated crossed integral family pentagonbox1x154 (id set to 92)
  generated crossed integral family pentagonbox1x154x23 (id set to 93)
  generated crossed integral family pentagonbox1x1542 (id set to 94)
  generated crossed integral family pentagonbox1x15423 (id set to 95)
  generated crossed integral family pentagonbox1x1543 (id set to 96)
  generated crossed integral family pentagonbox1x15432 (id set to 97)
  generated crossed integral family pentagonbox1x23 (id set to 98)
  generated crossed integral family pentagonbox1x23x45 (id set to 99)
  generated crossed integral family pentagonbox1x234 (id set to 100)
  generated crossed integral family pentagonbox1x2345 (id set to 101)
  generated crossed integral family pentagonbox1x235 (id set to 102)
  generated crossed integral family pentagonbox1x2354 (id set to 103)
  generated crossed integral family pentagonbox1x24 (id set to 104)
  generated crossed integral family pentagonbox1x24x35 (id set to 105)
  generated crossed integral family pentagonbox1x243 (id set to 106)
  generated crossed integral family pentagonbox1x2435 (id set to 107)
  generated crossed integral family pentagonbox1x245 (id set to 108)
  generated crossed integral family pentagonbox1x2453 (id set to 109)
  generated crossed integral family pentagonbox1x25 (id set to 110)
  generated crossed integral family pentagonbox1x25x34 (id set to 111)
  generated crossed integral family pentagonbox1x253 (id set to 112)
  generated crossed integral family pentagonbox1x2534 (id set to 113)
  generated crossed integral family pentagonbox1x254 (id set to 114)
  generated crossed integral family pentagonbox1x2543 (id set to 115)
  generated crossed integral family pentagonbox1x34 (id set to 116)
  generated crossed integral family pentagonbox1x345 (id set to 117)
  generated crossed integral family pentagonbox1x35 (id set to 118)
  generated crossed integral family pentagonbox1x354 (id set to 119)
  generated crossed integral family pentagonbox1x45 (id set to 120)
Using integral family hexagonbox1 (id reset to 121)
  generated crossed integral family hexagonbox1x12 (id set to 122)
  generated crossed integral family hexagonbox1x12x34 (id set to 123)
  generated crossed integral family hexagonbox1x12x345 (id set to 124)
  generated crossed integral family hexagonbox1x12x35 (id set to 125)
  generated crossed integral family hexagonbox1x12x354 (id set to 126)
  generated crossed integral family hexagonbox1x12x45 (id set to 127)
  generated crossed integral family hexagonbox1x123 (id set to 128)
  generated crossed integral family hexagonbox1x123x45 (id set to 129)
  generated crossed integral family hexagonbox1x1234 (id set to 130)
  generated crossed integral family hexagonbox1x12345 (id set to 131)
  generated crossed integral family hexagonbox1x1235 (id set to 132)
  generated crossed integral family hexagonbox1x12354 (id set to 133)
  generated crossed integral family hexagonbox1x124 (id set to 134)
  generated crossed integral family hexagonbox1x124x35 (id set to 135)
  generated crossed integral family hexagonbox1x1243 (id set to 136)
  generated crossed integral family hexagonbox1x12435 (id set to 137)
  generated crossed integral family hexagonbox1x1245 (id set to 138)
  generated crossed integral family hexagonbox1x12453 (id set to 139)
  generated crossed integral family hexagonbox1x125 (id set to 140)
  generated crossed integral family hexagonbox1x125x34 (id set to 141)
  generated crossed integral family hexagonbox1x1253 (id set to 142)
  generated crossed integral family hexagonbox1x12534 (id set to 143)
  generated crossed integral family hexagonbox1x1254 (id set to 144)
  generated crossed integral family hexagonbox1x12543 (id set to 145)
  generated crossed integral family hexagonbox1x13 (id set to 146)
  generated crossed integral family hexagonbox1x13x24 (id set to 147)
  generated crossed integral family hexagonbox1x13x245 (id set to 148)
  generated crossed integral family hexagonbox1x13x25 (id set to 149)
  generated crossed integral family hexagonbox1x13x254 (id set to 150)
  generated crossed integral family hexagonbox1x13x45 (id set to 151)
  generated crossed integral family hexagonbox1x132 (id set to 152)
  generated crossed integral family hexagonbox1x132x45 (id set to 153)
  generated crossed integral family hexagonbox1x1324 (id set to 154)
  generated crossed integral family hexagonbox1x13245 (id set to 155)
  generated crossed integral family hexagonbox1x1325 (id set to 156)
  generated crossed integral family hexagonbox1x13254 (id set to 157)
  generated crossed integral family hexagonbox1x134 (id set to 158)
  generated crossed integral family hexagonbox1x134x25 (id set to 159)
  generated crossed integral family hexagonbox1x1342 (id set to 160)
  generated crossed integral family hexagonbox1x13425 (id set to 161)
  generated crossed integral family hexagonbox1x1345 (id set to 162)
  generated crossed integral family hexagonbox1x13452 (id set to 163)
  generated crossed integral family hexagonbox1x135 (id set to 164)
  generated crossed integral family hexagonbox1x135x24 (id set to 165)
  generated crossed integral family hexagonbox1x1352 (id set to 166)
  generated crossed integral family hexagonbox1x13524 (id set to 167)
  generated crossed integral family hexagonbox1x1354 (id set to 168)
  generated crossed integral family hexagonbox1x13542 (id set to 169)
  generated crossed integral family hexagonbox1x14 (id set to 170)
  generated crossed integral family hexagonbox1x14x23 (id set to 171)
  generated crossed integral family hexagonbox1x14x235 (id set to 172)
  generated crossed integral family hexagonbox1x14x25 (id set to 173)
  generated crossed integral family hexagonbox1x14x253 (id set to 174)
  generated crossed integral family hexagonbox1x14x35 (id set to 175)
  generated crossed integral family hexagonbox1x142 (id set to 176)
  generated crossed integral family hexagonbox1x142x35 (id set to 177)
  generated crossed integral family hexagonbox1x1423 (id set to 178)
  generated crossed integral family hexagonbox1x14235 (id set to 179)
  generated crossed integral family hexagonbox1x1425 (id set to 180)
  generated crossed integral family hexagonbox1x14253 (id set to 181)
  generated crossed integral family hexagonbox1x143 (id set to 182)
  generated crossed integral family hexagonbox1x143x25 (id set to 183)
  generated crossed integral family hexagonbox1x1432 (id set to 184)
  generated crossed integral family hexagonbox1x14325 (id set to 185)
  generated crossed integral family hexagonbox1x1435 (id set to 186)
  generated crossed integral family hexagonbox1x14352 (id set to 187)
  generated crossed integral family hexagonbox1x145 (id set to 188)
  generated crossed integral family hexagonbox1x145x23 (id set to 189)
  generated crossed integral family hexagonbox1x1452 (id set to 190)
  generated crossed integral family hexagonbox1x14523 (id set to 191)
  generated crossed integral family hexagonbox1x1453 (id set to 192)
  generated crossed integral family hexagonbox1x14532 (id set to 193)
  generated crossed integral family hexagonbox1x15 (id set to 194)
  generated crossed integral family hexagonbox1x15x23 (id set to 195)
  generated crossed integral family hexagonbox1x15x234 (id set to 196)
  generated crossed integral family hexagonbox1x15x24 (id set to 197)
  generated crossed integral family hexagonbox1x15x243 (id set to 198)
  generated crossed integral family hexagonbox1x15x34 (id set to 199)
  generated crossed integral family hexagonbox1x152 (id set to 200)
  generated crossed integral family hexagonbox1x152x34 (id set to 201)
  generated crossed integral family hexagonbox1x1523 (id set to 202)
  generated crossed integral family hexagonbox1x15234 (id set to 203)
  generated crossed integral family hexagonbox1x1524 (id set to 204)
  generated crossed integral family hexagonbox1x15243 (id set to 205)
  generated crossed integral family hexagonbox1x153 (id set to 206)
  generated crossed integral family hexagonbox1x153x24 (id set to 207)
  generated crossed integral family hexagonbox1x1532 (id set to 208)
  generated crossed integral family hexagonbox1x15324 (id set to 209)
  generated crossed integral family hexagonbox1x1534 (id set to 210)
  generated crossed integral family hexagonbox1x15342 (id set to 211)
  generated crossed integral family hexagonbox1x154 (id set to 212)
  generated crossed integral family hexagonbox1x154x23 (id set to 213)
  generated crossed integral family hexagonbox1x1542 (id set to 214)
  generated crossed integral family hexagonbox1x15423 (id set to 215)
  generated crossed integral family hexagonbox1x1543 (id set to 216)
  generated crossed integral family hexagonbox1x15432 (id set to 217)
  generated crossed integral family hexagonbox1x23 (id set to 218)
  generated crossed integral family hexagonbox1x23x45 (id set to 219)
  generated crossed integral family hexagonbox1x234 (id set to 220)
  generated crossed integral family hexagonbox1x2345 (id set to 221)
  generated crossed integral family hexagonbox1x235 (id set to 222)
  generated crossed integral family hexagonbox1x2354 (id set to 223)
  generated crossed integral family hexagonbox1x24 (id set to 224)
  generated crossed integral family hexagonbox1x24x35 (id set to 225)
  generated crossed integral family hexagonbox1x243 (id set to 226)
  generated crossed integral family hexagonbox1x2435 (id set to 227)
  generated crossed integral family hexagonbox1x245 (id set to 228)
  generated crossed integral family hexagonbox1x2453 (id set to 229)
  generated crossed integral family hexagonbox1x25 (id set to 230)
  generated crossed integral family hexagonbox1x25x34 (id set to 231)
  generated crossed integral family hexagonbox1x253 (id set to 232)
  generated crossed integral family hexagonbox1x2534 (id set to 233)
  generated crossed integral family hexagonbox1x254 (id set to 234)
  generated crossed integral family hexagonbox1x2543 (id set to 235)
  generated crossed integral family hexagonbox1x34 (id set to 236)
  generated crossed integral family hexagonbox1x345 (id set to 237)
  generated crossed integral family hexagonbox1x35 (id set to 238)
  generated crossed integral family hexagonbox1x354 (id set to 239)
  generated crossed integral family hexagonbox1x45 (id set to 240)
Done loading integral families
Updated job queue:
  [p] job(1): find diagram shifts (alt) for diagram/qqtthtwoloop.qgraf.yaml  [dep: ]


Date: Mon May 16 16:24:38 2022

Run ID: 7acc0327

Starting job(1): find diagram shifts (alt) for diagram/qqtthtwoloop.qgraf.yaml
Completed Job(1) [Time: 547s, CPU: 546s]
Updating job queue dependencies
Completed jobs in jobqueue

Completed all jobs
Total run time: 549 s
