
Date: Mon May 16 16:21:01 2022

Setting up job queue from ./myjobs/jobs_1_setup.yaml
Updating job queue dependencies
Processing jobs in serial mode (only one MPI process)
Inserted new job in queue: job(1): setup sector mappings
Updating job queue dependencies
Loading uncrossed integral families from file ./config/integralfamilies.yaml
Initialize integral family 'pentagonbox1'
Loaded integral family pentagonbox1
Initialize integral family 'hexagonbox1'
Loaded integral family hexagonbox1
Loaded 2 (uncrossed) integral families
Done loading uncrossed integral families
Created auxiliary job setup_crossings
Created auxiliary job verify_permutation_symmetries for family: pentagonbox1
Created auxiliary job verify_permutation_symmetries for family: hexagonbox1
Inserted new job in queue: job(2): verify permutation symmetries of family 'hexagonbox1'
Inserted new job in queue: job(3): verify permutation symmetries of family 'pentagonbox1'
Inserted new job in queue: job(4): setup crossings
Updated job queue:
  [p] job(4): setup crossings  [dep: ]
  [p] job(3): verify permutation symmetries of family 'pentagonbox1'  [dep: 4]
  [p] job(2): verify permutation symmetries of family 'hexagonbox1'  [dep: 4]
  [p] job(1): setup sector mappings  [dep: 2,3,4]


Date: Mon May 16 16:21:01 2022

Run ID: 7acbaeb5

Starting job(4): setup crossings
Completed Job(4) [Time: 0s, CPU: 0s]
Updating job queue dependencies

Date: Mon May 16 16:21:01 2022

Run ID: 7acbaeb5

Starting job(3): verify permutation symmetries of family 'pentagonbox1'
Completed Job(3) [Time: 0s, CPU: 0s]
Updating job queue dependencies

Date: Mon May 16 16:21:01 2022

Run ID: 7acbaeb5

Starting job(2): verify permutation symmetries of family 'hexagonbox1'
Completed Job(2) [Time: 0s, CPU: 0s]
Updating job queue dependencies

Date: Mon May 16 16:21:01 2022

Run ID: 7acbaeb5

Starting job(1): setup sector mappings
Completed Job(1) [Time: 215s, CPU: 215s]
Updating job queue dependencies
Completed jobs in jobqueue

Completed all jobs
Total run time: 216 s
