FORM 4.2.1 (Sep  2 2021, v4.2.1-33-g2a37fd2) 64-bits  Run: Fri Apr 29 09:32:45 2022
    #-

   dif1 = 0;


   dif2 = 0;


   dif3 = 0;


   dif4 = 0;


   dif5 = 0;


   dif6 = 0;


   dif7 = 0;


   dif8 = 0;


   dif9 = 0;


   dif10 = 0;


   dif11 = 0;


   dif12 = 0;


   dif13 = 0;


   dif14 = 0;


   dif15 = 0;


   dif16 = 0;


   dif17 = 0;


   dif18 = 0;


   dif19 = 0;


   dif20 = 0;


   dif21 = 0;


   dif22 = 0;


   dif23 = 0;


   dif24 = 0;


   dif25 = 0;


   dif26 = 0;


   dif27 = 0;


   dif28 = 0;


   dif29 = 0;


   dif30 = 0;


   dif31 = 0;


   dif32 = 0;


   dif33 = 0;


   dif34 = 0;


   dif35 = 0;


   dif36 = 0;


   dif37 = 0;


   dif38 = 0;


   dif39 = 0;


   dif40 = 0;


   dif41 = 0;


   dif42 = 0;


   dif43 = 0;


   dif44 = 0;


   dif45 = 0;


   dif46 = 0;


   dif47 = 0;


   dif48 = 0;


   dif49 = 0;


   dif50 = 0;


   dif51 = 0;


   dif52 = 0;


   ex1 = 0;

   ex2 = 0;

   ex3 =
      pentagon1(1,0,0,0,0);

   ex4 =
      3/245*pentagon1(1,0,0,0,0);

   ex5 =
      pentagon1(1,0,0,0,0);

   ex6 =
      3*pentagon1(1,0,0,0,0);

   ex7 =
      98*pentagon1(1,0,0,0,0);

   ex8 =
      3/245*pentagon1(1,0,0,0,0);

   ex9 =
      193/2*pentagon1(0,0,1,0,1) + pentagon1(1,0,0,0,0);

   ex10 =
      3/98*pentagon1(1,0,0,0,0);

   ex11 =
      5/386*pentagon1(0,0,1,0,1) - 3/18914*pentagon1(1,0,0,0,0);

   ex12 = 0;

   ex13 =
      pentagon1(0,0,1,0,1) + pentagon1(1,0,0,0,0);

   ex14 =
       - 47/490*pentagon1(1,0,0,0,0);

   ex15 =
       - 43/386*pentagon1(0,0,1,0,1) + 1287/94570*pentagon1(1,0,0,0,0);

   ex16 =
      36*pentagon1(1,0,0,0,0);

   ex17 =
      53*pentagon1(1,0,0,0,0);

   ex18 =
      pentagon1(1,0,0,0,0) + 115/2*pentagon1(1,0,0,0,1);

   ex19 =
       - 9/8*pentagon1(1,0,0,0,0) + 765/8*pentagon1(1,0,0,1,0);

   ex20 =
      pentagon1(1,0,0,0,0);

   ex21 =
      pentagon1(1,0,0,0,0);

   ex22 =
      17*pentagon1(0,0,1,0,1) + pentagon1(1,0,0,0,0);

   ex23 =
      pentagon1(1,0,0,0,0) - 16*pentagon1(1,0,0,0,1);

   ex24 =
      pentagon1(1,0,0,0,0) + 19*pentagon1(1,0,1,0,0);

   ex25 =
      3575/7*pentagon1(1,0,0,0,0) - 46808/7*pentagon1(1,0,1,0,0);

   ex26 =
       - 4/49*pentagon1(1,0,0,0,0);

   ex27 =
       - 11/2*pentagon1(1,0,0,0,0) + 585/2*pentagon1(1,0,0,1,0);

   ex28 =
      pentagon1(1,0,0,0,0) + 75*pentagon1(1,0,1,0,0);

   ex29 =
      23/386*pentagon1(0,0,1,0,1) + 1089/94570*pentagon1(1,0,0,0,0);

   ex30 =
      3481/40425*pentagon1(1,0,0,0,0) - 318/55*pentagon1(1,0,0,0,1) - 124/495*
      pentagon1(1,0,0,1,0) + 3481/11*pentagon1(1,0,0,1,1);

   ex31 =
       - 3797/7*pentagon1(1,0,0,0,0) + 164055/14*pentagon1(1,0,1,0,0);

   ex32 =
       - 93/253*pentagon1(0,0,1,0,1) + 1431/506*pentagon1(1,0,0,0,1) - 739/506
      *pentagon1(1,0,1,0,0) + 51991/506*pentagon1(1,0,1,0,1);

   ex33 =
      1637/78400*pentagon1(1,0,0,0,0) + 31/480*pentagon1(1,0,0,1,0) - 739/960*
      pentagon1(1,0,1,0,0) + 4911/64*pentagon1(1,0,1,1,0);

   ex34 =
      33318029/30105600*pentagon1(1,0,0,0,0) - 100771/61440*pentagon1(1,0,0,1,
      0) - 27468923/368640*pentagon1(1,0,1,0,0) + 57108909/8192*pentagon1(1,0,
      1,1,0);

   ex35 =
      7181/7*pentagon1(1,0,0,0,0) - 54225/7*pentagon1(1,0,1,0,0);

   ex36 =
       - 38531177/512072*pentagon1(0,0,1,0,1) + pentagon1(1,0,0,0,0) + 
      60914361/128018*pentagon1(1,0,0,0,1) - 399945253/1536216*pentagon1(1,0,1
      ,0,0) + 9609042371/768108*pentagon1(1,0,1,0,1);

   ex37 = 0;

   ex38 =
      pentagon1(1,0,0,0,0) - 31/2*pentagon1(1,0,0,0,1);

   ex39 =
      1/4*pentagon1(1,0,0,0,0) - 53/4*pentagon1(1,0,0,1,0);

   ex40 =
       - 194/40425*pentagon1(1,0,0,0,0) + 47/55*pentagon1(1,0,0,0,1) + 266/495
      *pentagon1(1,0,0,1,0) - 711/11*pentagon1(1,0,0,1,1);

   ex41 =
      pentagon1(1,0,0,0,0) - 1/2*pentagon1(1,0,1,0,0);

   ex42 =
      21*pentagon1(1,0,0,0,0) + 371/2*pentagon1(1,0,1,0,0);

   ex43 =
      29/506*pentagon1(0,0,1,0,1) + 491/506*pentagon1(1,0,0,0,1) - 7/253*
      pentagon1(1,0,1,0,0) + 13/506*pentagon1(1,0,1,0,1);

   ex44 =
      549/7*pentagon1(1,0,0,0,0) + 4155/14*pentagon1(1,0,1,0,0);

   ex45 =
      129/9800*pentagon1(1,0,0,0,0) - 1/20*pentagon1(1,0,0,1,0) - 1/40*
      pentagon1(1,0,1,0,0) + 11/8*pentagon1(1,0,1,1,0);

   ex46 =
      611229/128018*pentagon1(0,0,1,0,1) + pentagon1(1,0,0,0,0) + 4115822/
      64009*pentagon1(1,0,0,0,1) - 459094/192027*pentagon1(1,0,1,0,0) + 
      560859169/768108*pentagon1(1,0,1,0,1);

   ex47 =
      43921/179200*pentagon1(1,0,0,0,0) - 86699/7680*pentagon1(1,0,0,1,0) - 
      30049/15360*pentagon1(1,0,1,0,0) + 680901/1024*pentagon1(1,0,1,1,0);

   ex48 =
      117265/46598692*pentagon1(0,0,1,0,1) - 70359/2283335908*pentagon1(1,0,0,
      0,0) - 10063/120722*pentagon1(1,0,0,1,1) + 22490/60361*pentagon1(1,0,1,0
      ,1) + 31176/60361*pentagon1(1,0,1,1,0) - 4618549/120722*pentagon1(1,0,1,
      1,1);

   ex49 =
       - 4/7*pentagon1(1,0,0,0,0) - 47/7*pentagon1(1,0,1,0,0);

   ex50 =
      31071/512072*pentagon1(0,0,1,0,1) + pentagon1(1,0,0,0,0) - 1925001/
      128018*pentagon1(1,0,0,0,1) + 7081/512072*pentagon1(1,0,1,0,0) - 471943/
      256036*pentagon1(1,0,1,0,1);

   ex51 =
       - 38273/313600*pentagon1(1,0,0,0,0) + 367/640*pentagon1(1,0,0,1,0) - 89/
      3840*pentagon1(1,0,1,0,0) + 925/256*pentagon1(1,0,1,1,0);

   ex52 =
       - 75350544880817/711624142896436*pentagon1(0,0,1,0,1) + 253235968937129/
      22741032392560020*pentagon1(1,0,0,0,0) + 44334847/152713330*pentagon1(1,
      0,0,0,1) - 421997/5975739*pentagon1(1,0,0,1,0) + 1034317094887/
      80155907062*pentagon1(1,0,0,1,1) - 1773091/76356665*pentagon1(1,0,1,0,0)
       - 157784719577707/9217929312130*pentagon1(1,0,1,0,1) - 168467608647/
      7286900642*pentagon1(1,0,1,1,0) + 10429500609473/7286900642*pentagon1(1,
      0,1,1,1);

   expr1 = 0;

   expr2 = 0;

   expr3 =
      pentagon1(1,0,0,0,0);

   expr4 =
      3/245*pentagon1(1,0,0,0,0);

   expr5 =
      pentagon1(1,0,0,0,0);

   expr6 =
      3*pentagon1(1,0,0,0,0);

   expr7 =
      98*pentagon1(1,0,0,0,0);

   expr8 =
      3/245*pentagon1(1,0,0,0,0);

   expr9 =
      193/2*pentagon1(0,0,1,0,1) + pentagon1(1,0,0,0,0);

   expr10 =
      3/98*pentagon1(1,0,0,0,0);

   expr11 =
      5/386*pentagon1(0,0,1,0,1) - 3/18914*pentagon1(1,0,0,0,0);

   expr12 = 0;

   expr13 =
      pentagon1(0,0,1,0,1) + pentagon1(1,0,0,0,0);

   expr14 =
       - 47/490*pentagon1(1,0,0,0,0);

   expr15 =
       - 43/386*pentagon1(0,0,1,0,1) + 1287/94570*pentagon1(1,0,0,0,0);

   expr16 =
      36*pentagon1(1,0,0,0,0);

   expr17 =
      53*pentagon1(1,0,0,0,0);

   expr18 =
      pentagon1(1,0,0,0,0) + 115/2*pentagon1(1,0,0,0,1);

   expr19 =
       - 9/8*pentagon1(1,0,0,0,0) + 765/8*pentagon1(1,0,0,1,0);

   expr20 =
      pentagon1(1,0,0,0,0);

   expr21 =
      pentagon1(1,0,0,0,0);

   expr22 =
      17*pentagon1(0,0,1,0,1) + pentagon1(1,0,0,0,0);

   expr23 =
      pentagon1(1,0,0,0,0) - 16*pentagon1(1,0,0,0,1);

   expr24 =
      pentagon1(1,0,0,0,0) + 19*pentagon1(1,0,1,0,0);

   expr25 =
      3575/7*pentagon1(1,0,0,0,0) - 46808/7*pentagon1(1,0,1,0,0);

   expr26 =
       - 4/49*pentagon1(1,0,0,0,0);

   expr27 =
       - 11/2*pentagon1(1,0,0,0,0) + 585/2*pentagon1(1,0,0,1,0);

   expr28 =
      pentagon1(1,0,0,0,0) + 75*pentagon1(1,0,1,0,0);

   expr29 =
      23/386*pentagon1(0,0,1,0,1) + 1089/94570*pentagon1(1,0,0,0,0);

   expr30 =
      3481/40425*pentagon1(1,0,0,0,0) - 318/55*pentagon1(1,0,0,0,1) - 124/495*
      pentagon1(1,0,0,1,0) + 3481/11*pentagon1(1,0,0,1,1);

   expr31 =
       - 3797/7*pentagon1(1,0,0,0,0) + 164055/14*pentagon1(1,0,1,0,0);

   expr32 =
       - 93/253*pentagon1(0,0,1,0,1) + 1431/506*pentagon1(1,0,0,0,1) - 739/506
      *pentagon1(1,0,1,0,0) + 51991/506*pentagon1(1,0,1,0,1);

   expr33 =
      1637/78400*pentagon1(1,0,0,0,0) + 31/480*pentagon1(1,0,0,1,0) - 739/960*
      pentagon1(1,0,1,0,0) + 4911/64*pentagon1(1,0,1,1,0);

   expr34 =
      33318029/30105600*pentagon1(1,0,0,0,0) - 100771/61440*pentagon1(1,0,0,1,
      0) - 27468923/368640*pentagon1(1,0,1,0,0) + 57108909/8192*pentagon1(1,0,
      1,1,0);

   expr35 =
      7181/7*pentagon1(1,0,0,0,0) - 54225/7*pentagon1(1,0,1,0,0);

   expr36 =
       - 38531177/512072*pentagon1(0,0,1,0,1) + pentagon1(1,0,0,0,0) + 
      60914361/128018*pentagon1(1,0,0,0,1) - 399945253/1536216*pentagon1(1,0,1
      ,0,0) + 9609042371/768108*pentagon1(1,0,1,0,1);

   expr37 = 0;

   expr38 =
      pentagon1(1,0,0,0,0) - 31/2*pentagon1(1,0,0,0,1);

   expr39 =
      1/4*pentagon1(1,0,0,0,0) - 53/4*pentagon1(1,0,0,1,0);

   expr40 =
       - 194/40425*pentagon1(1,0,0,0,0) + 47/55*pentagon1(1,0,0,0,1) + 266/495
      *pentagon1(1,0,0,1,0) - 711/11*pentagon1(1,0,0,1,1);

   expr41 =
      pentagon1(1,0,0,0,0) - 1/2*pentagon1(1,0,1,0,0);

   expr42 =
      21*pentagon1(1,0,0,0,0) + 371/2*pentagon1(1,0,1,0,0);

   expr43 =
      29/506*pentagon1(0,0,1,0,1) + 491/506*pentagon1(1,0,0,0,1) - 7/253*
      pentagon1(1,0,1,0,0) + 13/506*pentagon1(1,0,1,0,1);

   expr44 =
      549/7*pentagon1(1,0,0,0,0) + 4155/14*pentagon1(1,0,1,0,0);

   expr45 =
      129/9800*pentagon1(1,0,0,0,0) - 1/20*pentagon1(1,0,0,1,0) - 1/40*
      pentagon1(1,0,1,0,0) + 11/8*pentagon1(1,0,1,1,0);

   expr46 =
      611229/128018*pentagon1(0,0,1,0,1) + pentagon1(1,0,0,0,0) + 4115822/
      64009*pentagon1(1,0,0,0,1) - 459094/192027*pentagon1(1,0,1,0,0) + 
      560859169/768108*pentagon1(1,0,1,0,1);

   expr47 =
      43921/179200*pentagon1(1,0,0,0,0) - 86699/7680*pentagon1(1,0,0,1,0) - 
      30049/15360*pentagon1(1,0,1,0,0) + 680901/1024*pentagon1(1,0,1,1,0);

   expr48 =
      117265/46598692*pentagon1(0,0,1,0,1) - 70359/2283335908*pentagon1(1,0,0,
      0,0) - 10063/120722*pentagon1(1,0,0,1,1) + 22490/60361*pentagon1(1,0,1,0
      ,1) + 31176/60361*pentagon1(1,0,1,1,0) - 4618549/120722*pentagon1(1,0,1,
      1,1);

   expr49 =
       - 4/7*pentagon1(1,0,0,0,0) - 47/7*pentagon1(1,0,1,0,0);

   expr50 =
      31071/512072*pentagon1(0,0,1,0,1) + pentagon1(1,0,0,0,0) - 1925001/
      128018*pentagon1(1,0,0,0,1) + 7081/512072*pentagon1(1,0,1,0,0) - 471943/
      256036*pentagon1(1,0,1,0,1);

   expr51 =
       - 38273/313600*pentagon1(1,0,0,0,0) + 367/640*pentagon1(1,0,0,1,0) - 89/
      3840*pentagon1(1,0,1,0,0) + 925/256*pentagon1(1,0,1,1,0);

   expr52 =
       - 75350544880817/711624142896436*pentagon1(0,0,1,0,1) + 253235968937129/
      22741032392560020*pentagon1(1,0,0,0,0) + 44334847/152713330*pentagon1(1,
      0,0,0,1) - 421997/5975739*pentagon1(1,0,0,1,0) + 1034317094887/
      80155907062*pentagon1(1,0,0,1,1) - 1773091/76356665*pentagon1(1,0,1,0,0)
       - 157784719577707/9217929312130*pentagon1(1,0,1,0,1) - 168467608647/
      7286900642*pentagon1(1,0,1,1,0) + 10429500609473/7286900642*pentagon1(1,
      0,1,1,1);

   dif1 = 0;

   dif2 = 0;

   dif3 = 0;

   dif4 = 0;

   dif5 = 0;

   dif6 = 0;

   dif7 = 0;

   dif8 = 0;

   dif9 = 0;

   dif10 = 0;

   dif11 = 0;

   dif12 = 0;

   dif13 = 0;

   dif14 = 0;

   dif15 = 0;

   dif16 = 0;

   dif17 = 0;

   dif18 = 0;

   dif19 = 0;

   dif20 = 0;

   dif21 = 0;

   dif22 = 0;

   dif23 = 0;

   dif24 = 0;

   dif25 = 0;

   dif26 = 0;

   dif27 = 0;

   dif28 = 0;

   dif29 = 0;

   dif30 = 0;

   dif31 = 0;

   dif32 = 0;

   dif33 = 0;

   dif34 = 0;

   dif35 = 0;

   dif36 = 0;

   dif37 = 0;

   dif38 = 0;

   dif39 = 0;

   dif40 = 0;

   dif41 = 0;

   dif42 = 0;

   dif43 = 0;

   dif44 = 0;

   dif45 = 0;

   dif46 = 0;

   dif47 = 0;

   dif48 = 0;

   dif49 = 0;

   dif50 = 0;

   dif51 = 0;

   dif52 = 0;

  0.40 sec out of 0.40 sec
