
Date: Sat Jun 25 07:58:32 2022

Setting up job queue from myjobs/jobs_2_diamatches.yaml
Updating job queue dependencies
Processing jobs in serial mode (only one MPI process)
Inserted new job in queue: job(1): find diagram shifts (alt) for diagram/ggtthoneloop.yaml
Updating job queue dependencies
Loading uncrossed integral families from file ./config/integralfamilies.yaml
Initialize integral family 'pentagon1'
Loaded integral family pentagon1
Initialize integral family 'pentagon2'
Loaded integral family pentagon2
Initialize integral family 'pentagon3'
Loaded integral family pentagon3
Initialize integral family 'pentagon4'
Loaded integral family pentagon4
Loaded 4 (uncrossed) integral families
Done loading uncrossed integral families
Using integral family pentagon1 (id reset to 1)
Loading crossings from file ./sectormappings/crossings.yaml
Crossing equivalence: '' -> ''
using crossing x12 (invs: {s51==-s12+s34+mh^2-s51,s23==s45-s12-s23+mt^2}, mom: {p2==p1,p1==p2})
using crossing x12x34 (invs: {s45==-s45+s12-s34+mh^2+2*mt^2,s51==-s12+s34+mh^2-s51,s23==-s45+mh^2-s51+s23+mt^2}, mom: {p3==p4,p2==p1,p4==p3,p1==p2})
using crossing x34 (invs: {s45==-s45+s12-s34+mh^2+2*mt^2,s23==-s34+s51-s23+2*mt^2}, mom: {p3==p4,p4==p3})
Crossing equivalence: 'x34' -> 'x34'
Crossing equivalence: 'x12x34' -> 'x12x34'
Crossing equivalence: 'x12' -> 'x12'
Crossing equivalence: '' -> ''
Loaded crossings for kinematics ''
Loaded crossings for 1 kinematics
Done loading crossings
  generated crossed integral family pentagon1x12 (id set to 2)
  generated crossed integral family pentagon1x12x34 (id set to 3)
  generated crossed integral family pentagon1x34 (id set to 4)
Using integral family pentagon2 (id reset to 5)
  generated crossed integral family pentagon2x12 (id set to 6)
  generated crossed integral family pentagon2x12x34 (id set to 7)
  generated crossed integral family pentagon2x34 (id set to 8)
Using integral family pentagon3 (id reset to 9)
  generated crossed integral family pentagon3x12 (id set to 10)
  generated crossed integral family pentagon3x12x34 (id set to 11)
  generated crossed integral family pentagon3x34 (id set to 12)
Using integral family pentagon4 (id reset to 13)
  generated crossed integral family pentagon4x12 (id set to 14)
  generated crossed integral family pentagon4x12x34 (id set to 15)
  generated crossed integral family pentagon4x34 (id set to 16)
Done loading integral families
Updated job queue:
  [p] job(1): find diagram shifts (alt) for diagram/ggtthoneloop.yaml  [dep: ]


Date: Sat Jun 25 07:58:32 2022

Run ID: 8f371db4

Starting job(1): find diagram shifts (alt) for diagram/ggtthoneloop.yaml
Completed Job(1) [Time: 1s, CPU: 1s]
Updating job queue dependencies
Completed jobs in jobqueue

Completed all jobs
Total run time: 1 s
Killing Fermat
