
Date: Fri Jun 24 12:08:45 2022

Setting up job queue from myjobs/jobs_2_diamatches.yaml
Updating job queue dependencies
Processing jobs in serial mode (only one MPI process)
Inserted new job in queue: job(1): find diagram shifts (alt) for diagram/ggtthoneloop.yaml
Updating job queue dependencies
Loading uncrossed integral families from file ./config/integralfamilies.yaml
Initialize integral family 'pentagon4'
Loaded integral family pentagon4
Loaded 1 (uncrossed) integral families
Done loading uncrossed integral families
Using integral family pentagon4 (id reset to 1)
Loading crossings from file ./sectormappings/crossings.yaml
Crossing equivalence: '' -> ''
using crossing x12 (invs: {s14==-s12+s35+mt^2-s14,s23==s45-s12+mt^2-s23}, mom: {p1==p2,p2==p1})
using crossing x12x34 (invs: {s45==s35,s35==s45,s14==s23,s23==s14}, mom: {p1==p2,p3==p4,p2==p1,p4==p3})
using crossing x34 (invs: {s45==s35,s35==s45,s14==s45-s12+mt^2-s23,s23==-s12+s35+mt^2-s14}, mom: {p3==p4,p4==p3})
Crossing equivalence: 'x34' -> 'x34'
Crossing equivalence: 'x12x34' -> 'x12x34'
Crossing equivalence: 'x12' -> 'x12'
Crossing equivalence: '' -> ''
Loaded crossings for kinematics ''
Loaded crossings for 1 kinematics
Done loading crossings
  generated crossed integral family pentagon4x12 (id set to 2)
  generated crossed integral family pentagon4x12x34 (id set to 3)
  generated crossed integral family pentagon4x34 (id set to 4)
Done loading integral families
Updated job queue:
  [p] job(1): find diagram shifts (alt) for diagram/ggtthoneloop.yaml  [dep: ]


Date: Fri Jun 24 12:08:45 2022

Run ID: 8eca304e

Starting job(1): find diagram shifts (alt) for diagram/ggtthoneloop.yaml
Completed Job(1) [Time: 0s, CPU: 0s]
Updating job queue dependencies
Completed jobs in jobqueue

Completed all jobs
Total run time: 1 s
Killing Fermat
