
Date: Fri Jun 24 12:08:45 2022


conditional: false
qgraf_file: diagram/ggtthoneloop.yaml
output_file: myresults/ggtthoneloop.match.yaml
info_file_form: myresults/ggtthone.match.info.inc
names:
  []

Reading diagrams from file: diagram/ggtthoneloop.yaml
rename negative field indices
Loaded diagram 1
rename negative field indices
Loaded diagram 2
rename negative field indices
Loaded diagram 3
rename negative field indices
Loaded diagram 4
rename negative field indices
Loaded diagram 5
rename negative field indices
Loaded diagram 6
rename negative field indices
Loaded diagram 7
rename negative field indices
Loaded diagram 8
rename negative field indices
Loaded diagram 9
rename negative field indices
Loaded diagram 10
rename negative field indices
Loaded diagram 11
rename negative field indices
Loaded diagram 12
rename negative field indices
Loaded diagram 13
rename negative field indices
Loaded diagram 14
rename negative field indices
Loaded diagram 15
rename negative field indices
Loaded diagram 16
rename negative field indices
Loaded diagram 17
rename negative field indices
Loaded diagram 18
rename negative field indices
Loaded diagram 19
rename negative field indices
Loaded diagram 20
rename negative field indices
Loaded diagram 21
rename negative field indices
Loaded diagram 22
rename negative field indices
Loaded diagram 23
rename negative field indices
Loaded diagram 24
rename negative field indices
Loaded diagram 25
rename negative field indices
Loaded diagram 26
rename negative field indices
Loaded diagram 27
rename negative field indices
Loaded diagram 28
rename negative field indices
Loaded diagram 29
rename negative field indices
Loaded diagram 30
rename negative field indices
Loaded diagram 31
rename negative field indices
Loaded diagram 32
rename negative field indices
Loaded diagram 33
rename negative field indices
Loaded diagram 34
rename negative field indices
Loaded diagram 35
rename negative field indices
Loaded diagram 36
rename negative field indices
Loaded diagram 37
rename negative field indices
Loaded diagram 38
rename negative field indices
Loaded diagram 39
rename negative field indices
Loaded diagram 40
rename negative field indices
Loaded diagram 41
rename negative field indices
Loaded diagram 42
rename negative field indices
Loaded diagram 43
rename negative field indices
Loaded diagram 44
rename negative field indices
Loaded diagram 45
rename negative field indices
Loaded diagram 46
rename negative field indices
Loaded diagram 47
rename negative field indices
Loaded diagram 48
rename negative field indices
Loaded diagram 49
rename negative field indices
Loaded diagram 50
rename negative field indices
Loaded diagram 51
rename negative field indices
Loaded diagram 52
rename negative field indices
Loaded diagram 53
rename negative field indices
Loaded diagram 54
rename negative field indices
Loaded diagram 55
rename negative field indices
Loaded diagram 56
rename negative field indices
Loaded diagram 57
rename negative field indices
Loaded diagram 58
rename negative field indices
Loaded diagram 59
rename negative field indices
Loaded diagram 60
rename negative field indices
Loaded diagram 61
rename negative field indices
Loaded diagram 62
rename negative field indices
Loaded diagram 63
rename negative field indices
Loaded diagram 64
rename negative field indices
Loaded diagram 65
rename negative field indices
Loaded diagram 66
rename negative field indices
Loaded diagram 67
rename negative field indices
Loaded diagram 68
rename negative field indices
Loaded diagram 69
rename negative field indices
Loaded diagram 70
rename negative field indices
Loaded diagram 71
rename negative field indices
Loaded diagram 72
rename negative field indices
Loaded diagram 73
rename negative field indices
Loaded diagram 74
rename negative field indices
Loaded diagram 75
rename negative field indices
Loaded diagram 76
rename negative field indices
Loaded diagram 77
rename negative field indices
Loaded diagram 78
rename negative field indices
Loaded diagram 79
rename negative field indices
Loaded diagram 80
rename negative field indices
Loaded diagram 81
rename negative field indices
Loaded diagram 82
rename negative field indices
Loaded diagram 83
rename negative field indices
Loaded diagram 84
rename negative field indices
Loaded diagram 85
rename negative field indices
Loaded diagram 86
rename negative field indices
Loaded diagram 87
rename negative field indices
Loaded diagram 88
rename negative field indices
Loaded diagram 89
rename negative field indices
Loaded diagram 90
rename negative field indices
Loaded diagram 91
rename negative field indices
Loaded diagram 92
rename negative field indices
Loaded diagram 93
rename negative field indices
Loaded diagram 94
rename negative field indices
Loaded diagram 95
rename negative field indices
Loaded diagram 96
rename negative field indices
Loaded diagram 97
rename negative field indices
Loaded diagram 98
rename negative field indices
Loaded diagram 99
rename negative field indices
Loaded diagram 100
rename negative field indices
Loaded diagram 101
rename negative field indices
Loaded diagram 102
rename negative field indices
Loaded diagram 103
rename negative field indices
Loaded diagram 104
rename negative field indices
Loaded diagram 105
rename negative field indices
Loaded diagram 106
rename negative field indices
Loaded diagram 107
rename negative field indices
Loaded diagram 108
rename negative field indices
Loaded diagram 109
rename negative field indices
Loaded diagram 110
rename negative field indices
Loaded diagram 111
rename negative field indices
Loaded diagram 112
rename negative field indices
Loaded diagram 113
rename negative field indices
Loaded diagram 114
rename negative field indices
Loaded diagram 115
rename negative field indices
Loaded diagram 116
rename negative field indices
Loaded diagram 117
rename negative field indices
Loaded diagram 118
rename negative field indices
Loaded diagram 119
rename negative field indices
Loaded diagram 120
rename negative field indices
Loaded diagram 121
rename negative field indices
Loaded diagram 122
rename negative field indices
Loaded diagram 123
rename negative field indices
Loaded diagram 124
rename negative field indices
Loaded diagram 125
rename negative field indices
Loaded diagram 126
rename negative field indices
Loaded diagram 127
rename negative field indices
Loaded diagram 128
rename negative field indices
Loaded diagram 129
rename negative field indices
Loaded diagram 130
rename negative field indices
Loaded diagram 131
rename negative field indices
Loaded diagram 132
rename negative field indices
Loaded diagram 133
rename negative field indices
Loaded diagram 134
rename negative field indices
Loaded diagram 135
rename negative field indices
Loaded diagram 136
rename negative field indices
Loaded diagram 137
rename negative field indices
Loaded diagram 138
rename negative field indices
Loaded diagram 139
rename negative field indices
Loaded diagram 140
Diagrams loaded. Time: 0.1514s

Analyzing topologies of 140 diagrams:
Analyzing diagram 1

  => matched diagram 1 to (pentagon4:3:21)
     via shift: {k1==-k1-p4}
read key 'sectormappings' in file './sectormappings/sectormappings_pentagon4.yaml'
Found valid sector mappings for pentagon4
     target sector equivalent to (pentagon4x12x34:3:13)

X
Analyzing diagram 2
  => matched diagram 2 to (pentagon4:3:13)
     via shift: {k1==p1+k1-p3+p2}
     target sector equivalent to (pentagon4:3:13)

X
Analyzing diagram 3
  => matched diagram 3 to (pentagon4:2:5)
     via shift: {k1==k1}
     target sector equivalent to (pentagon4:2:5)

X
Analyzing diagram 4
  => matched diagram 4 to (pentagon4:2:5)
     via shift: {k1==k1}
     target sector equivalent to (pentagon4:2:5)

X
Analyzing diagram 5
  => matched diagram 5 to (pentagon4:4:29)
     via shift: {k1==-p1-k1+p3-p2}
     target sector equivalent to (pentagon4:4:29)

X
Analyzing diagram 6
  => matched diagram 6 to (pentagon4:2:3)
     via shift: {k1==-k1}
     target sector equivalent to (pentagon4:0:0)

O
Analyzing diagram 7
  => matched diagram 7 to (pentagon4:2:6)
     via shift: {k1==-p1-k1}
     target sector equivalent to (pentagon4:0:0)

O
Analyzing diagram 8
  => matched diagram 8 to (pentagon4:2:3)
     via shift: {k1==-k1}
     target sector equivalent to (pentagon4:0:0)

O
Analyzing diagram 9
  => matched diagram 9 to (pentagon4:2:6)
     via shift: {k1==-p1-k1}
     target sector equivalent to (pentagon4:0:0)

O
Analyzing diagram 10
.
Analyzing diagram 11
.
Analyzing diagram 12
.
Analyzing diagram 13
  => matched diagram 13 to (pentagon4:3:21)
     via shift: {k1==k1}
     target sector equivalent to (pentagon4x12x34:3:13)

X
Analyzing diagram 14
.
Analyzing diagram 15
  => matched diagram 15 to (pentagon4:3:13)
     via shift: {k1==-p1-k1-p2}
     target sector equivalent to (pentagon4:3:13)

X
Analyzing diagram 16
  => matched diagram 16 to (pentagon4x12:3:26)
     via shift: {k1==-p1-k1+p3-p2}
     target sector equivalent to (pentagon4x12:3:26)

x
Analyzing diagram 17
.
Analyzing diagram 18
  => matched diagram 18 to (pentagon4x12:3:11)
     via shift: {k1==k1+p2}
     target sector equivalent to (pentagon4x12:3:11)

x
Analyzing diagram 19
  => matched diagram 19 to (pentagon4:3:26)
     via shift: {k1==k1+p4}
     target sector equivalent to (pentagon4:3:26)

X
Analyzing diagram 20
.
Analyzing diagram 21
  => matched diagram 21 to (pentagon4:3:22)
     via shift: {k1==-p1-k1}
     target sector equivalent to (pentagon4x12x34:3:11)

X
Analyzing diagram 22
.
Analyzing diagram 23
  => matched diagram 23 to (pentagon4:3:11)
     via shift: {k1==p1+k1}
     target sector equivalent to (pentagon4:3:11)

X
Analyzing diagram 24
.
Analyzing diagram 25
  => matched diagram 25 to (pentagon4x12:3:22)
     via shift: {k1==-k1-p2}
     target sector equivalent to (pentagon4x34:3:11)

x
Analyzing diagram 26
  => matched diagram 26 to (pentagon4:2:20)
     via shift: {k1==-p1-k1-p2}
     target sector equivalent to (pentagon4x12x34:2:9)

X
Analyzing diagram 27
  => matched diagram 27 to (pentagon4:2:9)
     via shift: {k1==k1}
     target sector equivalent to (pentagon4:2:9)

X
Analyzing diagram 28
  => matched diagram 28 to (pentagon4x12:2:18)
     via shift: {k1==k1+p2}
     target sector equivalent to (pentagon4x34:2:10)

x
Analyzing diagram 29
  => matched diagram 29 to (pentagon4:2:9)
     via shift: {k1==k1}
     target sector equivalent to (pentagon4:2:9)

X
Analyzing diagram 30
  => matched diagram 30 to (pentagon4:2:10)
     via shift: {k1==-p1-k1}
     target sector equivalent to (pentagon4:2:10)

X
Analyzing diagram 31
  => matched diagram 31 to (pentagon4:2:20)
     via shift: {k1==-p1-k1-p2}
     target sector equivalent to (pentagon4x12x34:2:9)

X
Analyzing diagram 32
  => matched diagram 32 to (pentagon4:2:18)
     via shift: {k1==p1+k1}
     target sector equivalent to (pentagon4x12x34:2:10)

X
Analyzing diagram 33
  => matched diagram 33 to (pentagon4:2:9)
     via shift: {k1==k1}
     target sector equivalent to (pentagon4:2:9)

X
Analyzing diagram 34
  => matched diagram 34 to (pentagon4x12:2:10)
     via shift: {k1==-k1-p2}
     target sector equivalent to (pentagon4x12:2:10)

x
Analyzing diagram 35
  => matched diagram 35 to (pentagon4:2:20)
     via shift: {k1==-p1-k1-p2}
     target sector equivalent to (pentagon4x12x34:2:9)

X
Analyzing diagram 36
  => matched diagram 36 to (pentagon4:2:5)
     via shift: {k1==-k1}
     target sector equivalent to (pentagon4:2:5)

X
Analyzing diagram 37
.
Analyzing diagram 38
  => matched diagram 38 to (pentagon4:2:5)
     via shift: {k1==-k1}
     target sector equivalent to (pentagon4:2:5)

X
Analyzing diagram 39
  => matched diagram 39 to (pentagon4:2:5)
     via shift: {k1==-k1}
     target sector equivalent to (pentagon4:2:5)

X
Analyzing diagram 40
  => matched diagram 40 to (pentagon4:2:18)
     via shift: {k1==p1+k1}
     target sector equivalent to (pentagon4x12x34:2:10)

X
Analyzing diagram 41
  => matched diagram 41 to (pentagon4x12:2:18)
     via shift: {k1==k1+p2}
     target sector equivalent to (pentagon4x34:2:10)

x
Analyzing diagram 42
  => matched diagram 42 to (pentagon4:2:5)
     via shift: {k1==-k1}
     target sector equivalent to (pentagon4:2:5)

X
Analyzing diagram 43
.
Analyzing diagram 44
  => matched diagram 44 to (pentagon4:2:5)
     via shift: {k1==-k1}
     target sector equivalent to (pentagon4:2:5)

X
Analyzing diagram 45
  => matched diagram 45 to (pentagon4:2:5)
     via shift: {k1==-k1}
     target sector equivalent to (pentagon4:2:5)

X
Analyzing diagram 46
  => matched diagram 46 to (pentagon4x12:2:10)
     via shift: {k1==-k1-p2}
     target sector equivalent to (pentagon4x12:2:10)

x
Analyzing diagram 47
  => matched diagram 47 to (pentagon4:2:10)
     via shift: {k1==-p1-k1}
     target sector equivalent to (pentagon4:2:10)

X
Analyzing diagram 48
.
Analyzing diagram 49
.
Analyzing diagram 50
  => matched diagram 50 to (pentagon4:4:29)
     via shift: {k1==-p1-k1+p3-p2}
     target sector equivalent to (pentagon4:4:29)

X
Analyzing diagram 51

.
Analyzing diagram 52
  => matched diagram 52 to (pentagon4x12:4:27)
     via shift: {k1==k1}
     target sector equivalent to (pentagon4x12:4:27)

x
Analyzing diagram 53
.
Analyzing diagram 54
.
Analyzing diagram 55
  => matched diagram 55 to (pentagon4:4:30)
     via shift: {k1==-p1-k1-p2}
     target sector equivalent to (pentagon4x12x34:4:27)

X
Analyzing diagram 56
.
Analyzing diagram 57
.
Analyzing diagram 58
  => matched diagram 58 to (pentagon4:4:27)
     via shift: {k1==k1}
     target sector equivalent to (pentagon4:4:27)

X
Analyzing diagram 59
.
Analyzing diagram 60
.
Analyzing diagram 61
  => matched diagram 61 to (pentagon4x12:4:30)
     via shift: {k1==-p1-k1-p2}
     target sector equivalent to (pentagon4x34:4:27)

x
Analyzing diagram 62
.
Analyzing diagram 63
.
Analyzing diagram 64
.
Analyzing diagram 65
.
Analyzing diagram 66
.
Analyzing diagram 67
.
Analyzing diagram 68
.
Analyzing diagram 69
.
Analyzing diagram 70
  => matched diagram 70 to (pentagon4:4:23)
     via shift: {k1==p1+k1}
     target sector equivalent to (pentagon4x12x34:4:15)

X
Analyzing diagram 71
.
Analyzing diagram 72
  => matched diagram 72 to (pentagon4x12:4:23)
     via shift: {k1==k1+p2}
     target sector equivalent to (pentagon4x34:4:15)

x
Analyzing diagram 73
.
Analyzing diagram 74
.
Analyzing diagram 75
.
Analyzing diagram 76
  => matched diagram 76 to (pentagon4x12:4:15)
     via shift: {k1==-k1-p2}
     target sector equivalent to (pentagon4x12:4:15)

x
Analyzing diagram 77
.
Analyzing diagram 78
  => matched diagram 78 to (pentagon4:4:15)
     via shift: {k1==-p1-k1}
     target sector equivalent to (pentagon4:4:15)

X
Analyzing diagram 79
.
Analyzing diagram 80
.
Analyzing diagram 81
  => matched diagram 81 to (pentagon4:3:25)
     via shift: {k1==-k1-p4}
     target sector equivalent to (pentagon4:3:25)

X
Analyzing diagram 82
  => matched diagram 82 to (pentagon4:3:28)
     via shift: {k1==p1+k1-p3+p2}
     target sector equivalent to (pentagon4x12x34:3:25)

X
Analyzing diagram 83
  => matched diagram 83 to (pentagon4:3:25)
     via shift: {k1==-k1-p4}
     target sector equivalent to (pentagon4:3:25)

X
Analyzing diagram 84
.
Analyzing diagram 85
.
Analyzing diagram 86
.
Analyzing diagram 87
  => matched diagram 87 to (pentagon4x12:3:19)
     via shift: {k1==-k1}
     target sector equivalent to (pentagon4x34:3:14)

x
Analyzing diagram 88
  => matched diagram 88 to (pentagon4:3:28)
     via shift: {k1==p1+k1-p3+p2}
     target sector equivalent to (pentagon4x12x34:3:25)

X
Analyzing diagram 89
.
Analyzing diagram 90
.
Analyzing diagram 91
.
Analyzing diagram 92
  => matched diagram 92 to (pentagon4:3:14)
     via shift: {k1==p1+k1+p2}
     target sector equivalent to (pentagon4:3:14)

X
Analyzing diagram 93
  => matched diagram 93 to (pentagon4:3:25)
     via shift: {k1==-k1-p4}
     target sector equivalent to (pentagon4:3:25)

X
Analyzing diagram 94
.
Analyzing diagram 95
.
Analyzing diagram 96
.
Analyzing diagram 97
  => matched diagram 97 to (pentagon4:3:19)
     via shift: {k1==-k1}
     target sector equivalent to (pentagon4x12x34:3:14)

X
Analyzing diagram 98
  => matched diagram 98 to (pentagon4:3:28)
     via shift: {k1==p1+k1-p3+p2}
     target sector equivalent to (pentagon4x12x34:3:25)

X
Analyzing diagram 99
.
Analyzing diagram 100
.
Analyzing diagram 101

.
Analyzing diagram 102
  => matched diagram 102 to (pentagon4x12:3:14)
     via shift: {k1==p1+k1+p2}
     target sector equivalent to (pentagon4x12:3:14)

x
Analyzing diagram 103
.
Analyzing diagram 104
.
Analyzing diagram 105
.
Analyzing diagram 106
.
Analyzing diagram 107
.
Analyzing diagram 108
  => matched diagram 108 to (pentagon4x12:3:19)
     via shift: {k1==-k1}
     target sector equivalent to (pentagon4x34:3:14)

x
Analyzing diagram 109
.
Analyzing diagram 110
  => matched diagram 110 to (pentagon4:3:19)
     via shift: {k1==-k1}
     target sector equivalent to (pentagon4x12x34:3:14)

X
Analyzing diagram 111
  => matched diagram 111 to (pentagon4:3:7)
     via shift: {k1==p1+k1}
     target sector equivalent to (pentagon4:3:7)

X
Analyzing diagram 112
  => matched diagram 112 to (pentagon4:3:7)
     via shift: {k1==p1+k1}
     target sector equivalent to (pentagon4:3:7)

X
Analyzing diagram 113
.
Analyzing diagram 114
.
Analyzing diagram 115
  => matched diagram 115 to (pentagon4:3:7)
     via shift: {k1==p1+k1}
     target sector equivalent to (pentagon4:3:7)

X
Analyzing diagram 116
  => matched diagram 116 to (pentagon4:3:7)
     via shift: {k1==p1+k1}
     target sector equivalent to (pentagon4:3:7)

X
Analyzing diagram 117
  => matched diagram 117 to (pentagon4:3:7)
     via shift: {k1==p1+k1}
     target sector equivalent to (pentagon4:3:7)

X
Analyzing diagram 118
.
Analyzing diagram 119
  => matched diagram 119 to (pentagon4:3:14)
     via shift: {k1==p1+k1+p2}
     target sector equivalent to (pentagon4:3:14)

X
Analyzing diagram 120
.
Analyzing diagram 121
  => matched diagram 121 to (pentagon4x12:3:14)
     via shift: {k1==p1+k1+p2}
     target sector equivalent to (pentagon4x12:3:14)

x
Analyzing diagram 122
  => matched diagram 122 to (pentagon4:3:7)
     via shift: {k1==p1+k1}
     target sector equivalent to (pentagon4:3:7)

X
Analyzing diagram 123
  => matched diagram 123 to (pentagon4:3:7)
     via shift: {k1==p1+k1}
     target sector equivalent to (pentagon4:3:7)

X
Analyzing diagram 124
.
Analyzing diagram 125
.
Analyzing diagram 126
  => matched diagram 126 to (pentagon4:3:7)
     via shift: {k1==p1+k1}
     target sector equivalent to (pentagon4:3:7)

X
Analyzing diagram 127
  => matched diagram 127 to (pentagon4:3:7)
     via shift: {k1==p1+k1}
     target sector equivalent to (pentagon4:3:7)

X
Analyzing diagram 128
  => matched diagram 128 to (pentagon4:3:7)
     via shift: {k1==p1+k1}
     target sector equivalent to (pentagon4:3:7)

X
Analyzing diagram 129
  => matched diagram 129 to (pentagon4x12:5:31)
     via shift: {k1==-k1-p2}
     target sector equivalent to (pentagon4x12:5:31)

x
Analyzing diagram 130
.
Analyzing diagram 131
  => matched diagram 131 to (pentagon4:5:31)
     via shift: {k1==p1+k1}
     target sector equivalent to (pentagon4:5:31)

X
Analyzing diagram 132
.
Analyzing diagram 133
.
Analyzing diagram 134
.
Analyzing diagram 135
.
Analyzing diagram 136
.
Analyzing diagram 137
.
Analyzing diagram 138
.
Analyzing diagram 139
.
Analyzing diagram 140
.

Writing new diagram file: myresults/ggtthoneloop.match.yaml

Matched diagrams: 72

Unmatched diagrams: 68
t = 2 : 37 43 
t = 3 : 10 11 12 14 17 20 22 24 84 
        85 86 89 90 91 94 95 96 99 100 
        101 103 104 105 106 107 109 113 114 118 
        120 124 125 
t = 4 : 48 49 51 53 54 56 57 59 60 
        62 63 64 65 66 67 68 69 71 73 
        74 75 77 79 80 
t = 5 : 130 132 133 134 135 136 137 138 139 
        140 

Sectors: 35
family pentagon4:
t = 2: 3 5 6 9 10 
family pentagon4x12:
t = 2: 10 
family pentagon4:
t = 2: 18 
family pentagon4x12:
t = 2: 18 
family pentagon4:
t = 2: 20 
t = 3: 7 11 
family pentagon4x12:
t = 3: 11 
family pentagon4:
t = 3: 13 14 
family pentagon4x12:
t = 3: 14 
family pentagon4:
t = 3: 19 
family pentagon4x12:
t = 3: 19 
family pentagon4:
t = 3: 21 22 
family pentagon4x12:
t = 3: 22 
family pentagon4:
t = 3: 25 26 
family pentagon4x12:
t = 3: 26 
family pentagon4:
t = 3: 28 
t = 4: 15 
family pentagon4x12:
t = 4: 15 
family pentagon4:
t = 4: 23 
family pentagon4x12:
t = 4: 23 
family pentagon4:
t = 4: 27 
family pentagon4x12:
t = 4: 27 
family pentagon4:
t = 4: 29 30 
family pentagon4x12:
t = 4: 30 
family pentagon4:
t = 5: 31 
family pentagon4x12:
t = 5: 31 

This selection of sectors should be reduced for the matched diagrams:
sector_selection:
  select_all: false
  select:
    []
  select_recursively:
    - [pentagon4, 31]
  deselect:
    []
  deselect_recursively:
    []
  deselect_independents:
    []
  deselect_graphless: false
  deselect_graphs: false
  t_restriction: [-1, -1]

Job done (total time: 1 s)
