
Date: Wed Jun  8 18:17:41 2022


conditional: false


Setting up crossings for kinematics ''
Crossing equivalence: '' -> ''
External legs:
  external leg 1 is incoming, has momenta p1 and mass 0
  external leg 2 is incoming, has momenta p2 and mass 0
  external leg 3 is outgoing, has momenta p3 and mass 0
  external leg 4 is outgoing, has momenta p4 and mass 0
  external leg 5 is outgoing, has momenta p1-p3+p2-p4 and mass 0
Rules to replace scalar products by kinematic invariants:
  SP(p1,p1) -> 0
  SP(p3,p2) -> -1/2*s23
  SP(p4,p4) -> 0
  SP(p1,p3) -> -1/2*s45+1/2*s12+1/2*s23
  SP(p3,p4) -> 1/2*s34
  SP(p1,p2) -> 1/2*s12
  SP(p2,p4) -> 1/2*s34-1/2*s51+1/2*s23
  SP(p3,p3) -> 0
  SP(p2,p2) -> 0
  SP(p1,p4) -> 1/2*s45+1/2*s51-1/2*s23
Permutations of external legs (before completing):
[]
[[1, 2]]
[[1, 2], [3, 4]]
[[1, 2], [3, 4, 5]]
[[1, 2], [3, 5]]
[[1, 2], [3, 5, 4]]
[[1, 2], [4, 5]]
[[1, 2, 3]]
[[1, 2, 3], [4, 5]]
[[1, 2, 3, 4]]
[[1, 2, 3, 4, 5]]
[[1, 2, 3, 5]]
[[1, 2, 3, 5, 4]]
[[1, 2, 4]]
[[1, 2, 4], [3, 5]]
[[1, 2, 4, 3]]
[[1, 2, 4, 3, 5]]
[[1, 2, 4, 5]]
[[1, 2, 4, 5, 3]]
[[1, 2, 5]]
[[1, 2, 5], [3, 4]]
[[1, 2, 5, 3]]
[[1, 2, 5, 3, 4]]
[[1, 2, 5, 4]]
[[1, 2, 5, 4, 3]]
[[1, 3]]
[[1, 3], [2, 4]]
[[1, 3], [2, 4, 5]]
[[1, 3], [2, 5]]
[[1, 3], [2, 5, 4]]
[[1, 3], [4, 5]]
[[1, 3, 2]]
[[1, 3, 2], [4, 5]]
[[1, 3, 2, 4]]
[[1, 3, 2, 4, 5]]
[[1, 3, 2, 5]]
[[1, 3, 2, 5, 4]]
[[1, 3, 4]]
[[1, 3, 4], [2, 5]]
[[1, 3, 4, 2]]
[[1, 3, 4, 2, 5]]
[[1, 3, 4, 5]]
[[1, 3, 4, 5, 2]]
[[1, 3, 5]]
[[1, 3, 5], [2, 4]]
[[1, 3, 5, 2]]
[[1, 3, 5, 2, 4]]
[[1, 3, 5, 4]]
[[1, 3, 5, 4, 2]]
[[1, 4]]
[[1, 4], [2, 3]]
[[1, 4], [2, 3, 5]]
[[1, 4], [2, 5]]
[[1, 4], [2, 5, 3]]
[[1, 4], [3, 5]]
[[1, 4, 2]]
[[1, 4, 2], [3, 5]]
[[1, 4, 2, 3]]
[[1, 4, 2, 3, 5]]
[[1, 4, 2, 5]]
[[1, 4, 2, 5, 3]]
[[1, 4, 3]]
[[1, 4, 3], [2, 5]]
[[1, 4, 3, 2]]
[[1, 4, 3, 2, 5]]
[[1, 4, 3, 5]]
[[1, 4, 3, 5, 2]]
[[1, 4, 5]]
[[1, 4, 5], [2, 3]]
[[1, 4, 5, 2]]
[[1, 4, 5, 2, 3]]
[[1, 4, 5, 3]]
[[1, 4, 5, 3, 2]]
[[1, 5]]
[[1, 5], [2, 3]]
[[1, 5], [2, 3, 4]]
[[1, 5], [2, 4]]
[[1, 5], [2, 4, 3]]
[[1, 5], [3, 4]]
[[1, 5, 2]]
[[1, 5, 2], [3, 4]]
[[1, 5, 2, 3]]
[[1, 5, 2, 3, 4]]
[[1, 5, 2, 4]]
[[1, 5, 2, 4, 3]]
[[1, 5, 3]]
[[1, 5, 3], [2, 4]]
[[1, 5, 3, 2]]
[[1, 5, 3, 2, 4]]
[[1, 5, 3, 4]]
[[1, 5, 3, 4, 2]]
[[1, 5, 4]]
[[1, 5, 4], [2, 3]]
[[1, 5, 4, 2]]
[[1, 5, 4, 2, 3]]
[[1, 5, 4, 3]]
[[1, 5, 4, 3, 2]]
[[2, 3]]
[[2, 3], [4, 5]]
[[2, 3, 4]]
[[2, 3, 4, 5]]
[[2, 3, 5]]
[[2, 3, 5, 4]]
[[2, 4]]
[[2, 4], [3, 5]]
[[2, 4, 3]]
[[2, 4, 3, 5]]
[[2, 4, 5]]
[[2, 4, 5, 3]]
[[2, 5]]
[[2, 5], [3, 4]]
[[2, 5, 3]]
[[2, 5, 3, 4]]
[[2, 5, 4]]
[[2, 5, 4, 3]]
[[3, 4]]
[[3, 4, 5]]
[[3, 5]]
[[3, 5, 4]]
[[4, 5]]
Discarding invalid crossings due to numeric kinematic invariants:
discarded 0 crossings
Completing the permutations:
Permutations of external legs:
[]
[[1, 2]]
[[1, 2], [3, 4]]
[[1, 2], [3, 4, 5]]
[[1, 2], [3, 5]]
[[1, 2], [3, 5, 4]]
[[1, 2], [4, 5]]
[[1, 2, 3]]
[[1, 2, 3], [4, 5]]
[[1, 2, 3, 4]]
[[1, 2, 3, 4, 5]]
[[1, 2, 3, 5]]
[[1, 2, 3, 5, 4]]
[[1, 2, 4]]
[[1, 2, 4], [3, 5]]
[[1, 2, 4, 3]]
[[1, 2, 4, 3, 5]]
[[1, 2, 4, 5]]
[[1, 2, 4, 5, 3]]
[[1, 2, 5]]
[[1, 2, 5], [3, 4]]
[[1, 2, 5, 3]]
[[1, 2, 5, 3, 4]]
[[1, 2, 5, 4]]
[[1, 2, 5, 4, 3]]
[[1, 3]]
[[1, 3], [2, 4]]
[[1, 3], [2, 4, 5]]
[[1, 3], [2, 5]]
[[1, 3], [2, 5, 4]]
[[1, 3], [4, 5]]
[[1, 3, 2]]
[[1, 3, 2], [4, 5]]
[[1, 3, 2, 4]]
[[1, 3, 2, 4, 5]]
[[1, 3, 2, 5]]
[[1, 3, 2, 5, 4]]
[[1, 3, 4]]
[[1, 3, 4], [2, 5]]
[[1, 3, 4, 2]]
[[1, 3, 4, 2, 5]]
[[1, 3, 4, 5]]
[[1, 3, 4, 5, 2]]
[[1, 3, 5]]
[[1, 3, 5], [2, 4]]
[[1, 3, 5, 2]]
[[1, 3, 5, 2, 4]]
[[1, 3, 5, 4]]
[[1, 3, 5, 4, 2]]
[[1, 4]]
[[1, 4], [2, 3]]
[[1, 4], [2, 3, 5]]
[[1, 4], [2, 5]]
[[1, 4], [2, 5, 3]]
[[1, 4], [3, 5]]
[[1, 4, 2]]
[[1, 4, 2], [3, 5]]
[[1, 4, 2, 3]]
[[1, 4, 2, 3, 5]]
[[1, 4, 2, 5]]
[[1, 4, 2, 5, 3]]
[[1, 4, 3]]
[[1, 4, 3], [2, 5]]
[[1, 4, 3, 2]]
[[1, 4, 3, 2, 5]]
[[1, 4, 3, 5]]
[[1, 4, 3, 5, 2]]
[[1, 4, 5]]
[[1, 4, 5], [2, 3]]
[[1, 4, 5, 2]]
[[1, 4, 5, 2, 3]]
[[1, 4, 5, 3]]
[[1, 4, 5, 3, 2]]
[[1, 5]]
[[1, 5], [2, 3]]
[[1, 5], [2, 3, 4]]
[[1, 5], [2, 4]]
[[1, 5], [2, 4, 3]]
[[1, 5], [3, 4]]
[[1, 5, 2]]
[[1, 5, 2], [3, 4]]
[[1, 5, 2, 3]]
[[1, 5, 2, 3, 4]]
[[1, 5, 2, 4]]
[[1, 5, 2, 4, 3]]
[[1, 5, 3]]
[[1, 5, 3], [2, 4]]
[[1, 5, 3, 2]]
[[1, 5, 3, 2, 4]]
[[1, 5, 3, 4]]
[[1, 5, 3, 4, 2]]
[[1, 5, 4]]
[[1, 5, 4], [2, 3]]
[[1, 5, 4, 2]]
[[1, 5, 4, 2, 3]]
[[1, 5, 4, 3]]
[[1, 5, 4, 3, 2]]
[[2, 3]]
[[2, 3], [4, 5]]
[[2, 3, 4]]
[[2, 3, 4, 5]]
[[2, 3, 5]]
[[2, 3, 5, 4]]
[[2, 4]]
[[2, 4], [3, 5]]
[[2, 4, 3]]
[[2, 4, 3, 5]]
[[2, 4, 5]]
[[2, 4, 5, 3]]
[[2, 5]]
[[2, 5], [3, 4]]
[[2, 5, 3]]
[[2, 5, 3, 4]]
[[2, 5, 4]]
[[2, 5, 4, 3]]
[[3, 4]]
[[3, 4, 5]]
[[3, 5]]
[[3, 5, 4]]
[[4, 5]]
Generating crossings:
  generated crossing [[1, 2]]
  generated crossing [[1, 2], [3, 4]]
  generated crossing [[1, 2], [3, 4, 5]]
  generated crossing [[1, 2], [3, 5]]
  generated crossing [[1, 2], [3, 5, 4]]
  generated crossing [[1, 2], [4, 5]]
  generated crossing [[1, 2, 3]]
  generated crossing [[1, 2, 3], [4, 5]]
  generated crossing [[1, 2, 3, 4]]
  generated crossing [[1, 2, 3, 4, 5]]
  generated crossing [[1, 2, 3, 5]]
  generated crossing [[1, 2, 3, 5, 4]]
  generated crossing [[1, 2, 4]]
  generated crossing [[1, 2, 4], [3, 5]]
  generated crossing [[1, 2, 4, 3]]
  generated crossing [[1, 2, 4, 3, 5]]
  generated crossing [[1, 2, 4, 5]]
  generated crossing [[1, 2, 4, 5, 3]]
  generated crossing [[1, 2, 5]]
  generated crossing [[1, 2, 5], [3, 4]]
  generated crossing [[1, 2, 5, 3]]
  generated crossing [[1, 2, 5, 3, 4]]
  generated crossing [[1, 2, 5, 4]]
  generated crossing [[1, 2, 5, 4, 3]]
  generated crossing [[1, 3]]
  generated crossing [[1, 3], [2, 4]]
  generated crossing [[1, 3], [2, 4, 5]]
  generated crossing [[1, 3], [2, 5]]
  generated crossing [[1, 3], [2, 5, 4]]
  generated crossing [[1, 3], [4, 5]]
  generated crossing [[1, 3, 2]]
  generated crossing [[1, 3, 2], [4, 5]]
  generated crossing [[1, 3, 2, 4]]
  generated crossing [[1, 3, 2, 4, 5]]
  generated crossing [[1, 3, 2, 5]]
  generated crossing [[1, 3, 2, 5, 4]]
  generated crossing [[1, 3, 4]]
  generated crossing [[1, 3, 4], [2, 5]]
  generated crossing [[1, 3, 4, 2]]
  generated crossing [[1, 3, 4, 2, 5]]
  generated crossing [[1, 3, 4, 5]]
  generated crossing [[1, 3, 4, 5, 2]]
  generated crossing [[1, 3, 5]]
  generated crossing [[1, 3, 5], [2, 4]]
  generated crossing [[1, 3, 5, 2]]
  generated crossing [[1, 3, 5, 2, 4]]
  generated crossing [[1, 3, 5, 4]]
  generated crossing [[1, 3, 5, 4, 2]]
  generated crossing [[1, 4]]
  generated crossing [[1, 4], [2, 3]]
  generated crossing [[1, 4], [2, 3, 5]]
  generated crossing [[1, 4], [2, 5]]
  generated crossing [[1, 4], [2, 5, 3]]
  generated crossing [[1, 4], [3, 5]]
  generated crossing [[1, 4, 2]]
  generated crossing [[1, 4, 2], [3, 5]]
  generated crossing [[1, 4, 2, 3]]
  generated crossing [[1, 4, 2, 3, 5]]
  generated crossing [[1, 4, 2, 5]]
  generated crossing [[1, 4, 2, 5, 3]]
  generated crossing [[1, 4, 3]]
  generated crossing [[1, 4, 3], [2, 5]]
  generated crossing [[1, 4, 3, 2]]
  generated crossing [[1, 4, 3, 2, 5]]
  generated crossing [[1, 4, 3, 5]]
  generated crossing [[1, 4, 3, 5, 2]]
  generated crossing [[1, 4, 5]]
  generated crossing [[1, 4, 5], [2, 3]]
  generated crossing [[1, 4, 5, 2]]
  generated crossing [[1, 4, 5, 2, 3]]
  generated crossing [[1, 4, 5, 3]]
  generated crossing [[1, 4, 5, 3, 2]]
  generated crossing [[1, 5]]
  generated crossing [[1, 5], [2, 3]]
  generated crossing [[1, 5], [2, 3, 4]]
  generated crossing [[1, 5], [2, 4]]
  generated crossing [[1, 5], [2, 4, 3]]
  generated crossing [[1, 5], [3, 4]]
  generated crossing [[1, 5, 2]]
  generated crossing [[1, 5, 2], [3, 4]]
  generated crossing [[1, 5, 2, 3]]
  generated crossing [[1, 5, 2, 3, 4]]
  generated crossing [[1, 5, 2, 4]]
  generated crossing [[1, 5, 2, 4, 3]]
  generated crossing [[1, 5, 3]]
  generated crossing [[1, 5, 3], [2, 4]]
  generated crossing [[1, 5, 3, 2]]
  generated crossing [[1, 5, 3, 2, 4]]
  generated crossing [[1, 5, 3, 4]]
  generated crossing [[1, 5, 3, 4, 2]]
  generated crossing [[1, 5, 4]]
  generated crossing [[1, 5, 4], [2, 3]]
  generated crossing [[1, 5, 4, 2]]
  generated crossing [[1, 5, 4, 2, 3]]
  generated crossing [[1, 5, 4, 3]]
  generated crossing [[1, 5, 4, 3, 2]]
  generated crossing [[2, 3]]
  generated crossing [[2, 3], [4, 5]]
  generated crossing [[2, 3, 4]]
  generated crossing [[2, 3, 4, 5]]
  generated crossing [[2, 3, 5]]
  generated crossing [[2, 3, 5, 4]]
  generated crossing [[2, 4]]
  generated crossing [[2, 4], [3, 5]]
  generated crossing [[2, 4, 3]]
  generated crossing [[2, 4, 3, 5]]
  generated crossing [[2, 4, 5]]
  generated crossing [[2, 4, 5, 3]]
  generated crossing [[2, 5]]
  generated crossing [[2, 5], [3, 4]]
  generated crossing [[2, 5, 3]]
  generated crossing [[2, 5, 3, 4]]
  generated crossing [[2, 5, 4]]
  generated crossing [[2, 5, 4, 3]]
  generated crossing [[3, 4]]
  generated crossing [[3, 4, 5]]
  generated crossing [[3, 5]]
  generated crossing [[3, 5, 4]]
  generated crossing [[4, 5]]
Number of crossings (identity included): 120
Crossing equivalence: 'x45' -> 'x45'
Crossing equivalence: 'x354' -> 'x354'
Crossing equivalence: 'x35' -> 'x35'
Crossing equivalence: 'x345' -> 'x345'
Crossing equivalence: 'x34' -> 'x34'
Crossing equivalence: 'x2543' -> 'x2543'
Crossing equivalence: 'x254' -> 'x254'
Crossing equivalence: 'x2534' -> 'x2534'
Crossing equivalence: 'x253' -> 'x253'
Crossing equivalence: 'x25x34' -> 'x25x34'
Crossing equivalence: 'x25' -> 'x25'
Crossing equivalence: 'x2453' -> 'x2453'
Crossing equivalence: 'x245' -> 'x245'
Crossing equivalence: 'x2435' -> 'x2435'
Crossing equivalence: 'x243' -> 'x243'
Crossing equivalence: 'x24x35' -> 'x24x35'
Crossing equivalence: 'x24' -> 'x24'
Crossing equivalence: 'x2354' -> 'x2354'
Crossing equivalence: 'x235' -> 'x235'
Crossing equivalence: 'x2345' -> 'x2345'
Crossing equivalence: 'x234' -> 'x234'
Crossing equivalence: 'x23x45' -> 'x23x45'
Crossing equivalence: 'x23' -> 'x23'
Crossing equivalence: 'x15432' -> 'x15432'
Crossing equivalence: 'x1543' -> 'x1543'
Crossing equivalence: 'x15423' -> 'x15423'
Crossing equivalence: 'x1542' -> 'x1542'
Crossing equivalence: 'x154x23' -> 'x154x23'
Crossing equivalence: 'x154' -> 'x154'
Crossing equivalence: 'x15342' -> 'x15342'
Crossing equivalence: 'x1534' -> 'x1534'
Crossing equivalence: 'x15324' -> 'x15324'
Crossing equivalence: 'x1532' -> 'x1532'
Crossing equivalence: 'x153x24' -> 'x153x24'
Crossing equivalence: 'x153' -> 'x153'
Crossing equivalence: 'x15243' -> 'x15243'
Crossing equivalence: 'x1524' -> 'x1524'
Crossing equivalence: 'x15234' -> 'x15234'
Crossing equivalence: 'x1523' -> 'x1523'
Crossing equivalence: 'x152x34' -> 'x152x34'
Crossing equivalence: 'x152' -> 'x152'
Crossing equivalence: 'x15x34' -> 'x15x34'
Crossing equivalence: 'x15x243' -> 'x15x243'
Crossing equivalence: 'x15x24' -> 'x15x24'
Crossing equivalence: 'x15x234' -> 'x15x234'
Crossing equivalence: 'x15x23' -> 'x15x23'
Crossing equivalence: 'x15' -> 'x15'
Crossing equivalence: 'x14532' -> 'x14532'
Crossing equivalence: 'x1453' -> 'x1453'
Crossing equivalence: 'x14523' -> 'x14523'
Crossing equivalence: 'x1452' -> 'x1452'
Crossing equivalence: 'x145x23' -> 'x145x23'
Crossing equivalence: 'x145' -> 'x145'
Crossing equivalence: 'x14352' -> 'x14352'
Crossing equivalence: 'x1435' -> 'x1435'
Crossing equivalence: 'x14325' -> 'x14325'
Crossing equivalence: 'x1432' -> 'x1432'
Crossing equivalence: 'x143x25' -> 'x143x25'
Crossing equivalence: 'x143' -> 'x143'
Crossing equivalence: 'x14253' -> 'x14253'
Crossing equivalence: 'x1425' -> 'x1425'
Crossing equivalence: 'x14235' -> 'x14235'
Crossing equivalence: 'x1423' -> 'x1423'
Crossing equivalence: 'x142x35' -> 'x142x35'
Crossing equivalence: 'x142' -> 'x142'
Crossing equivalence: 'x14x35' -> 'x14x35'
Crossing equivalence: 'x14x253' -> 'x14x253'
Crossing equivalence: 'x14x25' -> 'x14x25'
Crossing equivalence: 'x14x235' -> 'x14x235'
Crossing equivalence: 'x14x23' -> 'x14x23'
Crossing equivalence: 'x14' -> 'x14'
Crossing equivalence: 'x13542' -> 'x13542'
Crossing equivalence: 'x1354' -> 'x1354'
Crossing equivalence: 'x13524' -> 'x13524'
Crossing equivalence: 'x1352' -> 'x1352'
Crossing equivalence: 'x135x24' -> 'x135x24'
Crossing equivalence: 'x135' -> 'x135'
Crossing equivalence: 'x13452' -> 'x13452'
Crossing equivalence: 'x1345' -> 'x1345'
Crossing equivalence: 'x13425' -> 'x13425'
Crossing equivalence: 'x1342' -> 'x1342'
Crossing equivalence: 'x134x25' -> 'x134x25'
Crossing equivalence: 'x134' -> 'x134'
Crossing equivalence: 'x13254' -> 'x13254'
Crossing equivalence: 'x1325' -> 'x1325'
Crossing equivalence: 'x13245' -> 'x13245'
Crossing equivalence: 'x1324' -> 'x1324'
Crossing equivalence: 'x132x45' -> 'x132x45'
Crossing equivalence: 'x132' -> 'x132'
Crossing equivalence: 'x13x45' -> 'x13x45'
Crossing equivalence: 'x13x254' -> 'x13x254'
Crossing equivalence: 'x13x25' -> 'x13x25'
Crossing equivalence: 'x13x245' -> 'x13x245'
Crossing equivalence: 'x13x24' -> 'x13x24'
Crossing equivalence: 'x13' -> 'x13'
Crossing equivalence: 'x12543' -> 'x12543'
Crossing equivalence: 'x1254' -> 'x1254'
Crossing equivalence: 'x12534' -> 'x12534'
Crossing equivalence: 'x1253' -> 'x1253'
Crossing equivalence: 'x125x34' -> 'x125x34'
Crossing equivalence: 'x125' -> 'x125'
Crossing equivalence: 'x12453' -> 'x12453'
Crossing equivalence: 'x1245' -> 'x1245'
Crossing equivalence: 'x12435' -> 'x12435'
Crossing equivalence: 'x1243' -> 'x1243'
Crossing equivalence: 'x124x35' -> 'x124x35'
Crossing equivalence: 'x124' -> 'x124'
Crossing equivalence: 'x12354' -> 'x12354'
Crossing equivalence: 'x1235' -> 'x1235'
Crossing equivalence: 'x12345' -> 'x12345'
Crossing equivalence: 'x1234' -> 'x1234'
Crossing equivalence: 'x123x45' -> 'x123x45'
Crossing equivalence: 'x123' -> 'x123'
Crossing equivalence: 'x12x45' -> 'x12x45'
Crossing equivalence: 'x12x354' -> 'x12x354'
Crossing equivalence: 'x12x35' -> 'x12x35'
Crossing equivalence: 'x12x345' -> 'x12x345'
Crossing equivalence: 'x12x34' -> 'x12x34'
Crossing equivalence: 'x12' -> 'x12'
Crossing equivalence: '' -> ''
No crossings file defined
Crossing equivalence: '' -> ''
Created default crossings for kinematics ''

Saving crossings.

Job done (total time: 0 s)
